{"C:\\Users\\asuss\\OneDrive\\Desktop\\bolt\\backend\\src\\app.js": {"path":"C:\\Users\\asuss\\OneDrive\\Desktop\\bolt\\backend\\src\\app.js","statementMap":{"0":{"start":{"line":11,"column":0},"end":{"line":11,"column":9}},"1":{"start":{"line":13,"column":12},"end":{"line":13,"column":21}},"2":{"start":{"line":17,"column":0},"end":{"line":23,"column":2}},"3":{"start":{"line":24,"column":0},"end":{"line":24,"column":24}},"4":{"start":{"line":25,"column":0},"end":{"line":25,"column":24}},"5":{"start":{"line":27,"column":0},"end":{"line":27,"column":38}},"6":{"start":{"line":28,"column":0},"end":{"line":28,"column":38}},"7":{"start":{"line":29,"column":0},"end":{"line":29,"column":38}},"8":{"start":{"line":30,"column":0},"end":{"line":30,"column":44}},"9":{"start":{"line":33,"column":0},"end":{"line":39,"column":3}},"10":{"start":{"line":34,"column":2},"end":{"line":38,"column":6}}},"fnMap":{"0":{"name":"(anonymous_0)","decl":{"start":{"line":33,"column":13},"end":{"line":33,"column":14}},"loc":{"start":{"line":33,"column":33},"end":{"line":39,"column":1}},"line":33}},"branchMap":{},"s":{"0":2,"1":2,"2":2,"3":2,"4":2,"5":2,"6":2,"7":2,"8":2,"9":2,"10":1},"f":{"0":1},"b":{},"inputSourceMap":null,"_coverageSchema":"1a1c01bbd47fc00a2c39e90264f33305004495a9","hash":"960bbb2001707452cfb406666d0405ff1b8d5912"}
,"C:\\Users\\asuss\\OneDrive\\Desktop\\bolt\\backend\\src\\controllers\\message.controller.js": {"path":"C:\\Users\\asuss\\OneDrive\\Desktop\\bolt\\backend\\src\\controllers\\message.controller.js","statementMap":{"0":{"start":{"line":9,"column":2},"end":{"line":9,"column":56}},"1":{"start":{"line":10,"column":2},"end":{"line":29,"column":3}},"2":{"start":{"line":11,"column":27},"end":{"line":11,"column":39}},"3":{"start":{"line":12,"column":26},"end":{"line":14,"column":26}},"4":{"start":{"line":16,"column":4},"end":{"line":16,"column":65}},"5":{"start":{"line":17,"column":4},"end":{"line":21,"column":7}},"6":{"start":{"line":23,"column":4},"end":{"line":23,"column":45}},"7":{"start":{"line":24,"column":4},"end":{"line":28,"column":7}},"8":{"start":{"line":33,"column":2},"end":{"line":33,"column":59}},"9":{"start":{"line":34,"column":2},"end":{"line":58,"column":3}},"10":{"start":{"line":35,"column":33},"end":{"line":35,"column":43}},"11":{"start":{"line":36,"column":17},"end":{"line":36,"column":29}},"12":{"start":{"line":38,"column":21},"end":{"line":43,"column":6}},"13":{"start":{"line":45,"column":4},"end":{"line":45,"column":68}},"14":{"start":{"line":46,"column":4},"end":{"line":50,"column":7}},"15":{"start":{"line":52,"column":4},"end":{"line":52,"column":45}},"16":{"start":{"line":53,"column":4},"end":{"line":57,"column":7}},"17":{"start":{"line":61,"column":2},"end":{"line":61,"column":59}},"18":{"start":{"line":62,"column":2},"end":{"line":111,"column":3}},"19":{"start":{"line":63,"column":28},"end":{"line":63,"column":36}},"20":{"start":{"line":64,"column":31},"end":{"line":64,"column":41}},"21":{"start":{"line":65,"column":21},"end":{"line":65,"column":33}},"22":{"start":{"line":67,"column":4},"end":{"line":67,"column":74}},"23":{"start":{"line":67,"column":25},"end":{"line":67,"column":74}},"24":{"start":{"line":69,"column":23},"end":{"line":74,"column":6}},"25":{"start":{"line":75,"column":4},"end":{"line":75,"column":28}},"26":{"start":{"line":76,"column":4},"end":{"line":76,"column":61}},"27":{"start":{"line":78,"column":29},"end":{"line":78,"column":60}},"28":{"start":{"line":79,"column":27},"end":{"line":79,"column":56}},"29":{"start":{"line":80,"column":4},"end":{"line":80,"column":79}},"30":{"start":{"line":81,"column":4},"end":{"line":87,"column":5}},"31":{"start":{"line":82,"column":6},"end":{"line":82,"column":61}},"32":{"start":{"line":83,"column":6},"end":{"line":86,"column":8}},"33":{"start":{"line":90,"column":4},"end":{"line":97,"column":5}},"34":{"start":{"line":91,"column":6},"end":{"line":91,"column":59}},"35":{"start":{"line":92,"column":6},"end":{"line":92,"column":59}},"36":{"start":{"line":93,"column":6},"end":{"line":96,"column":8}},"37":{"start":{"line":99,"column":4},"end":{"line":103,"column":7}},"38":{"start":{"line":105,"column":4},"end":{"line":105,"column":45}},"39":{"start":{"line":106,"column":4},"end":{"line":110,"column":7}}},"fnMap":{"0":{"name":"getUsersForSidebar","decl":{"start":{"line":8,"column":22},"end":{"line":8,"column":40}},"loc":{"start":{"line":8,"column":51},"end":{"line":30,"column":1}},"line":8},"1":{"name":"getMessage","decl":{"start":{"line":32,"column":22},"end":{"line":32,"column":32}},"loc":{"start":{"line":32,"column":43},"end":{"line":59,"column":1}},"line":32},"2":{"name":"sendMessage","decl":{"start":{"line":60,"column":22},"end":{"line":60,"column":33}},"loc":{"start":{"line":60,"column":44},"end":{"line":112,"column":1}},"line":60}},"branchMap":{"0":{"loc":{"start":{"line":67,"column":4},"end":{"line":67,"column":74}},"type":"if","locations":[{"start":{"line":67,"column":4},"end":{"line":67,"column":74}},{"start":{},"end":{}}],"line":67},"1":{"loc":{"start":{"line":67,"column":8},"end":{"line":67,"column":23}},"type":"binary-expr","locations":[{"start":{"line":67,"column":8},"end":{"line":67,"column":13}},{"start":{"line":67,"column":17},"end":{"line":67,"column":23}}],"line":67},"2":{"loc":{"start":{"line":81,"column":4},"end":{"line":87,"column":5}},"type":"if","locations":[{"start":{"line":81,"column":4},"end":{"line":87,"column":5}},{"start":{},"end":{}}],"line":81},"3":{"loc":{"start":{"line":90,"column":4},"end":{"line":97,"column":5}},"type":"if","locations":[{"start":{"line":90,"column":4},"end":{"line":97,"column":5}},{"start":{},"end":{}}],"line":90}},"s":{"0":0,"1":0,"2":0,"3":0,"4":0,"5":0,"6":0,"7":0,"8":0,"9":0,"10":0,"11":0,"12":0,"13":0,"14":0,"15":0,"16":0,"17":0,"18":0,"19":0,"20":0,"21":0,"22":0,"23":0,"24":0,"25":0,"26":0,"27":0,"28":0,"29":0,"30":0,"31":0,"32":0,"33":0,"34":0,"35":0,"36":0,"37":0,"38":0,"39":0},"f":{"0":0,"1":0,"2":0},"b":{"0":[0,0],"1":[0,0],"2":[0,0],"3":[0,0]},"inputSourceMap":null,"_coverageSchema":"1a1c01bbd47fc00a2c39e90264f33305004495a9","hash":"bfb1b1486c99278b35a69db41f6c38e6a4e330fc"}
,"C:\\Users\\asuss\\OneDrive\\Desktop\\bolt\\backend\\src\\controllers\\user.controller.js": {"path":"C:\\Users\\asuss\\OneDrive\\Desktop\\bolt\\backend\\src\\controllers\\user.controller.js","statementMap":{"0":{"start":{"line":5,"column":0},"end":{"line":5,"column":16}},"1":{"start":{"line":8,"column":2},"end":{"line":8,"column":54}},"2":{"start":{"line":9,"column":2},"end":{"line":33,"column":3}},"3":{"start":{"line":10,"column":17},"end":{"line":10,"column":25}},"4":{"start":{"line":11,"column":4},"end":{"line":11,"column":65}},"5":{"start":{"line":11,"column":15},"end":{"line":11,"column":65}},"6":{"start":{"line":13,"column":4},"end":{"line":13,"column":80}},"7":{"start":{"line":15,"column":4},"end":{"line":19,"column":7}},"8":{"start":{"line":21,"column":4},"end":{"line":21,"column":45}},"9":{"start":{"line":24,"column":6},"end":{"line":26,"column":44}},"10":{"start":{"line":28,"column":4},"end":{"line":32,"column":7}},"11":{"start":{"line":37,"column":2},"end":{"line":37,"column":61}},"12":{"start":{"line":38,"column":2},"end":{"line":68,"column":3}},"13":{"start":{"line":39,"column":17},"end":{"line":39,"column":25}},"14":{"start":{"line":40,"column":4},"end":{"line":40,"column":65}},"15":{"start":{"line":40,"column":15},"end":{"line":40,"column":65}},"16":{"start":{"line":43,"column":29},"end":{"line":43,"column":37}},"17":{"start":{"line":44,"column":4},"end":{"line":44,"column":31}},"18":{"start":{"line":44,"column":14},"end":{"line":44,"column":31}},"19":{"start":{"line":45,"column":4},"end":{"line":45,"column":37}},"20":{"start":{"line":45,"column":16},"end":{"line":45,"column":37}},"21":{"start":{"line":48,"column":4},"end":{"line":48,"column":22}},"22":{"start":{"line":50,"column":4},"end":{"line":50,"column":80}},"23":{"start":{"line":52,"column":4},"end":{"line":59,"column":7}},"24":{"start":{"line":61,"column":4},"end":{"line":61,"column":45}},"25":{"start":{"line":63,"column":4},"end":{"line":67,"column":7}},"26":{"start":{"line":73,"column":2},"end":{"line":73,"column":59}},"27":{"start":{"line":74,"column":2},"end":{"line":78,"column":5}}},"fnMap":{"0":{"name":"userProfile","decl":{"start":{"line":7,"column":22},"end":{"line":7,"column":33}},"loc":{"start":{"line":7,"column":44},"end":{"line":34,"column":1}},"line":7},"1":{"name":"updateProfileByUser","decl":{"start":{"line":36,"column":22},"end":{"line":36,"column":41}},"loc":{"start":{"line":36,"column":52},"end":{"line":69,"column":1}},"line":36},"2":{"name":"searchUsers","decl":{"start":{"line":72,"column":22},"end":{"line":72,"column":33}},"loc":{"start":{"line":72,"column":44},"end":{"line":79,"column":1}},"line":72}},"branchMap":{"0":{"loc":{"start":{"line":11,"column":4},"end":{"line":11,"column":65}},"type":"if","locations":[{"start":{"line":11,"column":4},"end":{"line":11,"column":65}},{"start":{},"end":{}}],"line":11},"1":{"loc":{"start":{"line":24,"column":6},"end":{"line":26,"column":44}},"type":"cond-expr","locations":[{"start":{"line":25,"column":10},"end":{"line":25,"column":35}},{"start":{"line":26,"column":10},"end":{"line":26,"column":44}}],"line":24},"2":{"loc":{"start":{"line":24,"column":6},"end":{"line":24,"column":78}},"type":"binary-expr","locations":[{"start":{"line":24,"column":6},"end":{"line":24,"column":40}},{"start":{"line":24,"column":44},"end":{"line":24,"column":78}}],"line":24},"3":{"loc":{"start":{"line":40,"column":4},"end":{"line":40,"column":65}},"type":"if","locations":[{"start":{"line":40,"column":4},"end":{"line":40,"column":65}},{"start":{},"end":{}}],"line":40},"4":{"loc":{"start":{"line":44,"column":4},"end":{"line":44,"column":31}},"type":"if","locations":[{"start":{"line":44,"column":4},"end":{"line":44,"column":31}},{"start":{},"end":{}}],"line":44},"5":{"loc":{"start":{"line":45,"column":4},"end":{"line":45,"column":37}},"type":"if","locations":[{"start":{"line":45,"column":4},"end":{"line":45,"column":37}},{"start":{},"end":{}}],"line":45}},"s":{"0":2,"1":0,"2":0,"3":0,"4":0,"5":0,"6":0,"7":0,"8":0,"9":0,"10":0,"11":0,"12":0,"13":0,"14":0,"15":0,"16":0,"17":0,"18":0,"19":0,"20":0,"21":0,"22":0,"23":0,"24":0,"25":0,"26":0,"27":0},"f":{"0":0,"1":0,"2":0},"b":{"0":[0,0],"1":[0,0],"2":[0,0],"3":[0,0],"4":[0,0],"5":[0,0]},"inputSourceMap":null,"_coverageSchema":"1a1c01bbd47fc00a2c39e90264f33305004495a9","hash":"26d1960fc80616f3da3fd97c182c31e44e0d1cc7"}
,"C:\\Users\\asuss\\OneDrive\\Desktop\\bolt\\backend\\src\\controllers\\utils\\constants.js": {"path":"C:\\Users\\asuss\\OneDrive\\Desktop\\bolt\\backend\\src\\controllers\\utils\\constants.js","statementMap":{"0":{"start":{"line":1,"column":28},"end":{"line":10,"column":1}},"1":{"start":{"line":11,"column":30},"end":{"line":15,"column":1}},"2":{"start":{"line":17,"column":24},"end":{"line":81,"column":1}}},"fnMap":{},"branchMap":{},"s":{"0":2,"1":2,"2":2},"f":{},"b":{},"inputSourceMap":null,"_coverageSchema":"1a1c01bbd47fc00a2c39e90264f33305004495a9","hash":"d13c8270eaf73d5e8f9bb114246b50276151b3ef"}
,"C:\\Users\\asuss\\OneDrive\\Desktop\\bolt\\backend\\src\\controllers\\utils\\cookieSetter.js": {"path":"C:\\Users\\asuss\\OneDrive\\Desktop\\bolt\\backend\\src\\controllers\\utils\\cookieSetter.js","statementMap":{"0":{"start":{"line":1,"column":28},"end":{"line":4,"column":1}},"1":{"start":{"line":6,"column":2},"end":{"line":23,"column":4}},"2":{"start":{"line":8,"column":6},"end":{"line":13,"column":9}},"3":{"start":{"line":16,"column":6},"end":{"line":21,"column":9}}},"fnMap":{"0":{"name":"setCookie","decl":{"start":{"line":5,"column":16},"end":{"line":5,"column":25}},"loc":{"start":{"line":5,"column":31},"end":{"line":24,"column":1}},"line":5},"1":{"name":"(anonymous_1)","decl":{"start":{"line":7,"column":20},"end":{"line":7,"column":21}},"loc":{"start":{"line":7,"column":43},"end":{"line":14,"column":5}},"line":7},"2":{"name":"(anonymous_2)","decl":{"start":{"line":15,"column":21},"end":{"line":15,"column":22}},"loc":{"start":{"line":15,"column":45},"end":{"line":22,"column":5}},"line":15}},"branchMap":{},"s":{"0":2,"1":0,"2":0,"3":0},"f":{"0":0,"1":0,"2":0},"b":{},"inputSourceMap":null,"_coverageSchema":"1a1c01bbd47fc00a2c39e90264f33305004495a9","hash":"6ff4a1c9136ab5a2e13955f50a3e47d46fee6613"}
,"C:\\Users\\asuss\\OneDrive\\Desktop\\bolt\\backend\\src\\lib\\socket.js": {"path":"C:\\Users\\asuss\\OneDrive\\Desktop\\bolt\\backend\\src\\lib\\socket.js","statementMap":{"0":{"start":{"line":9,"column":19},"end":{"line":9,"column":36}},"1":{"start":{"line":10,"column":11},"end":{"line":12,"column":2}},"2":{"start":{"line":15,"column":2},"end":{"line":15,"column":31}},"3":{"start":{"line":19,"column":22},"end":{"line":19,"column":24}},"4":{"start":{"line":21,"column":0},"end":{"line":44,"column":3}},"5":{"start":{"line":22,"column":2},"end":{"line":22,"column":67}},"6":{"start":{"line":23,"column":17},"end":{"line":23,"column":46}},"7":{"start":{"line":24,"column":2},"end":{"line":26,"column":3}},"8":{"start":{"line":25,"column":4},"end":{"line":25,"column":67}},"9":{"start":{"line":27,"column":2},"end":{"line":27,"column":48}},"10":{"start":{"line":27,"column":14},"end":{"line":27,"column":48}},"11":{"start":{"line":30,"column":2},"end":{"line":30,"column":56}},"12":{"start":{"line":32,"column":2},"end":{"line":43,"column":5}},"13":{"start":{"line":33,"column":4},"end":{"line":33,"column":67}},"14":{"start":{"line":34,"column":4},"end":{"line":34,"column":33}},"15":{"start":{"line":35,"column":21},"end":{"line":35,"column":31}},"16":{"start":{"line":37,"column":4},"end":{"line":37,"column":34}},"17":{"start":{"line":38,"column":4},"end":{"line":38,"column":58}},"18":{"start":{"line":39,"column":4},"end":{"line":39,"column":48}},"19":{"start":{"line":40,"column":4},"end":{"line":42,"column":5}},"20":{"start":{"line":41,"column":6},"end":{"line":41,"column":67}}},"fnMap":{"0":{"name":"getReceiverSocketId","decl":{"start":{"line":14,"column":16},"end":{"line":14,"column":35}},"loc":{"start":{"line":14,"column":44},"end":{"line":16,"column":1}},"line":14},"1":{"name":"(anonymous_1)","decl":{"start":{"line":21,"column":20},"end":{"line":21,"column":21}},"loc":{"start":{"line":21,"column":38},"end":{"line":44,"column":1}},"line":21},"2":{"name":"(anonymous_2)","decl":{"start":{"line":32,"column":26},"end":{"line":32,"column":27}},"loc":{"start":{"line":32,"column":44},"end":{"line":43,"column":3}},"line":32}},"branchMap":{"0":{"loc":{"start":{"line":24,"column":2},"end":{"line":26,"column":3}},"type":"if","locations":[{"start":{"line":24,"column":2},"end":{"line":26,"column":3}},{"start":{},"end":{}}],"line":24},"1":{"loc":{"start":{"line":27,"column":2},"end":{"line":27,"column":48}},"type":"if","locations":[{"start":{"line":27,"column":2},"end":{"line":27,"column":48}},{"start":{},"end":{}}],"line":27},"2":{"loc":{"start":{"line":40,"column":4},"end":{"line":42,"column":5}},"type":"if","locations":[{"start":{"line":40,"column":4},"end":{"line":42,"column":5}},{"start":{},"end":{}}],"line":40}},"s":{"0":2,"1":2,"2":0,"3":2,"4":2,"5":0,"6":0,"7":0,"8":0,"9":0,"10":0,"11":0,"12":0,"13":0,"14":0,"15":0,"16":0,"17":0,"18":0,"19":0,"20":0},"f":{"0":0,"1":0,"2":0},"b":{"0":[0,0],"1":[0,0],"2":[0,0]},"inputSourceMap":null,"_coverageSchema":"1a1c01bbd47fc00a2c39e90264f33305004495a9","hash":"56ab8ec81d6a3bf9d26143f6a76b122c9b69895a"}
,"C:\\Users\\asuss\\OneDrive\\Desktop\\bolt\\backend\\src\\middleware\\admin.middleware.js": {"path":"C:\\Users\\asuss\\OneDrive\\Desktop\\bolt\\backend\\src\\middleware\\admin.middleware.js","statementMap":{"0":{"start":{"line":9,"column":2},"end":{"line":23,"column":3}},"1":{"start":{"line":10,"column":17},"end":{"line":10,"column":25}},"2":{"start":{"line":11,"column":4},"end":{"line":17,"column":5}},"3":{"start":{"line":12,"column":6},"end":{"line":16,"column":9}},"4":{"start":{"line":19,"column":4},"end":{"line":19,"column":11}},"5":{"start":{"line":21,"column":4},"end":{"line":21,"column":45}},"6":{"start":{"line":22,"column":4},"end":{"line":22,"column":16}}},"fnMap":{"0":{"name":"isAdmin","decl":{"start":{"line":8,"column":16},"end":{"line":8,"column":23}},"loc":{"start":{"line":8,"column":40},"end":{"line":24,"column":1}},"line":8}},"branchMap":{"0":{"loc":{"start":{"line":11,"column":4},"end":{"line":17,"column":5}},"type":"if","locations":[{"start":{"line":11,"column":4},"end":{"line":17,"column":5}},{"start":{},"end":{}}],"line":11}},"s":{"0":0,"1":0,"2":0,"3":0,"4":0,"5":0,"6":0},"f":{"0":0},"b":{"0":[0,0]},"inputSourceMap":null,"_coverageSchema":"1a1c01bbd47fc00a2c39e90264f33305004495a9","hash":"0bdc24bb00cb2aa9a24c61faae2d65018a28f05d"}
,"C:\\Users\\asuss\\OneDrive\\Desktop\\bolt\\backend\\src\\models\\constants.js": {"path":"C:\\Users\\asuss\\OneDrive\\Desktop\\bolt\\backend\\src\\models\\constants.js","statementMap":{"0":{"start":{"line":1,"column":27},"end":{"line":9,"column":1}},"1":{"start":{"line":11,"column":26},"end":{"line":14,"column":1}},"2":{"start":{"line":17,"column":2},"end":{"line":17,"column":82}}},"fnMap":{},"branchMap":{},"s":{"0":2,"1":2,"2":2},"f":{},"b":{},"inputSourceMap":null,"_coverageSchema":"1a1c01bbd47fc00a2c39e90264f33305004495a9","hash":"33726e26a52f9fab5ce28a8b33f219dca0de2365"}
,"C:\\Users\\asuss\\OneDrive\\Desktop\\bolt\\backend\\src\\models\\message.models.js": {"path":"C:\\Users\\asuss\\OneDrive\\Desktop\\bolt\\backend\\src\\models\\message.models.js","statementMap":{"0":{"start":{"line":3,"column":22},"end":{"line":23,"column":1}},"1":{"start":{"line":25,"column":16},"end":{"line":25,"column":56}}},"fnMap":{},"branchMap":{},"s":{"0":2,"1":2},"f":{},"b":{},"inputSourceMap":null,"_coverageSchema":"1a1c01bbd47fc00a2c39e90264f33305004495a9","hash":"94134ef270d081388fcecd37c6b37b08117feb29"}
,"C:\\Users\\asuss\\OneDrive\\Desktop\\bolt\\backend\\src\\modules\\auth\\constants.js": {"path":"C:\\Users\\asuss\\OneDrive\\Desktop\\bolt\\backend\\src\\modules\\auth\\constants.js","statementMap":{"0":{"start":{"line":1,"column":27},"end":{"line":9,"column":1}},"1":{"start":{"line":11,"column":26},"end":{"line":14,"column":1}},"2":{"start":{"line":17,"column":2},"end":{"line":17,"column":82}},"3":{"start":{"line":19,"column":28},"end":{"line":28,"column":1}},"4":{"start":{"line":29,"column":30},"end":{"line":33,"column":1}},"5":{"start":{"line":35,"column":24},"end":{"line":99,"column":1}},"6":{"start":{"line":101,"column":22},"end":{"line":124,"column":1}}},"fnMap":{},"branchMap":{},"s":{"0":3,"1":3,"2":3,"3":3,"4":3,"5":3,"6":3},"f":{},"b":{},"inputSourceMap":null,"_coverageSchema":"1a1c01bbd47fc00a2c39e90264f33305004495a9","hash":"6bb27000e6a433048bb94026fdb095c13b4a8e82"}
,"C:\\Users\\asuss\\OneDrive\\Desktop\\bolt\\backend\\src\\modules\\auth\\protected.middleware.js": {"path":"C:\\Users\\asuss\\OneDrive\\Desktop\\bolt\\backend\\src\\modules\\auth\\protected.middleware.js","statementMap":{"0":{"start":{"line":11,"column":17},"end":{"line":20,"column":1}},"1":{"start":{"line":23,"column":2},"end":{"line":23,"column":57}},"2":{"start":{"line":25,"column":2},"end":{"line":56,"column":3}},"3":{"start":{"line":26,"column":24},"end":{"line":26,"column":62}},"4":{"start":{"line":28,"column":4},"end":{"line":34,"column":5}},"5":{"start":{"line":29,"column":6},"end":{"line":33,"column":9}},"6":{"start":{"line":36,"column":24},"end":{"line":39,"column":5}},"7":{"start":{"line":40,"column":20},"end":{"line":40,"column":79}},"8":{"start":{"line":42,"column":4},"end":{"line":48,"column":5}},"9":{"start":{"line":43,"column":6},"end":{"line":47,"column":9}},"10":{"start":{"line":50,"column":4},"end":{"line":50,"column":23}},"11":{"start":{"line":51,"column":4},"end":{"line":51,"column":56}},"12":{"start":{"line":52,"column":4},"end":{"line":52,"column":11}},"13":{"start":{"line":54,"column":4},"end":{"line":54,"column":45}},"14":{"start":{"line":55,"column":4},"end":{"line":55,"column":16}}},"fnMap":{"0":{"name":"isProtected","decl":{"start":{"line":22,"column":22},"end":{"line":22,"column":33}},"loc":{"start":{"line":22,"column":50},"end":{"line":57,"column":1}},"line":22}},"branchMap":{"0":{"loc":{"start":{"line":28,"column":4},"end":{"line":34,"column":5}},"type":"if","locations":[{"start":{"line":28,"column":4},"end":{"line":34,"column":5}},{"start":{},"end":{}}],"line":28},"1":{"loc":{"start":{"line":42,"column":4},"end":{"line":48,"column":5}},"type":"if","locations":[{"start":{"line":42,"column":4},"end":{"line":48,"column":5}},{"start":{},"end":{}}],"line":42}},"s":{"0":2,"1":3,"2":3,"3":3,"4":3,"5":1,"6":2,"7":2,"8":2,"9":0,"10":2,"11":2,"12":2,"13":0,"14":0},"f":{"0":3},"b":{"0":[1,2],"1":[0,2]},"inputSourceMap":null,"_coverageSchema":"1a1c01bbd47fc00a2c39e90264f33305004495a9","hash":"afa75dde517ec59447b5250c8fe9c888997c2c4f"}
,"C:\\Users\\asuss\\OneDrive\\Desktop\\bolt\\backend\\src\\modules\\auth\\user.controller.js": {"path":"C:\\Users\\asuss\\OneDrive\\Desktop\\bolt\\backend\\src\\modules\\auth\\user.controller.js","statementMap":{"0":{"start":{"line":13,"column":2},"end":{"line":13,"column":53}},"1":{"start":{"line":15,"column":2},"end":{"line":77,"column":3}},"2":{"start":{"line":16,"column":52},"end":{"line":16,"column":60}},"3":{"start":{"line":18,"column":4},"end":{"line":22,"column":5}},"4":{"start":{"line":19,"column":6},"end":{"line":21,"column":8}},"5":{"start":{"line":24,"column":23},"end":{"line":26,"column":6}},"6":{"start":{"line":27,"column":4},"end":{"line":29,"column":5}},"7":{"start":{"line":28,"column":6},"end":{"line":28,"column":70}},"8":{"start":{"line":32,"column":17},"end":{"line":38,"column":6}},"9":{"start":{"line":40,"column":28},"end":{"line":40,"column":52}},"10":{"start":{"line":41,"column":4},"end":{"line":41,"column":47}},"11":{"start":{"line":43,"column":4},"end":{"line":46,"column":6}},"12":{"start":{"line":48,"column":4},"end":{"line":60,"column":7}},"13":{"start":{"line":62,"column":4},"end":{"line":65,"column":6}},"14":{"start":{"line":68,"column":6},"end":{"line":70,"column":44}},"15":{"start":{"line":72,"column":4},"end":{"line":76,"column":7}},"16":{"start":{"line":81,"column":2},"end":{"line":81,"column":52}},"17":{"start":{"line":82,"column":2},"end":{"line":129,"column":3}},"18":{"start":{"line":83,"column":32},"end":{"line":83,"column":40}},"19":{"start":{"line":85,"column":17},"end":{"line":85,"column":74}},"20":{"start":{"line":87,"column":4},"end":{"line":89,"column":5}},"21":{"start":{"line":88,"column":6},"end":{"line":88,"column":61}},"22":{"start":{"line":91,"column":28},"end":{"line":91,"column":52}},"23":{"start":{"line":92,"column":4},"end":{"line":92,"column":47}},"24":{"start":{"line":94,"column":4},"end":{"line":97,"column":6}},"25":{"start":{"line":99,"column":4},"end":{"line":112,"column":7}},"26":{"start":{"line":114,"column":4},"end":{"line":117,"column":6}},"27":{"start":{"line":120,"column":6},"end":{"line":122,"column":44}},"28":{"start":{"line":124,"column":4},"end":{"line":128,"column":7}},"29":{"start":{"line":133,"column":2},"end":{"line":133,"column":53}},"30":{"start":{"line":134,"column":2},"end":{"line":153,"column":3}},"31":{"start":{"line":135,"column":4},"end":{"line":135,"column":47}},"32":{"start":{"line":136,"column":4},"end":{"line":136,"column":63}},"33":{"start":{"line":138,"column":4},"end":{"line":142,"column":7}},"34":{"start":{"line":144,"column":4},"end":{"line":147,"column":6}},"35":{"start":{"line":148,"column":4},"end":{"line":152,"column":7}},"36":{"start":{"line":157,"column":2},"end":{"line":157,"column":57}},"37":{"start":{"line":158,"column":2},"end":{"line":179,"column":3}},"38":{"start":{"line":159,"column":4},"end":{"line":162,"column":6}},"39":{"start":{"line":164,"column":4},"end":{"line":168,"column":7}},"40":{"start":{"line":170,"column":4},"end":{"line":173,"column":6}},"41":{"start":{"line":174,"column":4},"end":{"line":178,"column":7}}},"fnMap":{"0":{"name":"signup","decl":{"start":{"line":12,"column":22},"end":{"line":12,"column":28}},"loc":{"start":{"line":12,"column":39},"end":{"line":78,"column":1}},"line":12},"1":{"name":"login","decl":{"start":{"line":80,"column":22},"end":{"line":80,"column":27}},"loc":{"start":{"line":80,"column":38},"end":{"line":130,"column":1}},"line":80},"2":{"name":"logout","decl":{"start":{"line":132,"column":22},"end":{"line":132,"column":28}},"loc":{"start":{"line":132,"column":39},"end":{"line":154,"column":1}},"line":132},"3":{"name":"getMe","decl":{"start":{"line":156,"column":16},"end":{"line":156,"column":21}},"loc":{"start":{"line":156,"column":32},"end":{"line":180,"column":1}},"line":156}},"branchMap":{"0":{"loc":{"start":{"line":18,"column":4},"end":{"line":22,"column":5}},"type":"if","locations":[{"start":{"line":18,"column":4},"end":{"line":22,"column":5}},{"start":{},"end":{}}],"line":18},"1":{"loc":{"start":{"line":18,"column":8},"end":{"line":18,"column":36}},"type":"binary-expr","locations":[{"start":{"line":18,"column":8},"end":{"line":18,"column":13}},{"start":{"line":18,"column":17},"end":{"line":18,"column":23}},{"start":{"line":18,"column":27},"end":{"line":18,"column":36}}],"line":18},"2":{"loc":{"start":{"line":27,"column":4},"end":{"line":29,"column":5}},"type":"if","locations":[{"start":{"line":27,"column":4},"end":{"line":29,"column":5}},{"start":{},"end":{}}],"line":27},"3":{"loc":{"start":{"line":37,"column":14},"end":{"line":37,"column":53}},"type":"cond-expr","locations":[{"start":{"line":37,"column":30},"end":{"line":37,"column":44}},{"start":{"line":37,"column":47},"end":{"line":37,"column":53}}],"line":37},"4":{"loc":{"start":{"line":68,"column":6},"end":{"line":70,"column":44}},"type":"cond-expr","locations":[{"start":{"line":69,"column":10},"end":{"line":69,"column":34}},{"start":{"line":70,"column":10},"end":{"line":70,"column":44}}],"line":68},"5":{"loc":{"start":{"line":68,"column":6},"end":{"line":68,"column":75}},"type":"binary-expr","locations":[{"start":{"line":68,"column":6},"end":{"line":68,"column":39}},{"start":{"line":68,"column":43},"end":{"line":68,"column":75}}],"line":68},"6":{"loc":{"start":{"line":74,"column":15},"end":{"line":74,"column":63}},"type":"binary-expr","locations":[{"start":{"line":74,"column":15},"end":{"line":74,"column":28}},{"start":{"line":74,"column":32},"end":{"line":74,"column":63}}],"line":74},"7":{"loc":{"start":{"line":87,"column":4},"end":{"line":89,"column":5}},"type":"if","locations":[{"start":{"line":87,"column":4},"end":{"line":89,"column":5}},{"start":{},"end":{}}],"line":87},"8":{"loc":{"start":{"line":87,"column":8},"end":{"line":87,"column":74}},"type":"binary-expr","locations":[{"start":{"line":87,"column":8},"end":{"line":87,"column":13}},{"start":{"line":87,"column":17},"end":{"line":87,"column":31}},{"start":{"line":87,"column":35},"end":{"line":87,"column":74}}],"line":87},"9":{"loc":{"start":{"line":120,"column":6},"end":{"line":122,"column":44}},"type":"cond-expr","locations":[{"start":{"line":121,"column":10},"end":{"line":121,"column":34}},{"start":{"line":122,"column":10},"end":{"line":122,"column":44}}],"line":120},"10":{"loc":{"start":{"line":120,"column":6},"end":{"line":120,"column":76}},"type":"binary-expr","locations":[{"start":{"line":120,"column":6},"end":{"line":120,"column":39}},{"start":{"line":120,"column":43},"end":{"line":120,"column":76}}],"line":120},"11":{"loc":{"start":{"line":126,"column":15},"end":{"line":126,"column":63}},"type":"binary-expr","locations":[{"start":{"line":126,"column":15},"end":{"line":126,"column":28}},{"start":{"line":126,"column":32},"end":{"line":126,"column":63}}],"line":126},"12":{"loc":{"start":{"line":150,"column":15},"end":{"line":150,"column":63}},"type":"binary-expr","locations":[{"start":{"line":150,"column":15},"end":{"line":150,"column":28}},{"start":{"line":150,"column":32},"end":{"line":150,"column":63}}],"line":150},"13":{"loc":{"start":{"line":176,"column":15},"end":{"line":176,"column":63}},"type":"binary-expr","locations":[{"start":{"line":176,"column":15},"end":{"line":176,"column":28}},{"start":{"line":176,"column":32},"end":{"line":176,"column":63}}],"line":176}},"s":{"0":6,"1":6,"2":6,"3":6,"4":0,"5":6,"6":6,"7":1,"8":5,"9":5,"10":5,"11":5,"12":5,"13":1,"14":1,"15":1,"16":5,"17":5,"18":5,"19":5,"20":5,"21":1,"22":4,"23":4,"24":4,"25":4,"26":1,"27":1,"28":1,"29":2,"30":2,"31":2,"32":2,"33":2,"34":0,"35":0,"36":2,"37":2,"38":2,"39":2,"40":0,"41":0},"f":{"0":6,"1":5,"2":2,"3":2},"b":{"0":[0,6],"1":[6,6,6],"2":[1,5],"3":[0,5],"4":[1,0],"5":[1,1],"6":[1,0],"7":[1,4],"8":[5,5,5],"9":[1,0],"10":[1,1],"11":[1,0],"12":[0,0],"13":[0,0]},"inputSourceMap":null,"_coverageSchema":"1a1c01bbd47fc00a2c39e90264f33305004495a9","hash":"15c126bc04abf1dc37a05cbb89c27cfa71216c19"}
,"C:\\Users\\asuss\\OneDrive\\Desktop\\bolt\\backend\\src\\modules\\auth\\user.model.js": {"path":"C:\\Users\\asuss\\OneDrive\\Desktop\\bolt\\backend\\src\\modules\\auth\\user.model.js","statementMap":{"0":{"start":{"line":6,"column":19},"end":{"line":36,"column":1}},"1":{"start":{"line":39,"column":0},"end":{"line":49,"column":3}},"2":{"start":{"line":40,"column":2},"end":{"line":40,"column":50}},"3":{"start":{"line":40,"column":36},"end":{"line":40,"column":50}},"4":{"start":{"line":41,"column":2},"end":{"line":48,"column":3}},"5":{"start":{"line":42,"column":17},"end":{"line":42,"column":39}},"6":{"start":{"line":43,"column":4},"end":{"line":43,"column":59}},"7":{"start":{"line":44,"column":4},"end":{"line":44,"column":11}},"8":{"start":{"line":46,"column":4},"end":{"line":46,"column":57}},"9":{"start":{"line":47,"column":4},"end":{"line":47,"column":16}},"10":{"start":{"line":52,"column":0},"end":{"line":54,"column":2}},"11":{"start":{"line":53,"column":2},"end":{"line":53,"column":49}},"12":{"start":{"line":56,"column":20},"end":{"line":56,"column":78}}},"fnMap":{"0":{"name":"(anonymous_0)","decl":{"start":{"line":39,"column":23},"end":{"line":39,"column":24}},"loc":{"start":{"line":39,"column":45},"end":{"line":49,"column":1}},"line":39},"1":{"name":"(anonymous_1)","decl":{"start":{"line":52,"column":37},"end":{"line":52,"column":38}},"loc":{"start":{"line":52,"column":63},"end":{"line":54,"column":1}},"line":52}},"branchMap":{"0":{"loc":{"start":{"line":40,"column":2},"end":{"line":40,"column":50}},"type":"if","locations":[{"start":{"line":40,"column":2},"end":{"line":40,"column":50}},{"start":{},"end":{}}],"line":40},"1":{"loc":{"start":{"line":56,"column":20},"end":{"line":56,"column":78}},"type":"binary-expr","locations":[{"start":{"line":56,"column":20},"end":{"line":56,"column":40}},{"start":{"line":56,"column":44},"end":{"line":56,"column":78}}],"line":56}},"s":{"0":2,"1":2,"2":4,"3":0,"4":4,"5":4,"6":4,"7":4,"8":0,"9":0,"10":2,"11":3,"12":2},"f":{"0":4,"1":3},"b":{"0":[0,4],"1":[2,2]},"inputSourceMap":null,"_coverageSchema":"1a1c01bbd47fc00a2c39e90264f33305004495a9","hash":"c4444875b1190a4643aa3952079b7fc4b2250356"}
,"C:\\Users\\asuss\\OneDrive\\Desktop\\bolt\\backend\\src\\modules\\auth\\user.routes.js": {"path":"C:\\Users\\asuss\\OneDrive\\Desktop\\bolt\\backend\\src\\modules\\auth\\user.routes.js","statementMap":{"0":{"start":{"line":6,"column":22},"end":{"line":6,"column":30}},"1":{"start":{"line":8,"column":0},"end":{"line":8,"column":40}},"2":{"start":{"line":9,"column":0},"end":{"line":9,"column":38}},"3":{"start":{"line":11,"column":0},"end":{"line":11,"column":52}},"4":{"start":{"line":12,"column":0},"end":{"line":12,"column":47}}},"fnMap":{},"branchMap":{},"s":{"0":2,"1":2,"2":2,"3":2,"4":2},"f":{},"b":{},"inputSourceMap":null,"_coverageSchema":"1a1c01bbd47fc00a2c39e90264f33305004495a9","hash":"e09dd522fc434e298c93e9360f2a5c4d2d1227cb"}
,"C:\\Users\\asuss\\OneDrive\\Desktop\\bolt\\backend\\src\\routes\\constants.js": {"path":"C:\\Users\\asuss\\OneDrive\\Desktop\\bolt\\backend\\src\\routes\\constants.js","statementMap":{"0":{"start":{"line":1,"column":22},"end":{"line":25,"column":1}}},"fnMap":{},"branchMap":{},"s":{"0":2},"f":{},"b":{},"inputSourceMap":null,"_coverageSchema":"1a1c01bbd47fc00a2c39e90264f33305004495a9","hash":"c2dbf666d98c326776819497f5ad6c6093422212"}
,"C:\\Users\\asuss\\OneDrive\\Desktop\\bolt\\backend\\src\\routes\\message.routes.js": {"path":"C:\\Users\\asuss\\OneDrive\\Desktop\\bolt\\backend\\src\\routes\\message.routes.js","statementMap":{"0":{"start":{"line":10,"column":22},"end":{"line":10,"column":30}},"1":{"start":{"line":12,"column":0},"end":{"line":12,"column":78}},"2":{"start":{"line":13,"column":0},"end":{"line":13,"column":64}},"3":{"start":{"line":15,"column":0},"end":{"line":15,"column":67}}},"fnMap":{},"branchMap":{},"s":{"0":2,"1":2,"2":2,"3":2},"f":{},"b":{},"inputSourceMap":null,"_coverageSchema":"1a1c01bbd47fc00a2c39e90264f33305004495a9","hash":"35ff40e5a7234cb734c15ac400dd41213f562ec1"}
,"C:\\Users\\asuss\\OneDrive\\Desktop\\bolt\\backend\\src\\routes\\user.routes.js": {"path":"C:\\Users\\asuss\\OneDrive\\Desktop\\bolt\\backend\\src\\routes\\user.routes.js","statementMap":{"0":{"start":{"line":10,"column":22},"end":{"line":10,"column":30}},"1":{"start":{"line":12,"column":0},"end":{"line":12,"column":58}},"2":{"start":{"line":15,"column":0},"end":{"line":15,"column":66}}},"fnMap":{},"branchMap":{},"s":{"0":2,"1":2,"2":2},"f":{},"b":{},"inputSourceMap":null,"_coverageSchema":"1a1c01bbd47fc00a2c39e90264f33305004495a9","hash":"6a3485984f1ebfb4b3b94b72a9e80bdc2c6ed145"}
,"C:\\Users\\asuss\\OneDrive\\Desktop\\bolt\\backend\\src\\utils\\cookieSetter.js": {"path":"C:\\Users\\asuss\\OneDrive\\Desktop\\bolt\\backend\\src\\utils\\cookieSetter.js","statementMap":{"0":{"start":{"line":1,"column":28},"end":{"line":3,"column":1}},"1":{"start":{"line":5,"column":2},"end":{"line":14,"column":4}},"2":{"start":{"line":7,"column":6},"end":{"line":12,"column":9}}},"fnMap":{"0":{"name":"setCookie","decl":{"start":{"line":4,"column":16},"end":{"line":4,"column":25}},"loc":{"start":{"line":4,"column":31},"end":{"line":15,"column":1}},"line":4},"1":{"name":"(anonymous_1)","decl":{"start":{"line":6,"column":20},"end":{"line":6,"column":21}},"loc":{"start":{"line":6,"column":43},"end":{"line":13,"column":5}},"line":6}},"branchMap":{},"s":{"0":3,"1":9,"2":9},"f":{"0":9,"1":9},"b":{},"inputSourceMap":null,"_coverageSchema":"1a1c01bbd47fc00a2c39e90264f33305004495a9","hash":"98d9dfa03cb1d8690d3817ab916ea9c1e5f6dd88"}
,"C:\\Users\\asuss\\OneDrive\\Desktop\\bolt\\backend\\src\\utils\\logger.js": {"path":"C:\\Users\\asuss\\OneDrive\\Desktop\\bolt\\backend\\src\\utils\\logger.js","statementMap":{"0":{"start":{"line":5,"column":2},"end":{"line":5,"column":53}},"1":{"start":{"line":9,"column":16},"end":{"line":9,"column":33}},"2":{"start":{"line":10,"column":21},"end":{"line":10,"column":38}},"3":{"start":{"line":13,"column":16},"end":{"line":13,"column":48}},"4":{"start":{"line":14,"column":23},"end":{"line":14,"column":59}},"5":{"start":{"line":16,"column":2},"end":{"line":16,"column":29}},"6":{"start":{"line":20,"column":2},"end":{"line":28,"column":5}},"7":{"start":{"line":32,"column":2},"end":{"line":36,"column":4}},"8":{"start":{"line":40,"column":2},"end":{"line":44,"column":4}},"9":{"start":{"line":48,"column":2},"end":{"line":52,"column":4}},"10":{"start":{"line":56,"column":2},"end":{"line":60,"column":4}}},"fnMap":{"0":{"name":"getFilename","decl":{"start":{"line":4,"column":9},"end":{"line":4,"column":20}},"loc":{"start":{"line":4,"column":36},"end":{"line":6,"column":1}},"line":4},"1":{"name":"getFunctionNameAndSignature","decl":{"start":{"line":8,"column":9},"end":{"line":8,"column":36}},"loc":{"start":{"line":8,"column":39},"end":{"line":17,"column":1}},"line":8},"2":{"name":"getFormattedTimestamp","decl":{"start":{"line":19,"column":9},"end":{"line":19,"column":30}},"loc":{"start":{"line":19,"column":33},"end":{"line":29,"column":1}},"line":19},"3":{"name":"logError","decl":{"start":{"line":31,"column":16},"end":{"line":31,"column":24}},"loc":{"start":{"line":31,"column":54},"end":{"line":37,"column":1}},"line":31},"4":{"name":"logWarning","decl":{"start":{"line":39,"column":16},"end":{"line":39,"column":26}},"loc":{"start":{"line":39,"column":58},"end":{"line":45,"column":1}},"line":39},"5":{"name":"logSuccess","decl":{"start":{"line":47,"column":16},"end":{"line":47,"column":26}},"loc":{"start":{"line":47,"column":58},"end":{"line":53,"column":1}},"line":47},"6":{"name":"logInfo","decl":{"start":{"line":55,"column":16},"end":{"line":55,"column":23}},"loc":{"start":{"line":55,"column":52},"end":{"line":61,"column":1}},"line":55}},"branchMap":{"0":{"loc":{"start":{"line":14,"column":23},"end":{"line":14,"column":59}},"type":"cond-expr","locations":[{"start":{"line":14,"column":31},"end":{"line":14,"column":39}},{"start":{"line":14,"column":42},"end":{"line":14,"column":59}}],"line":14}},"s":{"0":35,"1":35,"2":35,"3":35,"4":35,"5":35,"6":35,"7":2,"8":0,"9":13,"10":20},"f":{"0":35,"1":35,"2":35,"3":2,"4":0,"5":13,"6":20},"b":{"0":[35,0]},"inputSourceMap":null,"_coverageSchema":"1a1c01bbd47fc00a2c39e90264f33305004495a9","hash":"96b9b004eed2403e40439f17823d2b9cb9506398"}
,"C:\\Users\\asuss\\OneDrive\\Desktop\\bolt\\backend\\src\\utils\\tokenGenerator.js": {"path":"C:\\Users\\asuss\\OneDrive\\Desktop\\bolt\\backend\\src\\utils\\tokenGenerator.js","statementMap":{"0":{"start":{"line":3,"column":0},"end":{"line":3,"column":16}},"1":{"start":{"line":5,"column":28},"end":{"line":5,"column":59}},"2":{"start":{"line":8,"column":2},"end":{"line":8,"column":72}},"3":{"start":{"line":13,"column":2},"end":{"line":15,"column":4}}},"fnMap":{"0":{"name":"generateAccessToken","decl":{"start":{"line":7,"column":16},"end":{"line":7,"column":35}},"loc":{"start":{"line":7,"column":44},"end":{"line":9,"column":1}},"line":7},"1":{"name":"generateTokens","decl":{"start":{"line":12,"column":16},"end":{"line":12,"column":30}},"loc":{"start":{"line":12,"column":39},"end":{"line":16,"column":1}},"line":12}},"branchMap":{},"s":{"0":3,"1":3,"2":9,"3":9},"f":{"0":9,"1":9},"b":{},"inputSourceMap":null,"_coverageSchema":"1a1c01bbd47fc00a2c39e90264f33305004495a9","hash":"fbbebdada76323de7e7d39016f5baa0781f7600f"}
}
