{"C:\\Users\\asuss\\OneDrive\\Desktop\\bolt\\backend\\src\\app.js": {"path":"C:\\Users\\asuss\\OneDrive\\Desktop\\bolt\\backend\\src\\app.js","statementMap":{"0":{"start":{"line":16,"column":19},"end":{"line":16,"column":28}},"1":{"start":{"line":18,"column":19},"end":{"line":18,"column":36}},"2":{"start":{"line":20,"column":23},"end":{"line":24,"column":1}},"3":{"start":{"line":26,"column":11},"end":{"line":40,"column":2}},"4":{"start":{"line":29,"column":6},"end":{"line":36,"column":7}},"5":{"start":{"line":30,"column":10},"end":{"line":30,"column":79}},"6":{"start":{"line":33,"column":8},"end":{"line":33,"column":29}},"7":{"start":{"line":35,"column":8},"end":{"line":35,"column":58}},"8":{"start":{"line":43,"column":0},"end":{"line":43,"column":22}},"9":{"start":{"line":45,"column":0},"end":{"line":60,"column":2}},"10":{"start":{"line":48,"column":6},"end":{"line":55,"column":7}},"11":{"start":{"line":49,"column":10},"end":{"line":49,"column":79}},"12":{"start":{"line":52,"column":8},"end":{"line":52,"column":29}},"13":{"start":{"line":54,"column":8},"end":{"line":54,"column":51}},"14":{"start":{"line":62,"column":0},"end":{"line":72,"column":2}},"15":{"start":{"line":66,"column":18},"end":{"line":66,"column":32}},"16":{"start":{"line":67,"column":6},"end":{"line":69,"column":7}},"17":{"start":{"line":68,"column":8},"end":{"line":68,"column":60}},"18":{"start":{"line":73,"column":0},"end":{"line":73,"column":24}},"19":{"start":{"line":75,"column":0},"end":{"line":75,"column":33}},"20":{"start":{"line":76,"column":0},"end":{"line":76,"column":33}},"21":{"start":{"line":77,"column":0},"end":{"line":77,"column":36}},"22":{"start":{"line":79,"column":0},"end":{"line":79,"column":22}},"23":{"start":{"line":81,"column":0},"end":{"line":87,"column":3}},"24":{"start":{"line":83,"column":2},"end":{"line":86,"column":4}},"25":{"start":{"line":90,"column":20},"end":{"line":90,"column":22}},"26":{"start":{"line":92,"column":2},"end":{"line":92,"column":29}},"27":{"start":{"line":95,"column":0},"end":{"line":212,"column":3}},"28":{"start":{"line":96,"column":2},"end":{"line":96,"column":67}},"29":{"start":{"line":97,"column":17},"end":{"line":97,"column":46}},"30":{"start":{"line":98,"column":2},"end":{"line":101,"column":3}},"31":{"start":{"line":99,"column":4},"end":{"line":99,"column":24}},"32":{"start":{"line":100,"column":4},"end":{"line":100,"column":11}},"33":{"start":{"line":104,"column":27},"end":{"line":104,"column":46}},"34":{"start":{"line":105,"column":2},"end":{"line":110,"column":3}},"35":{"start":{"line":106,"column":4},"end":{"line":109,"column":6}},"36":{"start":{"line":112,"column":2},"end":{"line":112,"column":46}},"37":{"start":{"line":112,"column":14},"end":{"line":112,"column":46}},"38":{"start":{"line":114,"column":2},"end":{"line":114,"column":52}},"39":{"start":{"line":116,"column":2},"end":{"line":142,"column":4}},"40":{"start":{"line":119,"column":6},"end":{"line":119,"column":67}},"41":{"start":{"line":120,"column":29},"end":{"line":126,"column":7}},"42":{"start":{"line":128,"column":6},"end":{"line":131,"column":8}},"43":{"start":{"line":132,"column":6},"end":{"line":132,"column":68}},"44":{"start":{"line":135,"column":6},"end":{"line":140,"column":9}},"45":{"start":{"line":136,"column":8},"end":{"line":136,"column":64}},"46":{"start":{"line":137,"column":8},"end":{"line":139,"column":11}},"47":{"start":{"line":144,"column":2},"end":{"line":183,"column":5}},"48":{"start":{"line":146,"column":23},"end":{"line":146,"column":51}},"49":{"start":{"line":147,"column":4},"end":{"line":150,"column":5}},"50":{"start":{"line":148,"column":6},"end":{"line":148,"column":54}},"51":{"start":{"line":149,"column":6},"end":{"line":149,"column":13}},"52":{"start":{"line":152,"column":4},"end":{"line":182,"column":7}},"53":{"start":{"line":153,"column":6},"end":{"line":181,"column":7}},"54":{"start":{"line":154,"column":26},"end":{"line":156,"column":9}},"55":{"start":{"line":155,"column":18},"end":{"line":155,"column":49}},"56":{"start":{"line":157,"column":23},"end":{"line":160,"column":9}},"57":{"start":{"line":162,"column":8},"end":{"line":165,"column":10}},"58":{"start":{"line":168,"column":8},"end":{"line":172,"column":11}},"59":{"start":{"line":174,"column":8},"end":{"line":174,"column":66}},"60":{"start":{"line":177,"column":8},"end":{"line":180,"column":11}},"61":{"start":{"line":185,"column":2},"end":{"line":211,"column":5}},"62":{"start":{"line":186,"column":4},"end":{"line":186,"column":71}},"63":{"start":{"line":188,"column":19},"end":{"line":190,"column":5}},"64":{"start":{"line":189,"column":15},"end":{"line":189,"column":45}},"65":{"start":{"line":192,"column":4},"end":{"line":192,"column":31}},"66":{"start":{"line":194,"column":4},"end":{"line":194,"column":54}},"67":{"start":{"line":196,"column":4},"end":{"line":210,"column":5}},"68":{"start":{"line":197,"column":23},"end":{"line":197,"column":33}},"69":{"start":{"line":199,"column":6},"end":{"line":203,"column":9}},"70":{"start":{"line":202,"column":8},"end":{"line":202,"column":63}},"71":{"start":{"line":206,"column":6},"end":{"line":209,"column":9}},"72":{"start":{"line":215,"column":2},"end":{"line":215,"column":12}}},"fnMap":{"0":{"name":"(anonymous_0)","decl":{"start":{"line":28,"column":12},"end":{"line":28,"column":13}},"loc":{"start":{"line":28,"column":34},"end":{"line":37,"column":5}},"line":28},"1":{"name":"(anonymous_1)","decl":{"start":{"line":29,"column":41},"end":{"line":29,"column":42}},"loc":{"start":{"line":30,"column":10},"end":{"line":30,"column":79}},"line":30},"2":{"name":"(anonymous_2)","decl":{"start":{"line":47,"column":12},"end":{"line":47,"column":13}},"loc":{"start":{"line":47,"column":40},"end":{"line":56,"column":5}},"line":47},"3":{"name":"(anonymous_3)","decl":{"start":{"line":48,"column":41},"end":{"line":48,"column":42}},"loc":{"start":{"line":49,"column":10},"end":{"line":49,"column":79}},"line":49},"4":{"name":"(anonymous_4)","decl":{"start":{"line":65,"column":12},"end":{"line":65,"column":13}},"loc":{"start":{"line":65,"column":31},"end":{"line":70,"column":5}},"line":65},"5":{"name":"(anonymous_5)","decl":{"start":{"line":81,"column":13},"end":{"line":81,"column":14}},"loc":{"start":{"line":81,"column":33},"end":{"line":87,"column":1}},"line":81},"6":{"name":"getSocketId","decl":{"start":{"line":91,"column":16},"end":{"line":91,"column":27}},"loc":{"start":{"line":91,"column":36},"end":{"line":93,"column":1}},"line":91},"7":{"name":"(anonymous_7)","decl":{"start":{"line":95,"column":20},"end":{"line":95,"column":21}},"loc":{"start":{"line":95,"column":38},"end":{"line":212,"column":1}},"line":95},"8":{"name":"(anonymous_8)","decl":{"start":{"line":118,"column":4},"end":{"line":118,"column":5}},"loc":{"start":{"line":118,"column":47},"end":{"line":141,"column":5}},"line":118},"9":{"name":"(anonymous_9)","decl":{"start":{"line":135,"column":43},"end":{"line":135,"column":44}},"loc":{"start":{"line":135,"column":52},"end":{"line":140,"column":7}},"line":135},"10":{"name":"(anonymous_10)","decl":{"start":{"line":144,"column":31},"end":{"line":144,"column":32}},"loc":{"start":{"line":144,"column":46},"end":{"line":183,"column":3}},"line":144},"11":{"name":"(anonymous_11)","decl":{"start":{"line":152,"column":17},"end":{"line":152,"column":18}},"loc":{"start":{"line":152,"column":29},"end":{"line":182,"column":5}},"line":152},"12":{"name":"(anonymous_12)","decl":{"start":{"line":155,"column":10},"end":{"line":155,"column":11}},"loc":{"start":{"line":155,"column":18},"end":{"line":155,"column":49}},"line":155},"13":{"name":"(anonymous_13)","decl":{"start":{"line":185,"column":26},"end":{"line":185,"column":27}},"loc":{"start":{"line":185,"column":44},"end":{"line":211,"column":3}},"line":185},"14":{"name":"(anonymous_14)","decl":{"start":{"line":189,"column":6},"end":{"line":189,"column":7}},"loc":{"start":{"line":189,"column":15},"end":{"line":189,"column":45}},"line":189},"15":{"name":"(anonymous_15)","decl":{"start":{"line":201,"column":15},"end":{"line":201,"column":16}},"loc":{"start":{"line":201,"column":24},"end":{"line":203,"column":7}},"line":201},"16":{"name":"getSocket","decl":{"start":{"line":214,"column":16},"end":{"line":214,"column":25}},"loc":{"start":{"line":214,"column":28},"end":{"line":216,"column":1}},"line":214}},"branchMap":{"0":{"loc":{"start":{"line":29,"column":6},"end":{"line":36,"column":7}},"type":"if","locations":[{"start":{"line":29,"column":6},"end":{"line":36,"column":7}},{"start":{"line":34,"column":13},"end":{"line":36,"column":7}}],"line":29},"1":{"loc":{"start":{"line":29,"column":10},"end":{"line":31,"column":9}},"type":"binary-expr","locations":[{"start":{"line":29,"column":10},"end":{"line":29,"column":17}},{"start":{"line":29,"column":21},"end":{"line":31,"column":9}}],"line":29},"2":{"loc":{"start":{"line":30,"column":10},"end":{"line":30,"column":79}},"type":"cond-expr","locations":[{"start":{"line":30,"column":38},"end":{"line":30,"column":58}},{"start":{"line":30,"column":61},"end":{"line":30,"column":79}}],"line":30},"3":{"loc":{"start":{"line":48,"column":6},"end":{"line":55,"column":7}},"type":"if","locations":[{"start":{"line":48,"column":6},"end":{"line":55,"column":7}},{"start":{"line":53,"column":13},"end":{"line":55,"column":7}}],"line":48},"4":{"loc":{"start":{"line":48,"column":10},"end":{"line":50,"column":9}},"type":"binary-expr","locations":[{"start":{"line":48,"column":10},"end":{"line":48,"column":17}},{"start":{"line":48,"column":21},"end":{"line":50,"column":9}}],"line":48},"5":{"loc":{"start":{"line":49,"column":10},"end":{"line":49,"column":79}},"type":"cond-expr","locations":[{"start":{"line":49,"column":38},"end":{"line":49,"column":58}},{"start":{"line":49,"column":61},"end":{"line":49,"column":79}}],"line":49},"6":{"loc":{"start":{"line":67,"column":6},"end":{"line":69,"column":7}},"type":"if","locations":[{"start":{"line":67,"column":6},"end":{"line":69,"column":7}},{"start":{},"end":{}}],"line":67},"7":{"loc":{"start":{"line":98,"column":2},"end":{"line":101,"column":3}},"type":"if","locations":[{"start":{"line":98,"column":2},"end":{"line":101,"column":3}},{"start":{},"end":{}}],"line":98},"8":{"loc":{"start":{"line":105,"column":2},"end":{"line":110,"column":3}},"type":"if","locations":[{"start":{"line":105,"column":2},"end":{"line":110,"column":3}},{"start":{},"end":{}}],"line":105},"9":{"loc":{"start":{"line":105,"column":6},"end":{"line":105,"column":56}},"type":"binary-expr","locations":[{"start":{"line":105,"column":6},"end":{"line":105,"column":22}},{"start":{"line":105,"column":26},"end":{"line":105,"column":56}}],"line":105},"10":{"loc":{"start":{"line":112,"column":2},"end":{"line":112,"column":46}},"type":"if","locations":[{"start":{"line":112,"column":2},"end":{"line":112,"column":46}},{"start":{},"end":{}}],"line":112},"11":{"loc":{"start":{"line":147,"column":4},"end":{"line":150,"column":5}},"type":"if","locations":[{"start":{"line":147,"column":4},"end":{"line":150,"column":5}},{"start":{},"end":{}}],"line":147},"12":{"loc":{"start":{"line":147,"column":8},"end":{"line":147,"column":61}},"type":"binary-expr","locations":[{"start":{"line":147,"column":8},"end":{"line":147,"column":34}},{"start":{"line":147,"column":38},"end":{"line":147,"column":61}}],"line":147},"13":{"loc":{"start":{"line":196,"column":4},"end":{"line":210,"column":5}},"type":"if","locations":[{"start":{"line":196,"column":4},"end":{"line":210,"column":5}},{"start":{},"end":{}}],"line":196}},"s":{"0":1,"1":1,"2":1,"3":1,"4":0,"5":0,"6":0,"7":0,"8":1,"9":1,"10":10,"11":0,"12":10,"13":0,"14":1,"15":7,"16":7,"17":0,"18":1,"19":1,"20":1,"21":1,"22":1,"23":1,"24":0,"25":1,"26":0,"27":1,"28":0,"29":0,"30":0,"31":0,"32":0,"33":0,"34":0,"35":0,"36":0,"37":0,"38":0,"39":0,"40":0,"41":0,"42":0,"43":0,"44":0,"45":0,"46":0,"47":0,"48":0,"49":0,"50":0,"51":0,"52":0,"53":0,"54":0,"55":0,"56":0,"57":0,"58":0,"59":0,"60":0,"61":0,"62":0,"63":0,"64":0,"65":0,"66":0,"67":0,"68":0,"69":0,"70":0,"71":0,"72":0},"f":{"0":0,"1":0,"2":10,"3":0,"4":7,"5":0,"6":0,"7":0,"8":0,"9":0,"10":0,"11":0,"12":0,"13":0,"14":0,"15":0,"16":0},"b":{"0":[0,0],"1":[0,0],"2":[0,0],"3":[10,0],"4":[10,0],"5":[0,0],"6":[0,7],"7":[0,0],"8":[0,0],"9":[0,0],"10":[0,0],"11":[0,0],"12":[0,0],"13":[0,0]},"inputSourceMap":null,"_coverageSchema":"1a1c01bbd47fc00a2c39e90264f33305004495a9","hash":"203288879ef449603312a7d759ee074f727634cc"}
,"C:\\Users\\asuss\\OneDrive\\Desktop\\bolt\\backend\\src\\config\\cloudinary.js": {"path":"C:\\Users\\asuss\\OneDrive\\Desktop\\bolt\\backend\\src\\config\\cloudinary.js","statementMap":{"0":{"start":{"line":3,"column":0},"end":{"line":3,"column":16}},"1":{"start":{"line":5,"column":0},"end":{"line":9,"column":3}}},"fnMap":{},"branchMap":{},"s":{"0":1,"1":1},"f":{},"b":{},"inputSourceMap":null,"_coverageSchema":"1a1c01bbd47fc00a2c39e90264f33305004495a9","hash":"e02f56041f2e8ad74850f1dfd1a54a0a5a78e4a5"}
,"C:\\Users\\asuss\\OneDrive\\Desktop\\bolt\\backend\\src\\config\\multer.js": {"path":"C:\\Users\\asuss\\OneDrive\\Desktop\\bolt\\backend\\src\\config\\multer.js","statementMap":{"0":{"start":{"line":3,"column":16},"end":{"line":3,"column":38}},"1":{"start":{"line":4,"column":15},"end":{"line":4,"column":34}}},"fnMap":{},"branchMap":{},"s":{"0":1,"1":1},"f":{},"b":{},"inputSourceMap":null,"_coverageSchema":"1a1c01bbd47fc00a2c39e90264f33305004495a9","hash":"7a44041162063534dc0f349ddfd586faf230dbda"}
,"C:\\Users\\asuss\\OneDrive\\Desktop\\bolt\\backend\\src\\constants\\script.js": {"path":"C:\\Users\\asuss\\OneDrive\\Desktop\\bolt\\backend\\src\\constants\\script.js","statementMap":{"0":{"start":{"line":1,"column":28},"end":{"line":10,"column":1}},"1":{"start":{"line":11,"column":30},"end":{"line":16,"column":1}}},"fnMap":{},"branchMap":{},"s":{"0":1,"1":1},"f":{},"b":{},"inputSourceMap":null,"_coverageSchema":"1a1c01bbd47fc00a2c39e90264f33305004495a9","hash":"eb08f38d48cca07aea62ec6133a8eae3fde32eaa"}
,"C:\\Users\\asuss\\OneDrive\\Desktop\\bolt\\backend\\src\\middleware\\errorHandler.js": {"path":"C:\\Users\\asuss\\OneDrive\\Desktop\\bolt\\backend\\src\\middleware\\errorHandler.js","statementMap":{"0":{"start":{"line":6,"column":2},"end":{"line":6,"column":77}},"1":{"start":{"line":8,"column":2},"end":{"line":8,"column":21}},"2":{"start":{"line":9,"column":2},"end":{"line":9,"column":41}},"3":{"start":{"line":11,"column":19},"end":{"line":11,"column":40}},"4":{"start":{"line":12,"column":16},"end":{"line":12,"column":54}},"5":{"start":{"line":13,"column":15},"end":{"line":13,"column":44}},"6":{"start":{"line":15,"column":2},"end":{"line":65,"column":3}},"7":{"start":{"line":17,"column":6},"end":{"line":17,"column":23}},"8":{"start":{"line":18,"column":6},"end":{"line":18,"column":12}},"9":{"start":{"line":21,"column":6},"end":{"line":21,"column":23}},"10":{"start":{"line":22,"column":6},"end":{"line":22,"column":67}},"11":{"start":{"line":23,"column":6},"end":{"line":23,"column":12}},"12":{"start":{"line":26,"column":6},"end":{"line":26,"column":23}},"13":{"start":{"line":27,"column":6},"end":{"line":32,"column":28}},"14":{"start":{"line":30,"column":24},"end":{"line":30,"column":35}},"15":{"start":{"line":33,"column":6},"end":{"line":33,"column":12}},"16":{"start":{"line":36,"column":6},"end":{"line":36,"column":23}},"17":{"start":{"line":37,"column":6},"end":{"line":37,"column":47}},"18":{"start":{"line":38,"column":6},"end":{"line":38,"column":12}},"19":{"start":{"line":41,"column":6},"end":{"line":41,"column":23}},"20":{"start":{"line":42,"column":6},"end":{"line":42,"column":47}},"21":{"start":{"line":43,"column":6},"end":{"line":43,"column":12}},"22":{"start":{"line":46,"column":6},"end":{"line":46,"column":23}},"23":{"start":{"line":47,"column":6},"end":{"line":47,"column":67}},"24":{"start":{"line":48,"column":6},"end":{"line":48,"column":12}},"25":{"start":{"line":51,"column":6},"end":{"line":51,"column":23}},"26":{"start":{"line":52,"column":6},"end":{"line":52,"column":72}},"27":{"start":{"line":53,"column":6},"end":{"line":53,"column":12}},"28":{"start":{"line":56,"column":6},"end":{"line":56,"column":23}},"29":{"start":{"line":57,"column":20},"end":{"line":57,"column":54}},"30":{"start":{"line":58,"column":6},"end":{"line":60,"column":67}},"31":{"start":{"line":61,"column":6},"end":{"line":61,"column":12}},"32":{"start":{"line":64,"column":6},"end":{"line":64,"column":12}},"33":{"start":{"line":67,"column":2},"end":{"line":71,"column":5}}},"fnMap":{"0":{"name":"errorHandler","decl":{"start":{"line":5,"column":16},"end":{"line":5,"column":28}},"loc":{"start":{"line":5,"column":50},"end":{"line":72,"column":1}},"line":5},"1":{"name":"(anonymous_1)","decl":{"start":{"line":30,"column":15},"end":{"line":30,"column":16}},"loc":{"start":{"line":30,"column":24},"end":{"line":30,"column":35}},"line":30}},"branchMap":{"0":{"loc":{"start":{"line":11,"column":19},"end":{"line":11,"column":40}},"type":"binary-expr","locations":[{"start":{"line":11,"column":19},"end":{"line":11,"column":33}},{"start":{"line":11,"column":37},"end":{"line":11,"column":40}}],"line":11},"1":{"loc":{"start":{"line":12,"column":16},"end":{"line":12,"column":54}},"type":"binary-expr","locations":[{"start":{"line":12,"column":16},"end":{"line":12,"column":27}},{"start":{"line":12,"column":31},"end":{"line":12,"column":54}}],"line":12},"2":{"loc":{"start":{"line":13,"column":15},"end":{"line":13,"column":44}},"type":"binary-expr","locations":[{"start":{"line":13,"column":15},"end":{"line":13,"column":38}},{"start":{"line":13,"column":42},"end":{"line":13,"column":44}}],"line":13},"3":{"loc":{"start":{"line":15,"column":2},"end":{"line":65,"column":3}},"type":"switch","locations":[{"start":{"line":16,"column":4},"end":{"line":18,"column":12}},{"start":{"line":20,"column":4},"end":{"line":23,"column":12}},{"start":{"line":25,"column":4},"end":{"line":33,"column":12}},{"start":{"line":35,"column":4},"end":{"line":38,"column":12}},{"start":{"line":40,"column":4},"end":{"line":43,"column":12}},{"start":{"line":45,"column":4},"end":{"line":48,"column":12}},{"start":{"line":50,"column":4},"end":{"line":53,"column":12}},{"start":{"line":55,"column":4},"end":{"line":61,"column":12}},{"start":{"line":63,"column":4},"end":{"line":64,"column":12}}],"line":15},"4":{"loc":{"start":{"line":22,"column":16},"end":{"line":22,"column":66}},"type":"binary-expr","locations":[{"start":{"line":22,"column":16},"end":{"line":22,"column":27}},{"start":{"line":22,"column":31},"end":{"line":22,"column":66}}],"line":22},"5":{"loc":{"start":{"line":28,"column":8},"end":{"line":32,"column":27}},"type":"binary-expr","locations":[{"start":{"line":28,"column":8},"end":{"line":28,"column":19}},{"start":{"line":29,"column":8},"end":{"line":31,"column":21}},{"start":{"line":32,"column":8},"end":{"line":32,"column":27}}],"line":28},"6":{"loc":{"start":{"line":29,"column":22},"end":{"line":29,"column":38}},"type":"binary-expr","locations":[{"start":{"line":29,"column":22},"end":{"line":29,"column":32}},{"start":{"line":29,"column":36},"end":{"line":29,"column":38}}],"line":29},"7":{"loc":{"start":{"line":37,"column":16},"end":{"line":37,"column":46}},"type":"binary-expr","locations":[{"start":{"line":37,"column":16},"end":{"line":37,"column":27}},{"start":{"line":37,"column":31},"end":{"line":37,"column":46}}],"line":37},"8":{"loc":{"start":{"line":42,"column":16},"end":{"line":42,"column":46}},"type":"binary-expr","locations":[{"start":{"line":42,"column":16},"end":{"line":42,"column":27}},{"start":{"line":42,"column":31},"end":{"line":42,"column":46}}],"line":42},"9":{"loc":{"start":{"line":45,"column":9},"end":{"line":45,"column":65}},"type":"binary-expr","locations":[{"start":{"line":45,"column":9},"end":{"line":45,"column":36}},{"start":{"line":45,"column":40},"end":{"line":45,"column":65}}],"line":45},"10":{"loc":{"start":{"line":47,"column":16},"end":{"line":47,"column":66}},"type":"binary-expr","locations":[{"start":{"line":47,"column":16},"end":{"line":47,"column":27}},{"start":{"line":47,"column":31},"end":{"line":47,"column":66}}],"line":47},"11":{"loc":{"start":{"line":52,"column":45},"end":{"line":52,"column":69}},"type":"binary-expr","locations":[{"start":{"line":52,"column":45},"end":{"line":52,"column":54}},{"start":{"line":52,"column":58},"end":{"line":52,"column":69}}],"line":52},"12":{"loc":{"start":{"line":57,"column":32},"end":{"line":57,"column":50}},"type":"binary-expr","locations":[{"start":{"line":57,"column":32},"end":{"line":57,"column":44}},{"start":{"line":57,"column":48},"end":{"line":57,"column":50}}],"line":57},"13":{"loc":{"start":{"line":59,"column":8},"end":{"line":60,"column":66}},"type":"binary-expr","locations":[{"start":{"line":59,"column":8},"end":{"line":59,"column":19}},{"start":{"line":60,"column":8},"end":{"line":60,"column":66}}],"line":59}},"s":{"0":1,"1":1,"2":1,"3":1,"4":1,"5":1,"6":1,"7":1,"8":1,"9":0,"10":0,"11":0,"12":0,"13":0,"14":0,"15":0,"16":0,"17":0,"18":0,"19":0,"20":0,"21":0,"22":0,"23":0,"24":0,"25":0,"26":0,"27":0,"28":0,"29":0,"30":0,"31":0,"32":0,"33":1},"f":{"0":1,"1":0},"b":{"0":[1,1],"1":[1,0],"2":[1,0],"3":[1,0,0,0,0,0,0,0,0],"4":[0,0],"5":[0,0,0],"6":[0,0],"7":[0,0],"8":[0,0],"9":[0,0],"10":[0,0],"11":[0,0],"12":[0,0],"13":[0,0]},"inputSourceMap":null,"_coverageSchema":"1a1c01bbd47fc00a2c39e90264f33305004495a9","hash":"d3912add74f0957dfdaa5b26164dd5cb76306345"}
,"C:\\Users\\asuss\\OneDrive\\Desktop\\bolt\\backend\\src\\middleware\\socketInjection.js": {"path":"C:\\Users\\asuss\\OneDrive\\Desktop\\bolt\\backend\\src\\middleware\\socketInjection.js","statementMap":{"0":{"start":{"line":2,"column":2},"end":{"line":5,"column":4}},"1":{"start":{"line":3,"column":4},"end":{"line":3,"column":16}},"2":{"start":{"line":4,"column":4},"end":{"line":4,"column":11}}},"fnMap":{"0":{"name":"injectIO","decl":{"start":{"line":1,"column":16},"end":{"line":1,"column":24}},"loc":{"start":{"line":1,"column":29},"end":{"line":6,"column":1}},"line":1},"1":{"name":"(anonymous_1)","decl":{"start":{"line":2,"column":9},"end":{"line":2,"column":10}},"loc":{"start":{"line":2,"column":29},"end":{"line":5,"column":3}},"line":2}},"branchMap":{},"s":{"0":1,"1":10,"2":10},"f":{"0":1,"1":10},"b":{},"inputSourceMap":null,"_coverageSchema":"1a1c01bbd47fc00a2c39e90264f33305004495a9","hash":"cafc9bf08d314a2266e5312506133e6d27cd4f86"}
,"C:\\Users\\asuss\\OneDrive\\Desktop\\bolt\\backend\\src\\modules\\auth\\controllers\\forgotPassword.js": {"path":"C:\\Users\\asuss\\OneDrive\\Desktop\\bolt\\backend\\src\\modules\\auth\\controllers\\forgotPassword.js","statementMap":{"0":{"start":{"line":8,"column":0},"end":{"line":8,"column":16}},"1":{"start":{"line":11,"column":2},"end":{"line":11,"column":59}},"2":{"start":{"line":13,"column":20},"end":{"line":13,"column":28}},"3":{"start":{"line":15,"column":2},"end":{"line":17,"column":3}},"4":{"start":{"line":16,"column":4},"end":{"line":16,"column":44}},"5":{"start":{"line":19,"column":23},"end":{"line":19,"column":49}},"6":{"start":{"line":21,"column":15},"end":{"line":21,"column":58}},"7":{"start":{"line":23,"column":2},"end":{"line":25,"column":3}},"8":{"start":{"line":24,"column":4},"end":{"line":24,"column":65}},"9":{"start":{"line":27,"column":21},"end":{"line":27,"column":59}},"10":{"start":{"line":28,"column":28},"end":{"line":28,"column":65}},"11":{"start":{"line":30,"column":2},"end":{"line":30,"column":31}},"12":{"start":{"line":31,"column":2},"end":{"line":31,"column":45}},"13":{"start":{"line":33,"column":2},"end":{"line":33,"column":20}},"14":{"start":{"line":35,"column":20},"end":{"line":35,"column":107}},"15":{"start":{"line":37,"column":2},"end":{"line":37,"column":55}},"16":{"start":{"line":39,"column":2},"end":{"line":45,"column":4}}},"fnMap":{"0":{"name":"forgotPassword","decl":{"start":{"line":10,"column":22},"end":{"line":10,"column":36}},"loc":{"start":{"line":10,"column":47},"end":{"line":46,"column":1}},"line":10}},"branchMap":{"0":{"loc":{"start":{"line":15,"column":2},"end":{"line":17,"column":3}},"type":"if","locations":[{"start":{"line":15,"column":2},"end":{"line":17,"column":3}},{"start":{},"end":{}}],"line":15},"1":{"loc":{"start":{"line":23,"column":2},"end":{"line":25,"column":3}},"type":"if","locations":[{"start":{"line":23,"column":2},"end":{"line":25,"column":3}},{"start":{},"end":{}}],"line":23}},"s":{"0":1,"1":0,"2":0,"3":0,"4":0,"5":0,"6":0,"7":0,"8":0,"9":0,"10":0,"11":0,"12":0,"13":0,"14":0,"15":0,"16":0},"f":{"0":0},"b":{"0":[0,0],"1":[0,0]},"inputSourceMap":null,"_coverageSchema":"1a1c01bbd47fc00a2c39e90264f33305004495a9","hash":"2abbd9b220a5ae9ed2a7c089ecb757b4ff4e7cfe"}
,"C:\\Users\\asuss\\OneDrive\\Desktop\\bolt\\backend\\src\\modules\\auth\\controllers\\login.js": {"path":"C:\\Users\\asuss\\OneDrive\\Desktop\\bolt\\backend\\src\\modules\\auth\\controllers\\login.js","statementMap":{"0":{"start":{"line":9,"column":2},"end":{"line":9,"column":49}},"1":{"start":{"line":11,"column":30},"end":{"line":11,"column":38}},"2":{"start":{"line":13,"column":15},"end":{"line":15,"column":4}},"3":{"start":{"line":17,"column":2},"end":{"line":19,"column":3}},"4":{"start":{"line":18,"column":4},"end":{"line":18,"column":49}},"5":{"start":{"line":21,"column":26},"end":{"line":21,"column":50}},"6":{"start":{"line":22,"column":2},"end":{"line":22,"column":45}},"7":{"start":{"line":24,"column":18},"end":{"line":24,"column":33}},"8":{"start":{"line":25,"column":2},"end":{"line":25,"column":26}},"9":{"start":{"line":27,"column":2},"end":{"line":33,"column":4}}},"fnMap":{"0":{"name":"login","decl":{"start":{"line":8,"column":22},"end":{"line":8,"column":27}},"loc":{"start":{"line":8,"column":38},"end":{"line":34,"column":1}},"line":8}},"branchMap":{"0":{"loc":{"start":{"line":17,"column":2},"end":{"line":19,"column":3}},"type":"if","locations":[{"start":{"line":17,"column":2},"end":{"line":19,"column":3}},{"start":{},"end":{}}],"line":17},"1":{"loc":{"start":{"line":17,"column":6},"end":{"line":17,"column":72}},"type":"binary-expr","locations":[{"start":{"line":17,"column":6},"end":{"line":17,"column":11}},{"start":{"line":17,"column":15},"end":{"line":17,"column":29}},{"start":{"line":17,"column":33},"end":{"line":17,"column":72}}],"line":17}},"s":{"0":3,"1":3,"2":3,"3":3,"4":0,"5":3,"6":3,"7":3,"8":3,"9":3},"f":{"0":3},"b":{"0":[0,3],"1":[3,3,3]},"inputSourceMap":null,"_coverageSchema":"1a1c01bbd47fc00a2c39e90264f33305004495a9","hash":"f16bb369568691982626da6af884bdab4c43ef94"}
,"C:\\Users\\asuss\\OneDrive\\Desktop\\bolt\\backend\\src\\modules\\auth\\controllers\\logout.js": {"path":"C:\\Users\\asuss\\OneDrive\\Desktop\\bolt\\backend\\src\\modules\\auth\\controllers\\logout.js","statementMap":{"0":{"start":{"line":7,"column":2},"end":{"line":7,"column":50}},"1":{"start":{"line":9,"column":2},"end":{"line":9,"column":45}},"2":{"start":{"line":11,"column":2},"end":{"line":17,"column":4}}},"fnMap":{"0":{"name":"logout","decl":{"start":{"line":6,"column":22},"end":{"line":6,"column":28}},"loc":{"start":{"line":6,"column":39},"end":{"line":18,"column":1}},"line":6}},"branchMap":{},"s":{"0":1,"1":1,"2":1},"f":{"0":1},"b":{},"inputSourceMap":null,"_coverageSchema":"1a1c01bbd47fc00a2c39e90264f33305004495a9","hash":"88a0b925e53ad8ad0dc26156e6c69d629a014f24"}
,"C:\\Users\\asuss\\OneDrive\\Desktop\\bolt\\backend\\src\\modules\\auth\\controllers\\resetPassword.js": {"path":"C:\\Users\\asuss\\OneDrive\\Desktop\\bolt\\backend\\src\\modules\\auth\\controllers\\resetPassword.js","statementMap":{"0":{"start":{"line":6,"column":0},"end":{"line":6,"column":16}},"1":{"start":{"line":8,"column":29},"end":{"line":47,"column":1}},"2":{"start":{"line":9,"column":2},"end":{"line":9,"column":58}},"3":{"start":{"line":11,"column":40},"end":{"line":11,"column":48}},"4":{"start":{"line":13,"column":2},"end":{"line":15,"column":3}},"5":{"start":{"line":14,"column":4},"end":{"line":14,"column":68}},"6":{"start":{"line":17,"column":23},"end":{"line":17,"column":49}},"7":{"start":{"line":18,"column":23},"end":{"line":18,"column":55}},"8":{"start":{"line":20,"column":15},"end":{"line":20,"column":58}},"9":{"start":{"line":22,"column":2},"end":{"line":24,"column":3}},"10":{"start":{"line":23,"column":4},"end":{"line":23,"column":38}},"11":{"start":{"line":26,"column":2},"end":{"line":32,"column":3}},"12":{"start":{"line":31,"column":4},"end":{"line":31,"column":48}},"13":{"start":{"line":34,"column":2},"end":{"line":34,"column":30}},"14":{"start":{"line":35,"column":2},"end":{"line":35,"column":30}},"15":{"start":{"line":36,"column":2},"end":{"line":36,"column":37}},"16":{"start":{"line":38,"column":2},"end":{"line":38,"column":20}},"17":{"start":{"line":40,"column":2},"end":{"line":46,"column":4}}},"fnMap":{"0":{"name":"(anonymous_0)","decl":{"start":{"line":8,"column":29},"end":{"line":8,"column":30}},"loc":{"start":{"line":8,"column":49},"end":{"line":47,"column":1}},"line":8}},"branchMap":{"0":{"loc":{"start":{"line":13,"column":2},"end":{"line":15,"column":3}},"type":"if","locations":[{"start":{"line":13,"column":2},"end":{"line":15,"column":3}},{"start":{},"end":{}}],"line":13},"1":{"loc":{"start":{"line":13,"column":6},"end":{"line":13,"column":38}},"type":"binary-expr","locations":[{"start":{"line":13,"column":6},"end":{"line":13,"column":12}},{"start":{"line":13,"column":16},"end":{"line":13,"column":22}},{"start":{"line":13,"column":26},"end":{"line":13,"column":38}}],"line":13},"2":{"loc":{"start":{"line":22,"column":2},"end":{"line":24,"column":3}},"type":"if","locations":[{"start":{"line":22,"column":2},"end":{"line":24,"column":3}},{"start":{},"end":{}}],"line":22},"3":{"loc":{"start":{"line":26,"column":2},"end":{"line":32,"column":3}},"type":"if","locations":[{"start":{"line":26,"column":2},"end":{"line":32,"column":3}},{"start":{},"end":{}}],"line":26},"4":{"loc":{"start":{"line":27,"column":4},"end":{"line":29,"column":39}},"type":"binary-expr","locations":[{"start":{"line":27,"column":4},"end":{"line":27,"column":36}},{"start":{"line":28,"column":4},"end":{"line":28,"column":27}},{"start":{"line":29,"column":4},"end":{"line":29,"column":39}}],"line":27}},"s":{"0":1,"1":1,"2":0,"3":0,"4":0,"5":0,"6":0,"7":0,"8":0,"9":0,"10":0,"11":0,"12":0,"13":0,"14":0,"15":0,"16":0,"17":0},"f":{"0":0},"b":{"0":[0,0],"1":[0,0,0],"2":[0,0],"3":[0,0],"4":[0,0,0]},"inputSourceMap":null,"_coverageSchema":"1a1c01bbd47fc00a2c39e90264f33305004495a9","hash":"30340c1ce3c4a04383127aa0ce1d97464555c713"}
,"C:\\Users\\asuss\\OneDrive\\Desktop\\bolt\\backend\\src\\modules\\auth\\controllers\\signup.js": {"path":"C:\\Users\\asuss\\OneDrive\\Desktop\\bolt\\backend\\src\\modules\\auth\\controllers\\signup.js","statementMap":{"0":{"start":{"line":9,"column":2},"end":{"line":9,"column":50}},"1":{"start":{"line":11,"column":44},"end":{"line":11,"column":52}},"2":{"start":{"line":12,"column":2},"end":{"line":14,"column":3}},"3":{"start":{"line":13,"column":4},"end":{"line":13,"column":60}},"4":{"start":{"line":16,"column":21},"end":{"line":18,"column":4}},"5":{"start":{"line":19,"column":2},"end":{"line":21,"column":3}},"6":{"start":{"line":20,"column":4},"end":{"line":20,"column":47}},"7":{"start":{"line":23,"column":15},"end":{"line":29,"column":4}},"8":{"start":{"line":31,"column":26},"end":{"line":31,"column":50}},"9":{"start":{"line":32,"column":2},"end":{"line":32,"column":45}},"10":{"start":{"line":35,"column":18},"end":{"line":35,"column":33}},"11":{"start":{"line":36,"column":2},"end":{"line":36,"column":26}},"12":{"start":{"line":38,"column":2},"end":{"line":46,"column":4}}},"fnMap":{"0":{"name":"signup","decl":{"start":{"line":8,"column":22},"end":{"line":8,"column":28}},"loc":{"start":{"line":8,"column":39},"end":{"line":47,"column":1}},"line":8}},"branchMap":{"0":{"loc":{"start":{"line":12,"column":2},"end":{"line":14,"column":3}},"type":"if","locations":[{"start":{"line":12,"column":2},"end":{"line":14,"column":3}},{"start":{},"end":{}}],"line":12},"1":{"loc":{"start":{"line":12,"column":6},"end":{"line":12,"column":25}},"type":"binary-expr","locations":[{"start":{"line":12,"column":6},"end":{"line":12,"column":12}},{"start":{"line":12,"column":16},"end":{"line":12,"column":25}}],"line":12},"2":{"loc":{"start":{"line":19,"column":2},"end":{"line":21,"column":3}},"type":"if","locations":[{"start":{"line":19,"column":2},"end":{"line":21,"column":3}},{"start":{},"end":{}}],"line":19},"3":{"loc":{"start":{"line":28,"column":12},"end":{"line":28,"column":51}},"type":"cond-expr","locations":[{"start":{"line":28,"column":28},"end":{"line":28,"column":42}},{"start":{"line":28,"column":45},"end":{"line":28,"column":51}}],"line":28}},"s":{"0":4,"1":4,"2":4,"3":0,"4":4,"5":4,"6":0,"7":4,"8":4,"9":4,"10":4,"11":4,"12":4},"f":{"0":4},"b":{"0":[0,4],"1":[4,4],"2":[0,4],"3":[0,4]},"inputSourceMap":null,"_coverageSchema":"1a1c01bbd47fc00a2c39e90264f33305004495a9","hash":"35b78fc4add519db02ac53d1c0ef2899c3640431"}
,"C:\\Users\\asuss\\OneDrive\\Desktop\\bolt\\backend\\src\\modules\\auth\\middleware\\isAuthenticated.js": {"path":"C:\\Users\\asuss\\OneDrive\\Desktop\\bolt\\backend\\src\\modules\\auth\\middleware\\isAuthenticated.js","statementMap":{"0":{"start":{"line":9,"column":31},"end":{"line":38,"column":2}},"1":{"start":{"line":10,"column":2},"end":{"line":10,"column":64}},"2":{"start":{"line":12,"column":22},"end":{"line":12,"column":60}},"3":{"start":{"line":14,"column":2},"end":{"line":21,"column":3}},"4":{"start":{"line":15,"column":4},"end":{"line":20,"column":6}},"5":{"start":{"line":23,"column":22},"end":{"line":23,"column":78}},"6":{"start":{"line":24,"column":18},"end":{"line":24,"column":77}},"7":{"start":{"line":26,"column":2},"end":{"line":33,"column":3}},"8":{"start":{"line":27,"column":4},"end":{"line":32,"column":6}},"9":{"start":{"line":35,"column":2},"end":{"line":35,"column":21}},"10":{"start":{"line":36,"column":2},"end":{"line":36,"column":59}},"11":{"start":{"line":37,"column":2},"end":{"line":37,"column":9}}},"fnMap":{"0":{"name":"(anonymous_0)","decl":{"start":{"line":9,"column":44},"end":{"line":9,"column":45}},"loc":{"start":{"line":9,"column":70},"end":{"line":38,"column":1}},"line":9}},"branchMap":{"0":{"loc":{"start":{"line":14,"column":2},"end":{"line":21,"column":3}},"type":"if","locations":[{"start":{"line":14,"column":2},"end":{"line":21,"column":3}},{"start":{},"end":{}}],"line":14},"1":{"loc":{"start":{"line":26,"column":2},"end":{"line":33,"column":3}},"type":"if","locations":[{"start":{"line":26,"column":2},"end":{"line":33,"column":3}},{"start":{},"end":{}}],"line":26}},"s":{"0":1,"1":3,"2":3,"3":3,"4":1,"5":2,"6":2,"7":2,"8":0,"9":2,"10":2,"11":2},"f":{"0":3},"b":{"0":[1,2],"1":[0,2]},"inputSourceMap":null,"_coverageSchema":"1a1c01bbd47fc00a2c39e90264f33305004495a9","hash":"a3117a661322da04f5ec1d3fbed54b4b1091c54f"}
,"C:\\Users\\asuss\\OneDrive\\Desktop\\bolt\\backend\\src\\modules\\auth\\routes\\index.js": {"path":"C:\\Users\\asuss\\OneDrive\\Desktop\\bolt\\backend\\src\\modules\\auth\\routes\\index.js","statementMap":{"0":{"start":{"line":10,"column":22},"end":{"line":10,"column":30}},"1":{"start":{"line":12,"column":15},"end":{"line":43,"column":1}},"2":{"start":{"line":45,"column":0},"end":{"line":47,"column":3}},"3":{"start":{"line":46,"column":2},"end":{"line":46,"column":62}}},"fnMap":{"0":{"name":"(anonymous_0)","decl":{"start":{"line":45,"column":15},"end":{"line":45,"column":16}},"loc":{"start":{"line":45,"column":59},"end":{"line":47,"column":1}},"line":45}},"branchMap":{},"s":{"0":1,"1":1,"2":1,"3":5},"f":{"0":5},"b":{},"inputSourceMap":null,"_coverageSchema":"1a1c01bbd47fc00a2c39e90264f33305004495a9","hash":"871b6ee25008a3a89d9640d3c8b02c637d7719d1"}
,"C:\\Users\\asuss\\OneDrive\\Desktop\\bolt\\backend\\src\\modules\\chat\\controllers\\createMessage.js": {"path":"C:\\Users\\asuss\\OneDrive\\Desktop\\bolt\\backend\\src\\modules\\chat\\controllers\\createMessage.js","statementMap":{"0":{"start":{"line":6,"column":29},"end":{"line":25,"column":1}},"1":{"start":{"line":7,"column":2},"end":{"line":7,"column":49}},"2":{"start":{"line":9,"column":19},"end":{"line":9,"column":31}},"3":{"start":{"line":10,"column":38},"end":{"line":10,"column":46}},"4":{"start":{"line":12,"column":2},"end":{"line":14,"column":3}},"5":{"start":{"line":13,"column":4},"end":{"line":13,"column":78}},"6":{"start":{"line":16,"column":18},"end":{"line":16,"column":77}},"7":{"start":{"line":18,"column":2},"end":{"line":24,"column":4}}},"fnMap":{"0":{"name":"(anonymous_0)","decl":{"start":{"line":6,"column":29},"end":{"line":6,"column":30}},"loc":{"start":{"line":6,"column":49},"end":{"line":25,"column":1}},"line":6}},"branchMap":{"0":{"loc":{"start":{"line":12,"column":2},"end":{"line":14,"column":3}},"type":"if","locations":[{"start":{"line":12,"column":2},"end":{"line":14,"column":3}},{"start":{},"end":{}}],"line":12},"1":{"loc":{"start":{"line":12,"column":6},"end":{"line":12,"column":51}},"type":"binary-expr","locations":[{"start":{"line":12,"column":6},"end":{"line":12,"column":15}},{"start":{"line":12,"column":19},"end":{"line":12,"column":30}},{"start":{"line":12,"column":35},"end":{"line":12,"column":40}},{"start":{"line":12,"column":44},"end":{"line":12,"column":50}}],"line":12}},"s":{"0":1,"1":0,"2":0,"3":0,"4":0,"5":0,"6":0,"7":0},"f":{"0":0},"b":{"0":[0,0],"1":[0,0,0,0]},"inputSourceMap":null,"_coverageSchema":"1a1c01bbd47fc00a2c39e90264f33305004495a9","hash":"8e29827aa5828f163955148468600c55029dbd1a"}
,"C:\\Users\\asuss\\OneDrive\\Desktop\\bolt\\backend\\src\\modules\\chat\\controllers\\deleteMessage.js": {"path":"C:\\Users\\asuss\\OneDrive\\Desktop\\bolt\\backend\\src\\modules\\chat\\controllers\\deleteMessage.js","statementMap":{"0":{"start":{"line":6,"column":29},"end":{"line":24,"column":1}},"1":{"start":{"line":7,"column":2},"end":{"line":7,"column":49}},"2":{"start":{"line":9,"column":17},"end":{"line":9,"column":27}},"3":{"start":{"line":11,"column":18},"end":{"line":11,"column":53}},"4":{"start":{"line":13,"column":2},"end":{"line":15,"column":3}},"5":{"start":{"line":14,"column":4},"end":{"line":14,"column":65}},"6":{"start":{"line":17,"column":2},"end":{"line":23,"column":4}}},"fnMap":{"0":{"name":"(anonymous_0)","decl":{"start":{"line":6,"column":29},"end":{"line":6,"column":30}},"loc":{"start":{"line":6,"column":49},"end":{"line":24,"column":1}},"line":6}},"branchMap":{"0":{"loc":{"start":{"line":13,"column":2},"end":{"line":15,"column":3}},"type":"if","locations":[{"start":{"line":13,"column":2},"end":{"line":15,"column":3}},{"start":{},"end":{}}],"line":13}},"s":{"0":1,"1":0,"2":0,"3":0,"4":0,"5":0,"6":0},"f":{"0":0},"b":{"0":[0,0]},"inputSourceMap":null,"_coverageSchema":"1a1c01bbd47fc00a2c39e90264f33305004495a9","hash":"be85ee91d2ce01ee419ff701e2274c5c20c689c8"}
,"C:\\Users\\asuss\\OneDrive\\Desktop\\bolt\\backend\\src\\modules\\chat\\controllers\\getMessage.js": {"path":"C:\\Users\\asuss\\OneDrive\\Desktop\\bolt\\backend\\src\\modules\\chat\\controllers\\getMessage.js","statementMap":{"0":{"start":{"line":6,"column":26},"end":{"line":24,"column":1}},"1":{"start":{"line":7,"column":2},"end":{"line":7,"column":46}},"2":{"start":{"line":9,"column":17},"end":{"line":9,"column":27}},"3":{"start":{"line":11,"column":18},"end":{"line":11,"column":44}},"4":{"start":{"line":13,"column":2},"end":{"line":15,"column":3}},"5":{"start":{"line":14,"column":4},"end":{"line":14,"column":41}},"6":{"start":{"line":17,"column":2},"end":{"line":23,"column":4}}},"fnMap":{"0":{"name":"(anonymous_0)","decl":{"start":{"line":6,"column":26},"end":{"line":6,"column":27}},"loc":{"start":{"line":6,"column":46},"end":{"line":24,"column":1}},"line":6}},"branchMap":{"0":{"loc":{"start":{"line":13,"column":2},"end":{"line":15,"column":3}},"type":"if","locations":[{"start":{"line":13,"column":2},"end":{"line":15,"column":3}},{"start":{},"end":{}}],"line":13}},"s":{"0":1,"1":0,"2":0,"3":0,"4":0,"5":0,"6":0},"f":{"0":0},"b":{"0":[0,0]},"inputSourceMap":null,"_coverageSchema":"1a1c01bbd47fc00a2c39e90264f33305004495a9","hash":"c1f7f4679646b7911ece06ad0d34c1f7addf108f"}
,"C:\\Users\\asuss\\OneDrive\\Desktop\\bolt\\backend\\src\\modules\\chat\\controllers\\getMessages.js": {"path":"C:\\Users\\asuss\\OneDrive\\Desktop\\bolt\\backend\\src\\modules\\chat\\controllers\\getMessages.js","statementMap":{"0":{"start":{"line":6,"column":27},"end":{"line":30,"column":1}},"1":{"start":{"line":7,"column":2},"end":{"line":7,"column":47}},"2":{"start":{"line":9,"column":19},"end":{"line":9,"column":31}},"3":{"start":{"line":10,"column":25},"end":{"line":10,"column":34}},"4":{"start":{"line":12,"column":2},"end":{"line":14,"column":3}},"5":{"start":{"line":13,"column":4},"end":{"line":13,"column":62}},"6":{"start":{"line":16,"column":19},"end":{"line":21,"column":27}},"7":{"start":{"line":23,"column":2},"end":{"line":29,"column":4}}},"fnMap":{"0":{"name":"(anonymous_0)","decl":{"start":{"line":6,"column":27},"end":{"line":6,"column":28}},"loc":{"start":{"line":6,"column":47},"end":{"line":30,"column":1}},"line":6}},"branchMap":{"0":{"loc":{"start":{"line":12,"column":2},"end":{"line":14,"column":3}},"type":"if","locations":[{"start":{"line":12,"column":2},"end":{"line":14,"column":3}},{"start":{},"end":{}}],"line":12},"1":{"loc":{"start":{"line":12,"column":6},"end":{"line":12,"column":30}},"type":"binary-expr","locations":[{"start":{"line":12,"column":6},"end":{"line":12,"column":15}},{"start":{"line":12,"column":19},"end":{"line":12,"column":30}}],"line":12}},"s":{"0":1,"1":0,"2":0,"3":0,"4":0,"5":0,"6":0,"7":0},"f":{"0":0},"b":{"0":[0,0],"1":[0,0]},"inputSourceMap":null,"_coverageSchema":"1a1c01bbd47fc00a2c39e90264f33305004495a9","hash":"9b65699cfa734b2fb09678bb7497898e8ab392c7"}
,"C:\\Users\\asuss\\OneDrive\\Desktop\\bolt\\backend\\src\\modules\\chat\\controllers\\markMessagesAsRead.js": {"path":"C:\\Users\\asuss\\OneDrive\\Desktop\\bolt\\backend\\src\\modules\\chat\\controllers\\markMessagesAsRead.js","statementMap":{"0":{"start":{"line":7,"column":34},"end":{"line":50,"column":1}},"1":{"start":{"line":8,"column":2},"end":{"line":8,"column":59}},"2":{"start":{"line":10,"column":21},"end":{"line":10,"column":33}},"3":{"start":{"line":11,"column":23},"end":{"line":11,"column":31}},"4":{"start":{"line":14,"column":17},"end":{"line":17,"column":3}},"5":{"start":{"line":20,"column":2},"end":{"line":28,"column":3}},"6":{"start":{"line":21,"column":4},"end":{"line":27,"column":6}},"7":{"start":{"line":31,"column":13},"end":{"line":31,"column":19}},"8":{"start":{"line":32,"column":2},"end":{"line":34,"column":3}},"9":{"start":{"line":33,"column":4},"end":{"line":33,"column":40}},"10":{"start":{"line":36,"column":27},"end":{"line":36,"column":48}},"11":{"start":{"line":37,"column":2},"end":{"line":39,"column":3}},"12":{"start":{"line":38,"column":4},"end":{"line":38,"column":46}},"13":{"start":{"line":41,"column":2},"end":{"line":41,"column":67}},"14":{"start":{"line":43,"column":2},"end":{"line":49,"column":4}}},"fnMap":{"0":{"name":"(anonymous_0)","decl":{"start":{"line":7,"column":34},"end":{"line":7,"column":35}},"loc":{"start":{"line":7,"column":54},"end":{"line":50,"column":1}},"line":7}},"branchMap":{"0":{"loc":{"start":{"line":20,"column":2},"end":{"line":28,"column":3}},"type":"if","locations":[{"start":{"line":20,"column":2},"end":{"line":28,"column":3}},{"start":{},"end":{}}],"line":20},"1":{"loc":{"start":{"line":32,"column":2},"end":{"line":34,"column":3}},"type":"if","locations":[{"start":{"line":32,"column":2},"end":{"line":34,"column":3}},{"start":{},"end":{}}],"line":32},"2":{"loc":{"start":{"line":37,"column":2},"end":{"line":39,"column":3}},"type":"if","locations":[{"start":{"line":37,"column":2},"end":{"line":39,"column":3}},{"start":{},"end":{}}],"line":37}},"s":{"0":1,"1":0,"2":0,"3":0,"4":0,"5":0,"6":0,"7":0,"8":0,"9":0,"10":0,"11":0,"12":0,"13":0,"14":0},"f":{"0":0},"b":{"0":[0,0],"1":[0,0],"2":[0,0]},"inputSourceMap":null,"_coverageSchema":"1a1c01bbd47fc00a2c39e90264f33305004495a9","hash":"6c40950d360c5473bc287dc458416f01b52e4212"}
,"C:\\Users\\asuss\\OneDrive\\Desktop\\bolt\\backend\\src\\modules\\chat\\controllers\\updateMessage.js": {"path":"C:\\Users\\asuss\\OneDrive\\Desktop\\bolt\\backend\\src\\modules\\chat\\controllers\\updateMessage.js","statementMap":{"0":{"start":{"line":6,"column":29},"end":{"line":29,"column":1}},"1":{"start":{"line":7,"column":2},"end":{"line":7,"column":50}},"2":{"start":{"line":9,"column":17},"end":{"line":9,"column":27}},"3":{"start":{"line":10,"column":26},"end":{"line":10,"column":34}},"4":{"start":{"line":12,"column":18},"end":{"line":16,"column":3}},"5":{"start":{"line":18,"column":2},"end":{"line":20,"column":3}},"6":{"start":{"line":19,"column":4},"end":{"line":19,"column":65}},"7":{"start":{"line":22,"column":2},"end":{"line":28,"column":4}}},"fnMap":{"0":{"name":"(anonymous_0)","decl":{"start":{"line":6,"column":29},"end":{"line":6,"column":30}},"loc":{"start":{"line":6,"column":49},"end":{"line":29,"column":1}},"line":6}},"branchMap":{"0":{"loc":{"start":{"line":18,"column":2},"end":{"line":20,"column":3}},"type":"if","locations":[{"start":{"line":18,"column":2},"end":{"line":20,"column":3}},{"start":{},"end":{}}],"line":18}},"s":{"0":1,"1":0,"2":0,"3":0,"4":0,"5":0,"6":0,"7":0},"f":{"0":0},"b":{"0":[0,0]},"inputSourceMap":null,"_coverageSchema":"1a1c01bbd47fc00a2c39e90264f33305004495a9","hash":"658906f2e26c5ead59dc4946ff930090e47ec9f9"}
,"C:\\Users\\asuss\\OneDrive\\Desktop\\bolt\\backend\\src\\modules\\chat\\models\\message.js": {"path":"C:\\Users\\asuss\\OneDrive\\Desktop\\bolt\\backend\\src\\modules\\chat\\models\\message.js","statementMap":{"0":{"start":{"line":3,"column":22},"end":{"line":32,"column":1}},"1":{"start":{"line":34,"column":16},"end":{"line":34,"column":56}}},"fnMap":{},"branchMap":{},"s":{"0":1,"1":1},"f":{},"b":{},"inputSourceMap":null,"_coverageSchema":"1a1c01bbd47fc00a2c39e90264f33305004495a9","hash":"de7e323c7d700d53c66cf3f917355c7583e784f0"}
,"C:\\Users\\asuss\\OneDrive\\Desktop\\bolt\\backend\\src\\modules\\chat\\routes\\index.js": {"path":"C:\\Users\\asuss\\OneDrive\\Desktop\\bolt\\backend\\src\\modules\\chat\\routes\\index.js","statementMap":{"0":{"start":{"line":12,"column":22},"end":{"line":12,"column":30}},"1":{"start":{"line":15,"column":15},"end":{"line":22,"column":1}},"2":{"start":{"line":25,"column":0},"end":{"line":27,"column":3}},"3":{"start":{"line":26,"column":2},"end":{"line":26,"column":63}}},"fnMap":{"0":{"name":"(anonymous_0)","decl":{"start":{"line":25,"column":15},"end":{"line":25,"column":16}},"loc":{"start":{"line":25,"column":46},"end":{"line":27,"column":1}},"line":25}},"branchMap":{},"s":{"0":1,"1":1,"2":1,"3":6},"f":{"0":6},"b":{},"inputSourceMap":null,"_coverageSchema":"1a1c01bbd47fc00a2c39e90264f33305004495a9","hash":"2400fb70c934caa991a4e61ecede4fae2196ee3c"}
,"C:\\Users\\asuss\\OneDrive\\Desktop\\bolt\\backend\\src\\modules\\user\\constants.js": {"path":"C:\\Users\\asuss\\OneDrive\\Desktop\\bolt\\backend\\src\\modules\\user\\constants.js","statementMap":{"0":{"start":{"line":1,"column":22},"end":{"line":16,"column":1}},"1":{"start":{"line":18,"column":24},"end":{"line":42,"column":1}}},"fnMap":{},"branchMap":{},"s":{"0":1,"1":1},"f":{},"b":{},"inputSourceMap":null,"_coverageSchema":"1a1c01bbd47fc00a2c39e90264f33305004495a9","hash":"f7dfbcc579084b5da075939cdfe9c581a5e6966c"}
,"C:\\Users\\asuss\\OneDrive\\Desktop\\bolt\\backend\\src\\modules\\user\\controllers\\deleteMe.js": {"path":"C:\\Users\\asuss\\OneDrive\\Desktop\\bolt\\backend\\src\\modules\\user\\controllers\\deleteMe.js","statementMap":{"0":{"start":{"line":7,"column":24},"end":{"line":27,"column":2}},"1":{"start":{"line":8,"column":2},"end":{"line":8,"column":54}},"2":{"start":{"line":10,"column":18},"end":{"line":10,"column":26}},"3":{"start":{"line":12,"column":22},"end":{"line":12,"column":55}},"4":{"start":{"line":14,"column":2},"end":{"line":18,"column":3}},"5":{"start":{"line":15,"column":18},"end":{"line":15,"column":56}},"6":{"start":{"line":16,"column":4},"end":{"line":16,"column":48}},"7":{"start":{"line":17,"column":4},"end":{"line":17,"column":16}},"8":{"start":{"line":20,"column":2},"end":{"line":26,"column":4}}},"fnMap":{"0":{"name":"(anonymous_0)","decl":{"start":{"line":7,"column":37},"end":{"line":7,"column":38}},"loc":{"start":{"line":7,"column":57},"end":{"line":27,"column":1}},"line":7}},"branchMap":{"0":{"loc":{"start":{"line":14,"column":2},"end":{"line":18,"column":3}},"type":"if","locations":[{"start":{"line":14,"column":2},"end":{"line":18,"column":3}},{"start":{},"end":{}}],"line":14}},"s":{"0":1,"1":0,"2":0,"3":0,"4":0,"5":0,"6":0,"7":0,"8":0},"f":{"0":0},"b":{"0":[0,0]},"inputSourceMap":null,"_coverageSchema":"1a1c01bbd47fc00a2c39e90264f33305004495a9","hash":"ead28411dd9b34ba0bbfff729b311a54f9f735bc"}
,"C:\\Users\\asuss\\OneDrive\\Desktop\\bolt\\backend\\src\\modules\\user\\controllers\\getAllUsers.js": {"path":"C:\\Users\\asuss\\OneDrive\\Desktop\\bolt\\backend\\src\\modules\\user\\controllers\\getAllUsers.js","statementMap":{"0":{"start":{"line":8,"column":27},"end":{"line":23,"column":2}},"1":{"start":{"line":9,"column":2},"end":{"line":9,"column":58}},"2":{"start":{"line":11,"column":16},"end":{"line":13,"column":3}},"3":{"start":{"line":15,"column":2},"end":{"line":21,"column":4}}},"fnMap":{"0":{"name":"(anonymous_0)","decl":{"start":{"line":8,"column":40},"end":{"line":8,"column":41}},"loc":{"start":{"line":8,"column":60},"end":{"line":23,"column":1}},"line":8}},"branchMap":{},"s":{"0":1,"1":0,"2":0,"3":0},"f":{"0":0},"b":{},"inputSourceMap":null,"_coverageSchema":"1a1c01bbd47fc00a2c39e90264f33305004495a9","hash":"603ecff14811fa4b7027b998beb225433962e779"}
,"C:\\Users\\asuss\\OneDrive\\Desktop\\bolt\\backend\\src\\modules\\user\\controllers\\getMe.js": {"path":"C:\\Users\\asuss\\OneDrive\\Desktop\\bolt\\backend\\src\\modules\\user\\controllers\\getMe.js","statementMap":{"0":{"start":{"line":7,"column":21},"end":{"line":17,"column":2}},"1":{"start":{"line":8,"column":2},"end":{"line":8,"column":52}},"2":{"start":{"line":10,"column":2},"end":{"line":16,"column":4}}},"fnMap":{"0":{"name":"(anonymous_0)","decl":{"start":{"line":7,"column":34},"end":{"line":7,"column":35}},"loc":{"start":{"line":7,"column":54},"end":{"line":17,"column":1}},"line":7}},"branchMap":{},"s":{"0":1,"1":1,"2":1},"f":{"0":1},"b":{},"inputSourceMap":null,"_coverageSchema":"1a1c01bbd47fc00a2c39e90264f33305004495a9","hash":"ed35d787fd6ba7dbd07b669cbf9b0650b510ab4f"}
,"C:\\Users\\asuss\\OneDrive\\Desktop\\bolt\\backend\\src\\modules\\user\\controllers\\getProfile.js": {"path":"C:\\Users\\asuss\\OneDrive\\Desktop\\bolt\\backend\\src\\modules\\user\\controllers\\getProfile.js","statementMap":{"0":{"start":{"line":10,"column":26},"end":{"line":35,"column":2}},"1":{"start":{"line":11,"column":2},"end":{"line":11,"column":57}},"2":{"start":{"line":12,"column":13},"end":{"line":12,"column":26}},"3":{"start":{"line":14,"column":2},"end":{"line":16,"column":3}},"4":{"start":{"line":15,"column":4},"end":{"line":15,"column":57}},"5":{"start":{"line":18,"column":2},"end":{"line":20,"column":3}},"6":{"start":{"line":19,"column":4},"end":{"line":19,"column":34}},"7":{"start":{"line":22,"column":15},"end":{"line":22,"column":58}},"8":{"start":{"line":24,"column":2},"end":{"line":26,"column":3}},"9":{"start":{"line":25,"column":4},"end":{"line":25,"column":38}},"10":{"start":{"line":28,"column":2},"end":{"line":34,"column":4}}},"fnMap":{"0":{"name":"(anonymous_0)","decl":{"start":{"line":10,"column":39},"end":{"line":10,"column":40}},"loc":{"start":{"line":10,"column":59},"end":{"line":35,"column":1}},"line":10}},"branchMap":{"0":{"loc":{"start":{"line":14,"column":2},"end":{"line":16,"column":3}},"type":"if","locations":[{"start":{"line":14,"column":2},"end":{"line":16,"column":3}},{"start":{},"end":{}}],"line":14},"1":{"loc":{"start":{"line":18,"column":2},"end":{"line":20,"column":3}},"type":"if","locations":[{"start":{"line":18,"column":2},"end":{"line":20,"column":3}},{"start":{},"end":{}}],"line":18},"2":{"loc":{"start":{"line":24,"column":2},"end":{"line":26,"column":3}},"type":"if","locations":[{"start":{"line":24,"column":2},"end":{"line":26,"column":3}},{"start":{},"end":{}}],"line":24}},"s":{"0":1,"1":0,"2":0,"3":0,"4":0,"5":0,"6":0,"7":0,"8":0,"9":0,"10":0},"f":{"0":0},"b":{"0":[0,0],"1":[0,0],"2":[0,0]},"inputSourceMap":null,"_coverageSchema":"1a1c01bbd47fc00a2c39e90264f33305004495a9","hash":"ff93a3a115db84f10cc38638d950023c2d54ac87"}
,"C:\\Users\\asuss\\OneDrive\\Desktop\\bolt\\backend\\src\\modules\\user\\controllers\\search.js": {"path":"C:\\Users\\asuss\\OneDrive\\Desktop\\bolt\\backend\\src\\modules\\user\\controllers\\search.js","statementMap":{"0":{"start":{"line":6,"column":32},"end":{"line":29,"column":1}},"1":{"start":{"line":13,"column":6},"end":{"line":13,"column":15}},"2":{"start":{"line":15,"column":24},"end":{"line":15,"column":36}},"3":{"start":{"line":17,"column":16},"end":{"line":21,"column":4}},"4":{"start":{"line":22,"column":2},"end":{"line":28,"column":4}}},"fnMap":{"0":{"name":"(anonymous_0)","decl":{"start":{"line":6,"column":32},"end":{"line":6,"column":33}},"loc":{"start":{"line":6,"column":52},"end":{"line":29,"column":1}},"line":6}},"branchMap":{"0":{"loc":{"start":{"line":9,"column":4},"end":{"line":9,"column":18}},"type":"default-arg","locations":[{"start":{"line":9,"column":13},"end":{"line":9,"column":18}}],"line":9},"1":{"loc":{"start":{"line":19,"column":18},"end":{"line":19,"column":38}},"type":"binary-expr","locations":[{"start":{"line":19,"column":18},"end":{"line":19,"column":30}},{"start":{"line":19,"column":34},"end":{"line":19,"column":38}}],"line":19},"2":{"loc":{"start":{"line":20,"column":14},"end":{"line":20,"column":32}},"type":"binary-expr","locations":[{"start":{"line":20,"column":14},"end":{"line":20,"column":22}},{"start":{"line":20,"column":26},"end":{"line":20,"column":32}}],"line":20}},"s":{"0":1,"1":0,"2":0,"3":0,"4":0},"f":{"0":0},"b":{"0":[0],"1":[0,0],"2":[0,0]},"inputSourceMap":null,"_coverageSchema":"1a1c01bbd47fc00a2c39e90264f33305004495a9","hash":"a49a260746840975a270b901dbc69c603f8f7b70"}
,"C:\\Users\\asuss\\OneDrive\\Desktop\\bolt\\backend\\src\\modules\\user\\controllers\\updateMe.js": {"path":"C:\\Users\\asuss\\OneDrive\\Desktop\\bolt\\backend\\src\\modules\\user\\controllers\\updateMe.js","statementMap":{"0":{"start":{"line":10,"column":2},"end":{"line":10,"column":55}},"1":{"start":{"line":12,"column":24},"end":{"line":12,"column":32}},"2":{"start":{"line":13,"column":15},"end":{"line":13,"column":23}},"3":{"start":{"line":14,"column":15},"end":{"line":14,"column":23}},"4":{"start":{"line":16,"column":21},"end":{"line":16,"column":23}},"5":{"start":{"line":18,"column":2},"end":{"line":18,"column":35}},"6":{"start":{"line":18,"column":12},"end":{"line":18,"column":35}},"7":{"start":{"line":19,"column":2},"end":{"line":19,"column":32}},"8":{"start":{"line":19,"column":11},"end":{"line":19,"column":32}},"9":{"start":{"line":21,"column":2},"end":{"line":27,"column":3}},"10":{"start":{"line":22,"column":19},"end":{"line":22,"column":67}},"11":{"start":{"line":25,"column":4},"end":{"line":25,"column":42}},"12":{"start":{"line":26,"column":4},"end":{"line":26,"column":74}},"13":{"start":{"line":29,"column":22},"end":{"line":33,"column":24}},"14":{"start":{"line":35,"column":2},"end":{"line":41,"column":4}}},"fnMap":{"0":{"name":"updateMe","decl":{"start":{"line":9,"column":22},"end":{"line":9,"column":30}},"loc":{"start":{"line":9,"column":41},"end":{"line":42,"column":1}},"line":9}},"branchMap":{"0":{"loc":{"start":{"line":18,"column":2},"end":{"line":18,"column":35}},"type":"if","locations":[{"start":{"line":18,"column":2},"end":{"line":18,"column":35}},{"start":{},"end":{}}],"line":18},"1":{"loc":{"start":{"line":19,"column":2},"end":{"line":19,"column":32}},"type":"if","locations":[{"start":{"line":19,"column":2},"end":{"line":19,"column":32}},{"start":{},"end":{}}],"line":19},"2":{"loc":{"start":{"line":21,"column":2},"end":{"line":27,"column":3}},"type":"if","locations":[{"start":{"line":21,"column":2},"end":{"line":27,"column":3}},{"start":{},"end":{}}],"line":21}},"s":{"0":0,"1":0,"2":0,"3":0,"4":0,"5":0,"6":0,"7":0,"8":0,"9":0,"10":0,"11":0,"12":0,"13":0,"14":0},"f":{"0":0},"b":{"0":[0,0],"1":[0,0],"2":[0,0]},"inputSourceMap":null,"_coverageSchema":"1a1c01bbd47fc00a2c39e90264f33305004495a9","hash":"04af2dd9ec241349db1b6deb472fd000db73cfc2"}
,"C:\\Users\\asuss\\OneDrive\\Desktop\\bolt\\backend\\src\\modules\\user\\models\\user.js": {"path":"C:\\Users\\asuss\\OneDrive\\Desktop\\bolt\\backend\\src\\modules\\user\\models\\user.js","statementMap":{"0":{"start":{"line":7,"column":2},"end":{"line":7,"column":82}},"1":{"start":{"line":9,"column":19},"end":{"line":76,"column":1}},"2":{"start":{"line":79,"column":0},"end":{"line":97,"column":3}},"3":{"start":{"line":80,"column":2},"end":{"line":80,"column":50}},"4":{"start":{"line":80,"column":36},"end":{"line":80,"column":50}},"5":{"start":{"line":81,"column":2},"end":{"line":96,"column":3}},"6":{"start":{"line":82,"column":17},"end":{"line":82,"column":39}},"7":{"start":{"line":83,"column":4},"end":{"line":83,"column":59}},"8":{"start":{"line":86,"column":4},"end":{"line":90,"column":5}},"9":{"start":{"line":88,"column":23},"end":{"line":88,"column":42}},"10":{"start":{"line":89,"column":6},"end":{"line":89,"column":51}},"11":{"start":{"line":92,"column":4},"end":{"line":92,"column":11}},"12":{"start":{"line":94,"column":4},"end":{"line":94,"column":57}},"13":{"start":{"line":95,"column":4},"end":{"line":95,"column":16}},"14":{"start":{"line":100,"column":0},"end":{"line":112,"column":3}},"15":{"start":{"line":101,"column":2},"end":{"line":111,"column":3}},"16":{"start":{"line":102,"column":21},"end":{"line":102,"column":68}},"17":{"start":{"line":104,"column":4},"end":{"line":106,"column":5}},"18":{"start":{"line":105,"column":6},"end":{"line":105,"column":53}},"19":{"start":{"line":107,"column":4},"end":{"line":107,"column":11}},"20":{"start":{"line":109,"column":4},"end":{"line":109,"column":56}},"21":{"start":{"line":110,"column":4},"end":{"line":110,"column":14}},"22":{"start":{"line":115,"column":0},"end":{"line":117,"column":2}},"23":{"start":{"line":116,"column":2},"end":{"line":116,"column":49}},"24":{"start":{"line":119,"column":20},"end":{"line":119,"column":78}}},"fnMap":{"0":{"name":"(anonymous_0)","decl":{"start":{"line":79,"column":23},"end":{"line":79,"column":24}},"loc":{"start":{"line":79,"column":45},"end":{"line":97,"column":1}},"line":79},"1":{"name":"(anonymous_1)","decl":{"start":{"line":100,"column":24},"end":{"line":100,"column":25}},"loc":{"start":{"line":100,"column":51},"end":{"line":112,"column":1}},"line":100},"2":{"name":"(anonymous_2)","decl":{"start":{"line":115,"column":37},"end":{"line":115,"column":38}},"loc":{"start":{"line":115,"column":63},"end":{"line":117,"column":1}},"line":115}},"branchMap":{"0":{"loc":{"start":{"line":80,"column":2},"end":{"line":80,"column":50}},"type":"if","locations":[{"start":{"line":80,"column":2},"end":{"line":80,"column":50}},{"start":{},"end":{}}],"line":80},"1":{"loc":{"start":{"line":86,"column":4},"end":{"line":90,"column":5}},"type":"if","locations":[{"start":{"line":86,"column":4},"end":{"line":90,"column":5}},{"start":{},"end":{}}],"line":86},"2":{"loc":{"start":{"line":104,"column":4},"end":{"line":106,"column":5}},"type":"if","locations":[{"start":{"line":104,"column":4},"end":{"line":106,"column":5}},{"start":{},"end":{}}],"line":104},"3":{"loc":{"start":{"line":119,"column":20},"end":{"line":119,"column":78}},"type":"binary-expr","locations":[{"start":{"line":119,"column":20},"end":{"line":119,"column":40}},{"start":{"line":119,"column":44},"end":{"line":119,"column":78}}],"line":119}},"s":{"0":1,"1":1,"2":1,"3":4,"4":0,"5":4,"6":4,"7":4,"8":4,"9":4,"10":4,"11":4,"12":0,"13":0,"14":1,"15":4,"16":4,"17":4,"18":4,"19":4,"20":0,"21":0,"22":1,"23":3,"24":1},"f":{"0":4,"1":4,"2":3},"b":{"0":[0,4],"1":[4,0],"2":[4,0],"3":[1,1]},"inputSourceMap":null,"_coverageSchema":"1a1c01bbd47fc00a2c39e90264f33305004495a9","hash":"e09826ac66731d2194fbb6e5961da3e543c2a14f"}
,"C:\\Users\\asuss\\OneDrive\\Desktop\\bolt\\backend\\src\\modules\\user\\models\\userSetting.js": {"path":"C:\\Users\\asuss\\OneDrive\\Desktop\\bolt\\backend\\src\\modules\\user\\models\\userSetting.js","statementMap":{"0":{"start":{"line":3,"column":27},"end":{"line":21,"column":1}},"1":{"start":{"line":25,"column":28},"end":{"line":25,"column":78}}},"fnMap":{},"branchMap":{},"s":{"0":1,"1":1},"f":{},"b":{},"inputSourceMap":null,"_coverageSchema":"1a1c01bbd47fc00a2c39e90264f33305004495a9","hash":"d14f0e95cbc7b0ddc7546430eaaedbcfe882a092"}
,"C:\\Users\\asuss\\OneDrive\\Desktop\\bolt\\backend\\src\\modules\\user\\routes\\index.js": {"path":"C:\\Users\\asuss\\OneDrive\\Desktop\\bolt\\backend\\src\\modules\\user\\routes\\index.js","statementMap":{"0":{"start":{"line":20,"column":22},"end":{"line":20,"column":30}},"1":{"start":{"line":22,"column":15},"end":{"line":98,"column":1}},"2":{"start":{"line":101,"column":0},"end":{"line":103,"column":3}},"3":{"start":{"line":102,"column":2},"end":{"line":102,"column":61}}},"fnMap":{"0":{"name":"(anonymous_0)","decl":{"start":{"line":101,"column":15},"end":{"line":101,"column":16}},"loc":{"start":{"line":101,"column":58},"end":{"line":103,"column":1}},"line":101}},"branchMap":{},"s":{"0":1,"1":1,"2":1,"3":12},"f":{"0":12},"b":{},"inputSourceMap":null,"_coverageSchema":"1a1c01bbd47fc00a2c39e90264f33305004495a9","hash":"c0e27e0cb7e3c85ad69bd2a6fca78d84d10f7b90"}
,"C:\\Users\\asuss\\OneDrive\\Desktop\\bolt\\backend\\src\\modules\\user\\user_relation\\acceptFriendRequest.js": {"path":"C:\\Users\\asuss\\OneDrive\\Desktop\\bolt\\backend\\src\\modules\\user\\user_relation\\acceptFriendRequest.js","statementMap":{"0":{"start":{"line":8,"column":2},"end":{"line":8,"column":54}},"1":{"start":{"line":10,"column":21},"end":{"line":10,"column":33}},"2":{"start":{"line":11,"column":19},"end":{"line":11,"column":32}},"3":{"start":{"line":13,"column":19},"end":{"line":13,"column":50}},"4":{"start":{"line":14,"column":17},"end":{"line":14,"column":46}},"5":{"start":{"line":16,"column":2},"end":{"line":64,"column":3}},"6":{"start":{"line":18,"column":6},"end":{"line":22,"column":9}},"7":{"start":{"line":25,"column":6},"end":{"line":29,"column":9}},"8":{"start":{"line":33,"column":6},"end":{"line":35,"column":8}},"9":{"start":{"line":34,"column":16},"end":{"line":34,"column":42}},"10":{"start":{"line":36,"column":6},"end":{"line":38,"column":8}},"11":{"start":{"line":37,"column":16},"end":{"line":37,"column":55}},"12":{"start":{"line":41,"column":6},"end":{"line":41,"column":38}},"13":{"start":{"line":42,"column":6},"end":{"line":42,"column":38}},"14":{"start":{"line":44,"column":6},"end":{"line":44,"column":28}},"15":{"start":{"line":45,"column":6},"end":{"line":45,"column":26}},"16":{"start":{"line":47,"column":17},"end":{"line":47,"column":28}},"17":{"start":{"line":48,"column":31},"end":{"line":48,"column":56}},"18":{"start":{"line":49,"column":29},"end":{"line":49,"column":52}},"19":{"start":{"line":50,"column":6},"end":{"line":52,"column":9}},"20":{"start":{"line":53,"column":6},"end":{"line":55,"column":9}},"21":{"start":{"line":57,"column":6},"end":{"line":63,"column":8}}},"fnMap":{"0":{"name":"acceptFriendRequest","decl":{"start":{"line":7,"column":22},"end":{"line":7,"column":41}},"loc":{"start":{"line":7,"column":52},"end":{"line":65,"column":1}},"line":7},"1":{"name":"(anonymous_1)","decl":{"start":{"line":34,"column":8},"end":{"line":34,"column":9}},"loc":{"start":{"line":34,"column":16},"end":{"line":34,"column":42}},"line":34},"2":{"name":"(anonymous_2)","decl":{"start":{"line":37,"column":8},"end":{"line":37,"column":9}},"loc":{"start":{"line":37,"column":16},"end":{"line":37,"column":55}},"line":37}},"branchMap":{"0":{"loc":{"start":{"line":16,"column":2},"end":{"line":64,"column":3}},"type":"switch","locations":[{"start":{"line":17,"column":4},"end":{"line":22,"column":9}},{"start":{"line":24,"column":4},"end":{"line":29,"column":9}},{"start":{"line":31,"column":4},"end":{"line":63,"column":8}}],"line":16}},"s":{"0":0,"1":0,"2":0,"3":0,"4":0,"5":0,"6":0,"7":0,"8":0,"9":0,"10":0,"11":0,"12":0,"13":0,"14":0,"15":0,"16":0,"17":0,"18":0,"19":0,"20":0,"21":0},"f":{"0":0,"1":0,"2":0},"b":{"0":[0,0,0]},"inputSourceMap":null,"_coverageSchema":"1a1c01bbd47fc00a2c39e90264f33305004495a9","hash":"de08aa9edfa4541ac8cc2a889eb6b5843df3cf77"}
,"C:\\Users\\asuss\\OneDrive\\Desktop\\bolt\\backend\\src\\modules\\user\\user_relation\\rejectFriendRequest.js": {"path":"C:\\Users\\asuss\\OneDrive\\Desktop\\bolt\\backend\\src\\modules\\user\\user_relation\\rejectFriendRequest.js","statementMap":{"0":{"start":{"line":8,"column":2},"end":{"line":8,"column":54}},"1":{"start":{"line":10,"column":21},"end":{"line":10,"column":33}},"2":{"start":{"line":11,"column":19},"end":{"line":11,"column":32}},"3":{"start":{"line":13,"column":19},"end":{"line":13,"column":50}},"4":{"start":{"line":14,"column":17},"end":{"line":14,"column":46}},"5":{"start":{"line":16,"column":2},"end":{"line":61,"column":3}},"6":{"start":{"line":18,"column":6},"end":{"line":22,"column":9}},"7":{"start":{"line":25,"column":6},"end":{"line":29,"column":9}},"8":{"start":{"line":33,"column":6},"end":{"line":35,"column":8}},"9":{"start":{"line":34,"column":16},"end":{"line":34,"column":42}},"10":{"start":{"line":36,"column":6},"end":{"line":38,"column":8}},"11":{"start":{"line":37,"column":16},"end":{"line":37,"column":55}},"12":{"start":{"line":40,"column":6},"end":{"line":40,"column":28}},"13":{"start":{"line":41,"column":6},"end":{"line":41,"column":26}},"14":{"start":{"line":43,"column":17},"end":{"line":43,"column":28}},"15":{"start":{"line":44,"column":31},"end":{"line":44,"column":56}},"16":{"start":{"line":45,"column":29},"end":{"line":45,"column":52}},"17":{"start":{"line":46,"column":6},"end":{"line":48,"column":9}},"18":{"start":{"line":49,"column":6},"end":{"line":51,"column":9}},"19":{"start":{"line":53,"column":6},"end":{"line":59,"column":8}}},"fnMap":{"0":{"name":"rejectFriendRequest","decl":{"start":{"line":7,"column":22},"end":{"line":7,"column":41}},"loc":{"start":{"line":7,"column":52},"end":{"line":62,"column":1}},"line":7},"1":{"name":"(anonymous_1)","decl":{"start":{"line":34,"column":8},"end":{"line":34,"column":9}},"loc":{"start":{"line":34,"column":16},"end":{"line":34,"column":42}},"line":34},"2":{"name":"(anonymous_2)","decl":{"start":{"line":37,"column":8},"end":{"line":37,"column":9}},"loc":{"start":{"line":37,"column":16},"end":{"line":37,"column":55}},"line":37}},"branchMap":{"0":{"loc":{"start":{"line":16,"column":2},"end":{"line":61,"column":3}},"type":"switch","locations":[{"start":{"line":17,"column":4},"end":{"line":22,"column":9}},{"start":{"line":24,"column":4},"end":{"line":29,"column":9}},{"start":{"line":31,"column":4},"end":{"line":59,"column":8}}],"line":16}},"s":{"0":0,"1":0,"2":0,"3":0,"4":0,"5":0,"6":0,"7":0,"8":0,"9":0,"10":0,"11":0,"12":0,"13":0,"14":0,"15":0,"16":0,"17":0,"18":0,"19":0},"f":{"0":0,"1":0,"2":0},"b":{"0":[0,0,0]},"inputSourceMap":null,"_coverageSchema":"1a1c01bbd47fc00a2c39e90264f33305004495a9","hash":"28520fbd5da078e491bc3587bec6b3ed2c35e066"}
,"C:\\Users\\asuss\\OneDrive\\Desktop\\bolt\\backend\\src\\modules\\user\\user_relation\\removeFriend.js": {"path":"C:\\Users\\asuss\\OneDrive\\Desktop\\bolt\\backend\\src\\modules\\user\\user_relation\\removeFriend.js","statementMap":{"0":{"start":{"line":8,"column":2},"end":{"line":8,"column":47}},"1":{"start":{"line":10,"column":17},"end":{"line":10,"column":29}},"2":{"start":{"line":11,"column":19},"end":{"line":11,"column":32}},"3":{"start":{"line":13,"column":15},"end":{"line":13,"column":42}},"4":{"start":{"line":14,"column":17},"end":{"line":14,"column":46}},"5":{"start":{"line":16,"column":2},"end":{"line":54,"column":3}},"6":{"start":{"line":18,"column":6},"end":{"line":22,"column":9}},"7":{"start":{"line":25,"column":6},"end":{"line":29,"column":9}},"8":{"start":{"line":33,"column":6},"end":{"line":33,"column":77}},"9":{"start":{"line":33,"column":49},"end":{"line":33,"column":75}},"10":{"start":{"line":34,"column":6},"end":{"line":36,"column":8}},"11":{"start":{"line":35,"column":16},"end":{"line":35,"column":51}},"12":{"start":{"line":38,"column":6},"end":{"line":38,"column":24}},"13":{"start":{"line":39,"column":6},"end":{"line":39,"column":26}},"14":{"start":{"line":41,"column":17},"end":{"line":41,"column":28}},"15":{"start":{"line":42,"column":27},"end":{"line":42,"column":48}},"16":{"start":{"line":43,"column":29},"end":{"line":43,"column":52}},"17":{"start":{"line":44,"column":6},"end":{"line":44,"column":65}},"18":{"start":{"line":45,"column":6},"end":{"line":45,"column":69}},"19":{"start":{"line":47,"column":6},"end":{"line":53,"column":8}}},"fnMap":{"0":{"name":"removeFriend","decl":{"start":{"line":7,"column":22},"end":{"line":7,"column":34}},"loc":{"start":{"line":7,"column":45},"end":{"line":55,"column":1}},"line":7},"1":{"name":"(anonymous_1)","decl":{"start":{"line":33,"column":41},"end":{"line":33,"column":42}},"loc":{"start":{"line":33,"column":49},"end":{"line":33,"column":75}},"line":33},"2":{"name":"(anonymous_2)","decl":{"start":{"line":35,"column":8},"end":{"line":35,"column":9}},"loc":{"start":{"line":35,"column":16},"end":{"line":35,"column":51}},"line":35}},"branchMap":{"0":{"loc":{"start":{"line":16,"column":2},"end":{"line":54,"column":3}},"type":"switch","locations":[{"start":{"line":17,"column":4},"end":{"line":22,"column":9}},{"start":{"line":24,"column":4},"end":{"line":29,"column":9}},{"start":{"line":31,"column":4},"end":{"line":53,"column":8}}],"line":16}},"s":{"0":0,"1":0,"2":0,"3":0,"4":0,"5":0,"6":0,"7":0,"8":0,"9":0,"10":0,"11":0,"12":0,"13":0,"14":0,"15":0,"16":0,"17":0,"18":0,"19":0},"f":{"0":0,"1":0,"2":0},"b":{"0":[0,0,0]},"inputSourceMap":null,"_coverageSchema":"1a1c01bbd47fc00a2c39e90264f33305004495a9","hash":"4579ea0b05260535a3b847316609c54200e8e1e9"}
,"C:\\Users\\asuss\\OneDrive\\Desktop\\bolt\\backend\\src\\modules\\user\\user_relation\\sendFriendRequest.js": {"path":"C:\\Users\\asuss\\OneDrive\\Desktop\\bolt\\backend\\src\\modules\\user\\user_relation\\sendFriendRequest.js","statementMap":{"0":{"start":{"line":8,"column":2},"end":{"line":8,"column":51}},"1":{"start":{"line":9,"column":19},"end":{"line":9,"column":31}},"2":{"start":{"line":10,"column":21},"end":{"line":10,"column":34}},"3":{"start":{"line":12,"column":2},"end":{"line":18,"column":3}},"4":{"start":{"line":13,"column":4},"end":{"line":17,"column":7}},"5":{"start":{"line":20,"column":17},"end":{"line":20,"column":46}},"6":{"start":{"line":21,"column":19},"end":{"line":21,"column":50}},"7":{"start":{"line":23,"column":2},"end":{"line":79,"column":3}},"8":{"start":{"line":25,"column":6},"end":{"line":29,"column":9}},"9":{"start":{"line":32,"column":6},"end":{"line":36,"column":9}},"10":{"start":{"line":39,"column":6},"end":{"line":43,"column":9}},"11":{"start":{"line":46,"column":6},"end":{"line":50,"column":9}},"12":{"start":{"line":53,"column":6},"end":{"line":53,"column":39}},"13":{"start":{"line":54,"column":6},"end":{"line":54,"column":38}},"14":{"start":{"line":55,"column":6},"end":{"line":55,"column":26}},"15":{"start":{"line":56,"column":6},"end":{"line":56,"column":28}},"16":{"start":{"line":58,"column":17},"end":{"line":58,"column":28}},"17":{"start":{"line":60,"column":31},"end":{"line":60,"column":56}},"18":{"start":{"line":61,"column":29},"end":{"line":61,"column":52}},"19":{"start":{"line":62,"column":6},"end":{"line":64,"column":9}},"20":{"start":{"line":65,"column":6},"end":{"line":67,"column":9}},"21":{"start":{"line":68,"column":6},"end":{"line":70,"column":9}},"22":{"start":{"line":72,"column":6},"end":{"line":78,"column":8}}},"fnMap":{"0":{"name":"sendFriendRequest","decl":{"start":{"line":7,"column":22},"end":{"line":7,"column":39}},"loc":{"start":{"line":7,"column":50},"end":{"line":80,"column":1}},"line":7}},"branchMap":{"0":{"loc":{"start":{"line":12,"column":2},"end":{"line":18,"column":3}},"type":"if","locations":[{"start":{"line":12,"column":2},"end":{"line":18,"column":3}},{"start":{},"end":{}}],"line":12},"1":{"loc":{"start":{"line":23,"column":2},"end":{"line":79,"column":3}},"type":"switch","locations":[{"start":{"line":24,"column":4},"end":{"line":29,"column":9}},{"start":{"line":31,"column":4},"end":{"line":36,"column":9}},{"start":{"line":38,"column":4},"end":{"line":43,"column":9}},{"start":{"line":45,"column":4},"end":{"line":50,"column":9}},{"start":{"line":52,"column":4},"end":{"line":78,"column":8}}],"line":23}},"s":{"0":0,"1":0,"2":0,"3":0,"4":0,"5":0,"6":0,"7":0,"8":0,"9":0,"10":0,"11":0,"12":0,"13":0,"14":0,"15":0,"16":0,"17":0,"18":0,"19":0,"20":0,"21":0,"22":0},"f":{"0":0},"b":{"0":[0,0],"1":[0,0,0,0,0]},"inputSourceMap":null,"_coverageSchema":"1a1c01bbd47fc00a2c39e90264f33305004495a9","hash":"ec8236bcde6885a94f6e4552c3ddda4524078857"}
,"C:\\Users\\asuss\\OneDrive\\Desktop\\bolt\\backend\\src\\modules\\user\\user_setting\\getSetting.js": {"path":"C:\\Users\\asuss\\OneDrive\\Desktop\\bolt\\backend\\src\\modules\\user\\user_setting\\getSetting.js","statementMap":{"0":{"start":{"line":7,"column":2},"end":{"line":7,"column":29}},"1":{"start":{"line":9,"column":2},"end":{"line":9,"column":58}},"2":{"start":{"line":10,"column":2},"end":{"line":55,"column":3}},"3":{"start":{"line":11,"column":20},"end":{"line":11,"column":28}},"4":{"start":{"line":13,"column":21},"end":{"line":13,"column":64}},"5":{"start":{"line":15,"column":4},"end":{"line":18,"column":5}},"6":{"start":{"line":16,"column":6},"end":{"line":16,"column":54}},"7":{"start":{"line":17,"column":6},"end":{"line":17,"column":49}},"8":{"start":{"line":20,"column":4},"end":{"line":23,"column":6}},"9":{"start":{"line":25,"column":4},"end":{"line":29,"column":7}},"10":{"start":{"line":31,"column":21},"end":{"line":31,"column":55}},"11":{"start":{"line":32,"column":18},"end":{"line":32,"column":49}},"12":{"start":{"line":34,"column":4},"end":{"line":43,"column":5}},"13":{"start":{"line":36,"column":8},"end":{"line":36,"column":46}},"14":{"start":{"line":37,"column":8},"end":{"line":37,"column":44}},"15":{"start":{"line":38,"column":8},"end":{"line":38,"column":14}},"16":{"start":{"line":41,"column":8},"end":{"line":41,"column":43}},"17":{"start":{"line":42,"column":8},"end":{"line":42,"column":14}},"18":{"start":{"line":45,"column":4},"end":{"line":48,"column":6}},"19":{"start":{"line":50,"column":4},"end":{"line":54,"column":7}}},"fnMap":{"0":{"name":"getSettings","decl":{"start":{"line":6,"column":22},"end":{"line":6,"column":33}},"loc":{"start":{"line":6,"column":44},"end":{"line":56,"column":1}},"line":6}},"branchMap":{"0":{"loc":{"start":{"line":15,"column":4},"end":{"line":18,"column":5}},"type":"if","locations":[{"start":{"line":15,"column":4},"end":{"line":18,"column":5}},{"start":{},"end":{}}],"line":15},"1":{"loc":{"start":{"line":34,"column":4},"end":{"line":43,"column":5}},"type":"switch","locations":[{"start":{"line":35,"column":6},"end":{"line":38,"column":14}},{"start":{"line":40,"column":6},"end":{"line":42,"column":14}}],"line":34},"2":{"loc":{"start":{"line":41,"column":18},"end":{"line":41,"column":42}},"type":"binary-expr","locations":[{"start":{"line":41,"column":18},"end":{"line":41,"column":31}},{"start":{"line":41,"column":35},"end":{"line":41,"column":42}}],"line":41},"3":{"loc":{"start":{"line":47,"column":6},"end":{"line":47,"column":68}},"type":"binary-expr","locations":[{"start":{"line":47,"column":6},"end":{"line":47,"column":57}},{"start":{"line":47,"column":61},"end":{"line":47,"column":68}}],"line":47}},"s":{"0":0,"1":0,"2":0,"3":0,"4":0,"5":0,"6":0,"7":0,"8":0,"9":0,"10":0,"11":0,"12":0,"13":0,"14":0,"15":0,"16":0,"17":0,"18":0,"19":0},"f":{"0":0},"b":{"0":[0,0],"1":[0,0],"2":[0,0],"3":[0,0]},"inputSourceMap":null,"_coverageSchema":"1a1c01bbd47fc00a2c39e90264f33305004495a9","hash":"8394787e3bcff24c1abbf5b8474ee8210519f05c"}
,"C:\\Users\\asuss\\OneDrive\\Desktop\\bolt\\backend\\src\\modules\\user\\user_setting\\updateSetting.js": {"path":"C:\\Users\\asuss\\OneDrive\\Desktop\\bolt\\backend\\src\\modules\\user\\user_setting\\updateSetting.js","statementMap":{"0":{"start":{"line":7,"column":2},"end":{"line":7,"column":61}},"1":{"start":{"line":9,"column":2},"end":{"line":71,"column":3}},"2":{"start":{"line":10,"column":20},"end":{"line":10,"column":28}},"3":{"start":{"line":11,"column":47},"end":{"line":11,"column":55}},"4":{"start":{"line":13,"column":4},"end":{"line":15,"column":5}},"5":{"start":{"line":14,"column":6},"end":{"line":14,"column":45}},"6":{"start":{"line":17,"column":21},"end":{"line":24,"column":5}},"7":{"start":{"line":26,"column":4},"end":{"line":29,"column":5}},"8":{"start":{"line":27,"column":6},"end":{"line":27,"column":65}},"9":{"start":{"line":28,"column":6},"end":{"line":28,"column":49}},"10":{"start":{"line":31,"column":4},"end":{"line":34,"column":6}},"11":{"start":{"line":36,"column":4},"end":{"line":40,"column":7}},"12":{"start":{"line":42,"column":21},"end":{"line":42,"column":55}},"13":{"start":{"line":43,"column":18},"end":{"line":43,"column":49}},"14":{"start":{"line":45,"column":4},"end":{"line":59,"column":5}},"15":{"start":{"line":47,"column":8},"end":{"line":47,"column":46}},"16":{"start":{"line":48,"column":8},"end":{"line":48,"column":44}},"17":{"start":{"line":49,"column":8},"end":{"line":49,"column":14}},"18":{"start":{"line":52,"column":8},"end":{"line":52,"column":46}},"19":{"start":{"line":53,"column":8},"end":{"line":53,"column":64}},"20":{"start":{"line":54,"column":8},"end":{"line":54,"column":14}},"21":{"start":{"line":57,"column":8},"end":{"line":57,"column":43}},"22":{"start":{"line":58,"column":8},"end":{"line":58,"column":14}},"23":{"start":{"line":61,"column":4},"end":{"line":64,"column":6}},"24":{"start":{"line":66,"column":4},"end":{"line":70,"column":7}}},"fnMap":{"0":{"name":"updateSettings","decl":{"start":{"line":6,"column":22},"end":{"line":6,"column":36}},"loc":{"start":{"line":6,"column":47},"end":{"line":72,"column":1}},"line":6}},"branchMap":{"0":{"loc":{"start":{"line":13,"column":4},"end":{"line":15,"column":5}},"type":"if","locations":[{"start":{"line":13,"column":4},"end":{"line":15,"column":5}},{"start":{},"end":{}}],"line":13},"1":{"loc":{"start":{"line":13,"column":8},"end":{"line":13,"column":68}},"type":"binary-expr","locations":[{"start":{"line":13,"column":8},"end":{"line":13,"column":42}},{"start":{"line":13,"column":46},"end":{"line":13,"column":68}}],"line":13},"2":{"loc":{"start":{"line":20,"column":12},"end":{"line":20,"column":74}},"type":"binary-expr","locations":[{"start":{"line":20,"column":12},"end":{"line":20,"column":46}},{"start":{"line":20,"column":50},"end":{"line":20,"column":74}}],"line":20},"3":{"loc":{"start":{"line":21,"column":12},"end":{"line":21,"column":50}},"type":"binary-expr","locations":[{"start":{"line":21,"column":12},"end":{"line":21,"column":34}},{"start":{"line":21,"column":38},"end":{"line":21,"column":50}}],"line":21},"4":{"loc":{"start":{"line":26,"column":4},"end":{"line":29,"column":5}},"type":"if","locations":[{"start":{"line":26,"column":4},"end":{"line":29,"column":5}},{"start":{},"end":{}}],"line":26},"5":{"loc":{"start":{"line":45,"column":4},"end":{"line":59,"column":5}},"type":"switch","locations":[{"start":{"line":46,"column":6},"end":{"line":49,"column":14}},{"start":{"line":51,"column":6},"end":{"line":54,"column":14}},{"start":{"line":56,"column":6},"end":{"line":58,"column":14}}],"line":45},"6":{"loc":{"start":{"line":57,"column":18},"end":{"line":57,"column":42}},"type":"binary-expr","locations":[{"start":{"line":57,"column":18},"end":{"line":57,"column":31}},{"start":{"line":57,"column":35},"end":{"line":57,"column":42}}],"line":57},"7":{"loc":{"start":{"line":63,"column":6},"end":{"line":63,"column":68}},"type":"binary-expr","locations":[{"start":{"line":63,"column":6},"end":{"line":63,"column":57}},{"start":{"line":63,"column":61},"end":{"line":63,"column":68}}],"line":63}},"s":{"0":0,"1":0,"2":0,"3":0,"4":0,"5":0,"6":0,"7":0,"8":0,"9":0,"10":0,"11":0,"12":0,"13":0,"14":0,"15":0,"16":0,"17":0,"18":0,"19":0,"20":0,"21":0,"22":0,"23":0,"24":0},"f":{"0":0},"b":{"0":[0,0],"1":[0,0],"
[...]
:{"start":{"line":72,"column":4},"end":{"line":72,"column":14}}},"fnMap":{"0":{"name":"(anonymous_0)","decl":{"start":{"line":3,"column":27},"end":{"line":3,"column":28}},"loc":{"start":{"line":8,"column":5},"end":{"line":74,"column":1}},"line":8}},"branchMap":{"0":{"loc":{"start":{"line":6,"column":2},"end":{"line":6,"column":16}},"type":"default-arg","locations":[{"start":{"line":6,"column":11},"end":{"line":6,"column":16}}],"line":6},"1":{"loc":{"start":{"line":7,"column":2},"end":{"line":7,"column":14}},"type":"default-arg","locations":[{"start":{"line":7,"column":12},"end":{"line":7,"column":14}}],"line":7},"2":{"loc":{"start":{"line":10,"column":4},"end":{"line":10,"column":26}},"type":"if","locations":[{"start":{"line":10,"column":4},"end":{"line":10,"column":26}},{"start":{},"end":{}}],"line":10},"3":{"loc":{"start":{"line":13,"column":6},"end":{"line":13,"column":28}},"type":"default-arg","locations":[{"start":{"line":13,"column":23},"end":{"line":13,"column":28}}],"line":13},"4":{"loc":{"start":{"line":14,"column":6},"end":{"line":14,"column":25}},"type":"default-arg","locations":[{"start":{"line":14,"column":21},"end":{"line":14,"column":25}}],"line":14},"5":{"loc":{"start":{"line":15,"column":6},"end":{"line":15,"column":23}},"type":"default-arg","locations":[{"start":{"line":15,"column":17},"end":{"line":15,"column":23}}],"line":15},"6":{"loc":{"start":{"line":23,"column":4},"end":{"line":23,"column":32}},"type":"if","locations":[{"start":{"line":23,"column":4},"end":{"line":23,"column":32}},{"start":{},"end":{}}],"line":23},"7":{"loc":{"start":{"line":35,"column":4},"end":{"line":41,"column":5}},"type":"if","locations":[{"start":{"line":35,"column":4},"end":{"line":41,"column":5}},{"start":{"line":37,"column":11},"end":{"line":41,"column":5}}],"line":35},"8":{"loc":{"start":{"line":37,"column":11},"end":{"line":41,"column":5}},"type":"if","locations":[{"start":{"line":37,"column":11},"end":{"line":41,"column":5}},{"start":{"line":39,"column":11},"end":{"line":41,"column":5}}],"line":37},"9":{"loc":{"start":{"line":44,"column":4},"end":{"line":46,"column":5}},"type":"if","locations":[{"start":{"line":44,"column":4},"end":{"line":46,"column":5}},{"start":{},"end":{}}],"line":44},"10":{"loc":{"start":{"line":44,"column":8},"end":{"line":44,"column":51}},"type":"binary-expr","locations":[{"start":{"line":44,"column":8},"end":{"line":44,"column":24}},{"start":{"line":44,"column":28},"end":{"line":44,"column":51}}],"line":44},"11":{"loc":{"start":{"line":49,"column":4},"end":{"line":54,"column":5}},"type":"if","locations":[{"start":{"line":49,"column":4},"end":{"line":54,"column":5}},{"start":{},"end":{}}],"line":49},"12":{"loc":{"start":{"line":49,"column":8},"end":{"line":49,"column":56}},"type":"binary-expr","locations":[{"start":{"line":49,"column":8},"end":{"line":49,"column":22}},{"start":{"line":49,"column":26},"end":{"line":49,"column":56}}],"line":49},"13":{"loc":{"start":{"line":51,"column":12},"end":{"line":51,"column":32}},"type":"binary-expr","locations":[{"start":{"line":51,"column":12},"end":{"line":51,"column":26}},{"start":{"line":51,"column":30},"end":{"line":51,"column":32}}],"line":51},"14":{"loc":{"start":{"line":57,"column":4},"end":{"line":62,"column":5}},"type":"if","locations":[{"start":{"line":57,"column":4},"end":{"line":62,"column":5}},{"start":{},"end":{}}],"line":57},"15":{"loc":{"start":{"line":59,"column":12},"end":{"line":59,"column":34}},"type":"binary-expr","locations":[{"start":{"line":59,"column":12},"end":{"line":59,"column":28}},{"start":{"line":59,"column":32},"end":{"line":59,"column":34}}],"line":59}},"s":{"0":1,"1":0,"2":0,"3":0,"4":0,"5":0,"6":0,"7":0,"8":0,"9":0,"10":0,"11":0,"12":0,"13":0,"14":0,"15":0,"16":0,"17":0,"18":0,"19":0,"20":0,"21":0,"22":0,"23":0,"24":0,"25":0},"f":{"0":0},"b":{"0":[0],"1":[0],"2":[0,0],"3":[0],"4":[0],"5":[0],"6":[0,0],"7":[0,0],"8":[0,0],"9":[0,0],"10":[0,0],"11":[0,0],"12":[0,0],"13":[0,0],"14":[0,0],"15":[0,0]},"inputSourceMap":null,"_coverageSchema":"1a1c01bbd47fc00a2c39e90264f33305004495a9","hash":"4a324657a4b84df5384832d7fa8d433866ecca85"}
,"C:\\Users\\asuss\\OneDrive\\Desktop\\bolt\\backend\\src\\services\\mail.js": {"path":"C:\\Users\\asuss\\OneDrive\\Desktop\\bolt\\backend\\src\\services\\mail.js","statementMap":{"0":{"start":{"line":5,"column":0},"end":{"line":5,"column":16}},"1":{"start":{"line":7,"column":20},"end":{"line":13,"column":2}},"2":{"start":{"line":16,"column":2},"end":{"line":38,"column":4}},"3":{"start":{"line":18,"column":26},"end":{"line":23,"column":7}},"4":{"start":{"line":25,"column":6},"end":{"line":25,"column":47}},"5":{"start":{"line":29,"column":26},"end":{"line":34,"column":7}},"6":{"start":{"line":36,"column":6},"end":{"line":36,"column":47}}},"fnMap":{"0":{"name":"sendEmail","decl":{"start":{"line":15,"column":16},"end":{"line":15,"column":25}},"loc":{"start":{"line":15,"column":28},"end":{"line":39,"column":1}},"line":15},"1":{"name":"(anonymous_1)","decl":{"start":{"line":17,"column":21},"end":{"line":17,"column":22}},"loc":{"start":{"line":17,"column":55},"end":{"line":26,"column":5}},"line":17},"2":{"name":"(anonymous_2)","decl":{"start":{"line":28,"column":21},"end":{"line":28,"column":22}},"loc":{"start":{"line":28,"column":56},"end":{"line":37,"column":5}},"line":28}},"branchMap":{},"s":{"0":1,"1":1,"2":0,"3":0,"4":0,"5":0,"6":0},"f":{"0":0,"1":0,"2":0},"b":{},"inputSourceMap":null,"_coverageSchema":"1a1c01bbd47fc00a2c39e90264f33305004495a9","hash":"2323a0b17697295c0ee3bf284d432b5d837e801f"}
,"C:\\Users\\asuss\\OneDrive\\Desktop\\bolt\\backend\\src\\services\\uploadToCloudinary.js": {"path":"C:\\Users\\asuss\\OneDrive\\Desktop\\bolt\\backend\\src\\services\\uploadToCloudinary.js","statementMap":{"0":{"start":{"line":9,"column":2},"end":{"line":42,"column":5}},"1":{"start":{"line":10,"column":19},"end":{"line":10,"column":55}},"2":{"start":{"line":12,"column":19},"end":{"line":22,"column":5}},"3":{"start":{"line":18,"column":8},"end":{"line":18,"column":22}},"4":{"start":{"line":19,"column":8},"end":{"line":19,"column":40}},"5":{"start":{"line":19,"column":19},"end":{"line":19,"column":40}},"6":{"start":{"line":20,"column":8},"end":{"line":20,"column":31}},"7":{"start":{"line":25,"column":23},"end":{"line":25,"column":32}},"8":{"start":{"line":26,"column":17},"end":{"line":26,"column":18}},"9":{"start":{"line":29,"column":6},"end":{"line":38,"column":7}},"10":{"start":{"line":30,"column":20},"end":{"line":30,"column":68}},"11":{"start":{"line":31,"column":22},"end":{"line":31,"column":51}},"12":{"start":{"line":32,"column":8},"end":{"line":32,"column":28}},"13":{"start":{"line":33,"column":8},"end":{"line":33,"column":21}},"14":{"start":{"line":34,"column":8},"end":{"line":34,"column":30}},"15":{"start":{"line":35,"column":8},"end":{"line":35,"column":40}},"16":{"start":{"line":37,"column":8},"end":{"line":37,"column":21}},"17":{"start":{"line":41,"column":4},"end":{"line":41,"column":22}}},"fnMap":{"0":{"name":"uploadToCloudinary","decl":{"start":{"line":4,"column":22},"end":{"line":4,"column":40}},"loc":{"start":{"line":8,"column":2},"end":{"line":43,"column":1}},"line":8},"1":{"name":"(anonymous_1)","decl":{"start":{"line":9,"column":21},"end":{"line":9,"column":22}},"loc":{"start":{"line":9,"column":42},"end":{"line":42,"column":3}},"line":9},"2":{"name":"(anonymous_2)","decl":{"start":{"line":17,"column":6},"end":{"line":17,"column":7}},"loc":{"start":{"line":17,"column":25},"end":{"line":21,"column":7}},"line":17},"3":{"name":"streamNextChunk","decl":{"start":{"line":28,"column":13},"end":{"line":28,"column":28}},"loc":{"start":{"line":28,"column":31},"end":{"line":39,"column":5}},"line":28}},"branchMap":{"0":{"loc":{"start":{"line":7,"column":2},"end":{"line":7,"column":20}},"type":"default-arg","locations":[{"start":{"line":7,"column":11},"end":{"line":7,"column":20}}],"line":7},"1":{"loc":{"start":{"line":19,"column":8},"end":{"line":19,"column":40}},"type":"if","locations":[{"start":{"line":19,"column":8},"end":{"line":19,"column":40}},{"start":{},"end":{}}],"line":19},"2":{"loc":{"start":{"line":29,"column":6},"end":{"line":38,"column":7}},"type":"if","locations":[{"start":{"line":29,"column":6},"end":{"line":38,"column":7}},{"start":{"line":36,"column":13},"end":{"line":38,"column":7}}],"line":29}},"s":{"0":0,"1":0,"2":0,"3":0,"4":0,"5":0,"6":0,"7":0,"8":0,"9":0,"10":0,"11":0,"12":0,"13":0,"14":0,"15":0,"16":0,"17":0},"f":{"0":0,"1":0,"2":0,"3":0},"b":{"0":[0],"1":[0,0],"2":[0,0]},"inputSourceMap":null,"_coverageSchema":"1a1c01bbd47fc00a2c39e90264f33305004495a9","hash":"88806b1700f4b75a1632c098c361b863bc88b759"}
,"C:\\Users\\asuss\\OneDrive\\Desktop\\bolt\\backend\\src\\utils\\asyncHandler.js": {"path":"C:\\Users\\asuss\\OneDrive\\Desktop\\bolt\\backend\\src\\utils\\asyncHandler.js","statementMap":{"0":{"start":{"line":2,"column":28},"end":{"line":3,"column":49}},"1":{"start":{"line":2,"column":36},"end":{"line":3,"column":49}},"2":{"start":{"line":3,"column":2},"end":{"line":3,"column":49}}},"fnMap":{"0":{"name":"(anonymous_0)","decl":{"start":{"line":2,"column":28},"end":{"line":2,"column":29}},"loc":{"start":{"line":2,"column":36},"end":{"line":3,"column":49}},"line":2},"1":{"name":"(anonymous_1)","decl":{"start":{"line":2,"column":36},"end":{"line":2,"column":37}},"loc":{"start":{"line":3,"column":2},"end":{"line":3,"column":49}},"line":3}},"branchMap":{},"s":{"0":1,"1":28,"2":13},"f":{"0":28,"1":13},"b":{},"inputSourceMap":null,"_coverageSchema":"1a1c01bbd47fc00a2c39e90264f33305004495a9","hash":"7c11b16672cb77a161baafc4c5e23c1303f138ec"}
,"C:\\Users\\asuss\\OneDrive\\Desktop\\bolt\\backend\\src\\utils\\cookieSetter.js": {"path":"C:\\Users\\asuss\\OneDrive\\Desktop\\bolt\\backend\\src\\utils\\cookieSetter.js","statementMap":{"0":{"start":{"line":1,"column":28},"end":{"line":3,"column":1}},"1":{"start":{"line":5,"column":2},"end":{"line":14,"column":4}},"2":{"start":{"line":7,"column":6},"end":{"line":12,"column":9}}},"fnMap":{"0":{"name":"setCookie","decl":{"start":{"line":4,"column":16},"end":{"line":4,"column":25}},"loc":{"start":{"line":4,"column":31},"end":{"line":15,"column":1}},"line":4},"1":{"name":"(anonymous_1)","decl":{"start":{"line":6,"column":20},"end":{"line":6,"column":21}},"loc":{"start":{"line":6,"column":43},"end":{"line":13,"column":5}},"line":6}},"branchMap":{},"s":{"0":1,"1":7,"2":7},"f":{"0":7,"1":7},"b":{},"inputSourceMap":null,"_coverageSchema":"1a1c01bbd47fc00a2c39e90264f33305004495a9","hash":"98d9dfa03cb1d8690d3817ab916ea9c1e5f6dd88"}
,"C:\\Users\\asuss\\OneDrive\\Desktop\\bolt\\backend\\src\\utils\\emailTemplates.js": {"path":"C:\\Users\\asuss\\OneDrive\\Desktop\\bolt\\backend\\src\\utils\\emailTemplates.js","statementMap":{"0":{"start":{"line":1,"column":37},"end":{"line":35,"column":1}},"1":{"start":{"line":2,"column":2},"end":{"line":34,"column":6}},"2":{"start":{"line":38,"column":2},"end":{"line":46,"column":4}}},"fnMap":{"0":{"name":"(anonymous_0)","decl":{"start":{"line":1,"column":37},"end":{"line":1,"column":38}},"loc":{"start":{"line":1,"column":52},"end":{"line":35,"column":1}},"line":1},"1":{"name":"getFriendRequestEmail","decl":{"start":{"line":37,"column":16},"end":{"line":37,"column":37}},"loc":{"start":{"line":37,"column":50},"end":{"line":47,"column":1}},"line":37}},"branchMap":{},"s":{"0":1,"1":0,"2":0},"f":{"0":0,"1":0},"b":{},"inputSourceMap":null,"_coverageSchema":"1a1c01bbd47fc00a2c39e90264f33305004495a9","hash":"66f19fdde1541e85f37f63c29c11ae5296965674"}
,"C:\\Users\\asuss\\OneDrive\\Desktop\\bolt\\backend\\src\\utils\\logger.js": {"path":"C:\\Users\\asuss\\OneDrive\\Desktop\\bolt\\backend\\src\\utils\\logger.js","statementMap":{"0":{"start":{"line":6,"column":2},"end":{"line":6,"column":53}},"1":{"start":{"line":10,"column":16},"end":{"line":10,"column":33}},"2":{"start":{"line":11,"column":21},"end":{"line":11,"column":38}},"3":{"start":{"line":12,"column":16},"end":{"line":12,"column":48}},"4":{"start":{"line":13,"column":23},"end":{"line":13,"column":59}},"5":{"start":{"line":14,"column":2},"end":{"line":14,"column":29}},"6":{"start":{"line":18,"column":2},"end":{"line":26,"column":5}},"7":{"start":{"line":30,"column":2},"end":{"line":36,"column":4}},"8":{"start":{"line":40,"column":2},"end":{"line":48,"column":4}},"9":{"start":{"line":52,"column":2},"end":{"line":60,"column":4}},"10":{"start":{"line":64,"column":2},"end":{"line":70,"column":4}}},"fnMap":{"0":{"name":"getFilename","decl":{"start":{"line":5,"column":9},"end":{"line":5,"column":20}},"loc":{"start":{"line":5,"column":36},"end":{"line":7,"column":1}},"line":5},"1":{"name":"getFunctionNameAndSignature","decl":{"start":{"line":9,"column":9},"end":{"line":9,"column":36}},"loc":{"start":{"line":9,"column":39},"end":{"line":15,"column":1}},"line":9},"2":{"name":"getFormattedTimestamp","decl":{"start":{"line":17,"column":9},"end":{"line":17,"column":30}},"loc":{"start":{"line":17,"column":33},"end":{"line":27,"column":1}},"line":17},"3":{"name":"logError","decl":{"start":{"line":29,"column":16},"end":{"line":29,"column":24}},"loc":{"start":{"line":29,"column":54},"end":{"line":37,"column":1}},"line":29},"4":{"name":"logWarning","decl":{"start":{"line":39,"column":16},"end":{"line":39,"column":26}},"loc":{"start":{"line":39,"column":58},"end":{"line":49,"column":1}},"line":39},"5":{"name":"logSuccess","decl":{"start":{"line":51,"column":16},"end":{"line":51,"column":26}},"loc":{"start":{"line":51,"column":58},"end":{"line":61,"column":1}},"line":51},"6":{"name":"logInfo","decl":{"start":{"line":63,"column":16},"end":{"line":63,"column":23}},"loc":{"start":{"line":63,"column":52},"end":{"line":71,"column":1}},"line":63}},"branchMap":{"0":{"loc":{"start":{"line":13,"column":23},"end":{"line":13,"column":59}},"type":"cond-expr","locations":[{"start":{"line":13,"column":31},"end":{"line":13,"column":39}},{"start":{"line":13,"column":42},"end":{"line":13,"column":59}}],"line":13}},"s":{"0":25,"1":25,"2":25,"3":25,"4":25,"5":25,"6":25,"7":2,"8":0,"9":9,"10":14},"f":{"0":25,"1":25,"2":25,"3":2,"4":0,"5":9,"6":14},"b":{"0":[25,0]},"inputSourceMap":null,"_coverageSchema":"1a1c01bbd47fc00a2c39e90264f33305004495a9","hash":"4fcacc19fff1bb9eed96af595d925ad034546762"}
,"C:\\Users\\asuss\\OneDrive\\Desktop\\bolt\\backend\\src\\utils\\progressLogger.js": {"path":"C:\\Users\\asuss\\OneDrive\\Desktop\\bolt\\backend\\src\\utils\\progressLogger.js","statementMap":{"0":{"start":{"line":6,"column":14},"end":{"line":13,"column":4}},"1":{"start":{"line":15,"column":2},"end":{"line":15,"column":25}},"2":{"start":{"line":17,"column":2},"end":{"line":20,"column":4}},"3":{"start":{"line":18,"column":31},"end":{"line":18,"column":56}},"4":{"start":{"line":19,"column":16},"end":{"line":19,"column":26}}},"fnMap":{"0":{"name":"createUploadProgressLogger","decl":{"start":{"line":5,"column":16},"end":{"line":5,"column":42}},"loc":{"start":{"line":5,"column":53},"end":{"line":21,"column":1}},"line":5},"1":{"name":"(anonymous_1)","decl":{"start":{"line":18,"column":12},"end":{"line":18,"column":13}},"loc":{"start":{"line":18,"column":31},"end":{"line":18,"column":56}},"line":18},"2":{"name":"(anonymous_2)","decl":{"start":{"line":19,"column":10},"end":{"line":19,"column":11}},"loc":{"start":{"line":19,"column":16},"end":{"line":19,"column":26}},"line":19}},"branchMap":{},"s":{"0":0,"1":0,"2":0,"3":0,"4":0},"f":{"0":0,"1":0,"2":0},"b":{},"inputSourceMap":null,"_coverageSchema":"1a1c01bbd47fc00a2c39e90264f33305004495a9","hash":"93b130cb7677dfa928ca8835a6790b08cb85742e"}
,"C:\\Users\\asuss\\OneDrive\\Desktop\\bolt\\backend\\src\\utils\\response.js": {"path":"C:\\Users\\asuss\\OneDrive\\Desktop\\bolt\\backend\\src\\utils\\response.js","statementMap":{"0":{"start":{"line":4,"column":2},"end":{"line":17,"column":3}},"1":{"start":{"line":6,"column":6},"end":{"line":6,"column":43}},"2":{"start":{"line":7,"column":6},"end":{"line":7,"column":12}},"3":{"start":{"line":10,"column":6},"end":{"line":10,"column":41}},"4":{"start":{"line":11,"column":6},"end":{"line":11,"column":31}},"5":{"start":{"line":12,"column":6},"end":{"line":12,"column":12}},"6":{"start":{"line":15,"column":6},"end":{"line":15,"column":67}},"7":{"start":{"line":16,"column":6},"end":{"line":16,"column":12}},"8":{"start":{"line":19,"column":2},"end":{"line":25,"column":5}}},"fnMap":{"0":{"name":"sendResponse","decl":{"start":{"line":3,"column":16},"end":{"line":3,"column":28}},"loc":{"start":{"line":3,"column":77},"end":{"line":26,"column":1}},"line":3}},"branchMap":{"0":{"loc":{"start":{"line":3,"column":61},"end":{"line":3,"column":75}},"type":"default-arg","locations":[{"start":{"line":3,"column":71},"end":{"line":3,"column":75}}],"line":3},"1":{"loc":{"start":{"line":4,"column":2},"end":{"line":17,"column":3}},"type":"switch","locations":[{"start":{"line":5,"column":4},"end":{"line":7,"column":12}},{"start":{"line":9,"column":4},"end":{"line":12,"column":12}},{"start":{"line":14,"column":4},"end":{"line":16,"column":12}}],"line":4},"2":{"loc":{"start":{"line":9,"column":19},"end":{"line":9,"column":36}},"type":"binary-expr","locations":[{"start":{"line":9,"column":19},"end":{"line":9,"column":26}},{"start":{"line":9,"column":30},"end":{"line":9,"column":36}}],"line":9},"3":{"loc":{"start":{"line":15,"column":34},"end":{"line":15,"column":65}},"type":"binary-expr","locations":[{"start":{"line":15,"column":34},"end":{"line":15,"column":41}},{"start":{"line":15,"column":45},"end":{"line":15,"column":65}}],"line":15},"4":{"loc":{"start":{"line":20,"column":10},"end":{"line":20,"column":59}},"type":"binary-expr","locations":[{"start":{"line":20,"column":10},"end":{"line":20,"column":14}},{"start":{"line":20,"column":19},"end":{"line":20,"column":58}}],"line":20},"5":{"loc":{"start":{"line":20,"column":19},"end":{"line":20,"column":58}},"type":"cond-expr","locations":[{"start":{"line":20,"column":39},"end":{"line":20,"column":46}},{"start":{"line":20,"column":49},"end":{"line":20,"column":58}}],"line":20},"6":{"loc":{"start":{"line":22,"column":6},"end":{"line":23,"column":77}},"type":"binary-expr","locations":[{"start":{"line":22,"column":6},"end":{"line":22,"column":13}},{"start":{"line":23,"column":7},"end":{"line":23,"column":76}}],"line":22},"7":{"loc":{"start":{"line":23,"column":7},"end":{"line":23,"column":76}},"type":"cond-expr","locations":[{"start":{"line":23,"column":27},"end":{"line":23,"column":49}},{"start":{"line":23,"column":52},"end":{"line":23,"column":76}}],"line":23},"8":{"loc":{"start":{"line":24,"column":13},"end":{"line":24,"column":28}},"type":"binary-expr","locations":[{"start":{"line":24,"column":13},"end":{"line":24,"column":20}},{"start":{"line":24,"column":24},"end":{"line":24,"column":28}}],"line":24}},"s":{"0":10,"1":9,"2":9,"3":1,"4":1,"5":0,"6":0,"7":0,"8":9},"f":{"0":10},"b":{"0":[1],"1":[9,1,0],"2":[1,0],"3":[0,0],"4":[9,0],"5":[0,0],"6":[9,0],"7":[0,0],"8":[9,1]},"inputSourceMap":null,"_coverageSchema":"1a1c01bbd47fc00a2c39e90264f33305004495a9","hash":"5e2f9693582bef55573c15960fca4163ba289e5f"}
,"C:\\Users\\asuss\\OneDrive\\Desktop\\bolt\\backend\\src\\utils\\tokenGenerator.js": {"path":"C:\\Users\\asuss\\OneDrive\\Desktop\\bolt\\backend\\src\\utils\\tokenGenerator.js","statementMap":{"0":{"start":{"line":3,"column":0},"end":{"line":3,"column":16}},"1":{"start":{"line":5,"column":28},"end":{"line":5,"column":59}},"2":{"start":{"line":8,"column":2},"end":{"line":8,"column":72}},"3":{"start":{"line":13,"column":2},"end":{"line":15,"column":4}}},"fnMap":{"0":{"name":"generateAccessToken","decl":{"start":{"line":7,"column":16},"end":{"line":7,"column":35}},"loc":{"start":{"line":7,"column":44},"end":{"line":9,"column":1}},"line":7},"1":{"name":"generateTokens","decl":{"start":{"line":12,"column":16},"end":{"line":12,"column":30}},"loc":{"start":{"line":12,"column":39},"end":{"line":16,"column":1}},"line":12}},"branchMap":{},"s":{"0":1,"1":1,"2":7,"3":7},"f":{"0":7,"1":7},"b":{},"inputSourceMap":null,"_coverageSchema":"1a1c01bbd47fc00a2c39e90264f33305004495a9","hash":"fbbebdada76323de7e7d39016f5baa0781f7600f"}
}
