TN:
SF:src\modules\auth\constants.js
FNF:0
FNH:0
DA:1,1
DA:11,1
DA:17,1
DA:19,1
DA:29,1
DA:35,1
DA:101,1
LF:7
LH:7
BRF:0
BRH:0
end_of_record
TN:
SF:src\modules\auth\user.controller.js
FN:12,signup
FN:80,login
FN:132,logout
FN:156,getMe
FNF:4
FNH:4
FNDA:2,signup
FNDA:2,login
FNDA:1,logout
FNDA:1,getMe
DA:13,2
DA:15,2
DA:16,2
DA:18,2
DA:19,0
DA:24,2
DA:27,2
DA:28,1
DA:32,1
DA:40,1
DA:41,1
DA:43,1
DA:48,1
DA:62,1
DA:68,1
DA:72,1
DA:81,2
DA:82,2
DA:83,2
DA:85,2
DA:87,2
DA:88,2
DA:91,0
DA:92,0
DA:94,0
DA:99,0
DA:114,2
DA:120,2
DA:124,2
DA:133,1
DA:134,1
DA:135,1
DA:136,1
DA:138,1
DA:144,0
DA:148,0
DA:157,1
DA:158,1
DA:159,1
DA:164,1
DA:170,0
DA:174,0
LF:42
LH:33
BRDA:18,0,0,0
BRDA:18,0,1,2
BRDA:18,1,0,2
BRDA:18,1,1,2
BRDA:18,1,2,2
BRDA:27,2,0,1
BRDA:27,2,1,1
BRDA:37,3,0,0
BRDA:37,3,1,1
BRDA:68,4,0,1
BRDA:68,4,1,0
BRDA:68,5,0,1
BRDA:68,5,1,1
BRDA:74,6,0,1
BRDA:74,6,1,0
BRDA:87,7,0,2
BRDA:87,7,1,0
BRDA:87,8,0,2
BRDA:87,8,1,2
BRDA:87,8,2,0
BRDA:120,9,0,2
BRDA:120,9,1,0
BRDA:120,10,0,2
BRDA:120,10,1,2
BRDA:126,11,0,2
BRDA:126,11,1,0
BRDA:150,12,0,0
BRDA:150,12,1,0
BRDA:176,13,0,0
BRDA:176,13,1,0
BRF:30
BRH:18
end_of_record
TN:
SF:src\utils\cookieSetter.js
FN:4,setCookie
FN:6,(anonymous_1)
FNF:2
FNH:2
FNDA:1,setCookie
FNDA:1,(anonymous_1)
DA:1,1
DA:5,1
DA:7,1
LF:3
LH:3
BRF:0
BRH:0
end_of_record
TN:
SF:src\utils\logger.js
FN:4,getFilename
FN:8,getFunctionNameAndSignature
FN:19,getFormattedTimestamp
FN:31,logError
FN:39,logWarning
FN:47,logSuccess
FN:55,logInfo
FNF:7
FNH:6
FNDA:12,getFilename
FNDA:12,getFunctionNameAndSignature
FNDA:12,getFormattedTimestamp
FNDA:3,logError
FNDA:0,logWarning
FNDA:3,logSuccess
FNDA:6,logInfo
DA:5,12
DA:9,12
DA:10,12
DA:13,12
DA:14,12
DA:16,12
DA:20,12
DA:32,3
DA:40,0
DA:48,3
DA:56,6
LF:11
LH:10
BRDA:14,0,0,12
BRDA:14,0,1,0
BRF:2
BRH:1
end_of_record
TN:
SF:src\utils\tokenGenerator.js
FN:7,generateAccessToken
FN:12,generateTokens
FNF:2
FNH:2
FNDA:1,generateAccessToken
FNDA:1,generateTokens
DA:3,1
DA:5,1
DA:8,1
DA:13,1
LF:4
LH:4
BRF:0
BRH:0
end_of_record
