TN:
SF:src\app.js
FN:28,(anonymous_0)
FN:29,(anonymous_1)
FN:47,(anonymous_2)
FN:48,(anonymous_3)
FN:65,(anonymous_4)
FN:81,(anonymous_5)
FN:91,getSocketId
FN:95,(anonymous_7)
FN:118,(anonymous_8)
FN:135,(anonymous_9)
FN:144,(anonymous_10)
FN:152,(anonymous_11)
FN:155,(anonymous_12)
FN:185,(anonymous_13)
FN:189,(anonymous_14)
FN:201,(anonymous_15)
FN:214,getSocket
FNF:17
FNH:2
FNDA:0,(anonymous_0)
FNDA:0,(anonymous_1)
FNDA:10,(anonymous_2)
FNDA:0,(anonymous_3)
FNDA:7,(anonymous_4)
FNDA:0,(anonymous_5)
FNDA:0,getSocketId
FNDA:0,(anonymous_7)
FNDA:0,(anonymous_8)
FNDA:0,(anonymous_9)
FNDA:0,(anonymous_10)
FNDA:0,(anonymous_11)
FNDA:0,(anonymous_12)
FNDA:0,(anonymous_13)
FNDA:0,(anonymous_14)
FNDA:0,(anonymous_15)
FNDA:0,getSocket
DA:16,1
DA:18,1
DA:20,1
DA:26,1
DA:29,0
DA:30,0
DA:33,0
DA:35,0
DA:43,1
DA:45,1
DA:48,10
DA:49,0
DA:52,10
DA:54,0
DA:62,1
DA:66,7
DA:67,7
DA:68,0
DA:73,1
DA:75,1
DA:76,1
DA:77,1
DA:79,1
DA:81,1
DA:83,0
DA:90,1
DA:92,0
DA:95,1
DA:96,0
DA:97,0
DA:98,0
DA:99,0
DA:100,0
DA:104,0
DA:105,0
DA:106,0
DA:112,0
DA:114,0
DA:116,0
DA:119,0
DA:120,0
DA:128,0
DA:132,0
DA:135,0
DA:136,0
DA:137,0
DA:144,0
DA:146,0
DA:147,0
DA:148,0
DA:149,0
DA:152,0
DA:153,0
DA:154,0
DA:155,0
DA:157,0
DA:162,0
DA:168,0
DA:174,0
DA:177,0
DA:185,0
DA:186,0
DA:188,0
DA:189,0
DA:192,0
DA:194,0
DA:196,0
DA:197,0
DA:199,0
DA:202,0
DA:206,0
DA:215,0
LF:72
LH:19
BRDA:29,0,0,0
BRDA:29,0,1,0
BRDA:29,1,0,0
BRDA:29,1,1,0
BRDA:30,2,0,0
BRDA:30,2,1,0
BRDA:48,3,0,10
BRDA:48,3,1,0
BRDA:48,4,0,10
BRDA:48,4,1,0
BRDA:49,5,0,0
BRDA:49,5,1,0
BRDA:67,6,0,0
BRDA:67,6,1,7
BRDA:98,7,0,0
BRDA:98,7,1,0
BRDA:105,8,0,0
BRDA:105,8,1,0
BRDA:105,9,0,0
BRDA:105,9,1,0
BRDA:112,10,0,0
BRDA:112,10,1,0
BRDA:147,11,0,0
BRDA:147,11,1,0
BRDA:147,12,0,0
BRDA:147,12,1,0
BRDA:196,13,0,0
BRDA:196,13,1,0
BRF:28
BRH:3
end_of_record
TN:
SF:src\config\cloudinary.js
FNF:0
FNH:0
DA:3,1
DA:5,1
LF:2
LH:2
BRF:0
BRH:0
end_of_record
TN:
SF:src\config\multer.js
FNF:0
FNH:0
DA:3,1
DA:4,1
LF:2
LH:2
BRF:0
BRH:0
end_of_record
TN:
SF:src\constants\script.js
FNF:0
FNH:0
DA:1,1
DA:11,1
LF:2
LH:2
BRF:0
BRH:0
end_of_record
TN:
SF:src\middleware\errorHandler.js
FN:5,errorHandler
FN:30,(anonymous_1)
FNF:2
FNH:1
FNDA:1,errorHandler
FNDA:0,(anonymous_1)
DA:6,1
DA:8,1
DA:9,1
DA:11,1
DA:12,1
DA:13,1
DA:15,1
DA:17,1
DA:18,1
DA:21,0
DA:22,0
DA:23,0
DA:26,0
DA:27,0
DA:30,0
DA:33,0
DA:36,0
DA:37,0
DA:38,0
DA:41,0
DA:42,0
DA:43,0
DA:46,0
DA:47,0
DA:48,0
DA:51,0
DA:52,0
DA:53,0
DA:56,0
DA:57,0
DA:58,0
DA:61,0
DA:64,0
DA:67,1
LF:34
LH:10
BRDA:11,0,0,1
BRDA:11,0,1,1
BRDA:12,1,0,1
BRDA:12,1,1,0
BRDA:13,2,0,1
BRDA:13,2,1,0
BRDA:15,3,0,1
BRDA:15,3,1,0
BRDA:15,3,2,0
BRDA:15,3,3,0
BRDA:15,3,4,0
BRDA:15,3,5,0
BRDA:15,3,6,0
BRDA:15,3,7,0
BRDA:15,3,8,0
BRDA:22,4,0,0
BRDA:22,4,1,0
BRDA:28,5,0,0
BRDA:28,5,1,0
BRDA:28,5,2,0
BRDA:29,6,0,0
BRDA:29,6,1,0
BRDA:37,7,0,0
BRDA:37,7,1,0
BRDA:42,8,0,0
BRDA:42,8,1,0
BRDA:45,9,0,0
BRDA:45,9,1,0
BRDA:47,10,0,0
BRDA:47,10,1,0
BRDA:52,11,0,0
BRDA:52,11,1,0
BRDA:57,12,0,0
BRDA:57,12,1,0
BRDA:59,13,0,0
BRDA:59,13,1,0
BRF:36
BRH:5
end_of_record
TN:
SF:src\middleware\socketInjection.js
FN:1,injectIO
FN:2,(anonymous_1)
FNF:2
FNH:2
FNDA:1,injectIO
FNDA:10,(anonymous_1)
DA:2,1
DA:3,10
DA:4,10
LF:3
LH:3
BRF:0
BRH:0
end_of_record
TN:
SF:src\modules\auth\controllers\forgotPassword.js
FN:10,forgotPassword
FNF:1
FNH:0
FNDA:0,forgotPassword
DA:8,1
DA:11,0
DA:13,0
DA:15,0
DA:16,0
DA:19,0
DA:21,0
DA:23,0
DA:24,0
DA:27,0
DA:28,0
DA:30,0
DA:31,0
DA:33,0
DA:35,0
DA:37,0
DA:39,0
LF:17
LH:1
BRDA:15,0,0,0
BRDA:15,0,1,0
BRDA:23,1,0,0
BRDA:23,1,1,0
BRF:4
BRH:0
end_of_record
TN:
SF:src\modules\auth\controllers\login.js
FN:8,login
FNF:1
FNH:1
FNDA:3,login
DA:9,3
DA:11,3
DA:13,3
DA:17,3
DA:18,0
DA:21,3
DA:22,3
DA:24,3
DA:25,3
DA:27,3
LF:10
LH:9
BRDA:17,0,0,0
BRDA:17,0,1,3
BRDA:17,1,0,3
BRDA:17,1,1,3
BRDA:17,1,2,3
BRF:5
BRH:4
end_of_record
TN:
SF:src\modules\auth\controllers\logout.js
FN:6,logout
FNF:1
FNH:1
FNDA:1,logout
DA:7,1
DA:9,1
DA:11,1
LF:3
LH:3
BRF:0
BRH:0
end_of_record
TN:
SF:src\modules\auth\controllers\resetPassword.js
FN:8,(anonymous_0)
FNF:1
FNH:0
FNDA:0,(anonymous_0)
DA:6,1
DA:8,1
DA:9,0
DA:11,0
DA:13,0
DA:14,0
DA:17,0
DA:18,0
DA:20,0
DA:22,0
DA:23,0
DA:26,0
DA:31,0
DA:34,0
DA:35,0
DA:36,0
DA:38,0
DA:40,0
LF:18
LH:2
BRDA:13,0,0,0
BRDA:13,0,1,0
BRDA:13,1,0,0
BRDA:13,1,1,0
BRDA:13,1,2,0
BRDA:22,2,0,0
BRDA:22,2,1,0
BRDA:26,3,0,0
BRDA:26,3,1,0
BRDA:27,4,0,0
BRDA:27,4,1,0
BRDA:27,4,2,0
BRF:12
BRH:0
end_of_record
TN:
SF:src\modules\auth\controllers\signup.js
FN:8,signup
FNF:1
FNH:1
FNDA:4,signup
DA:9,4
DA:11,4
DA:12,4
DA:13,0
DA:16,4
DA:19,4
DA:20,0
DA:23,4
DA:31,4
DA:32,4
DA:35,4
DA:36,4
DA:38,4
LF:13
LH:11
BRDA:12,0,0,0
BRDA:12,0,1,4
BRDA:12,1,0,4
BRDA:12,1,1,4
BRDA:19,2,0,0
BRDA:19,2,1,4
BRDA:28,3,0,0
BRDA:28,3,1,4
BRF:8
BRH:5
end_of_record
TN:
SF:src\modules\auth\middleware\isAuthenticated.js
FN:9,(anonymous_0)
FNF:1
FNH:1
FNDA:3,(anonymous_0)
DA:9,1
DA:10,3
DA:12,3
DA:14,3
DA:15,1
DA:23,2
DA:24,2
DA:26,2
DA:27,0
DA:35,2
DA:36,2
DA:37,2
LF:12
LH:11
BRDA:14,0,0,1
BRDA:14,0,1,2
BRDA:26,1,0,0
BRDA:26,1,1,2
BRF:4
BRH:3
end_of_record
TN:
SF:src\modules\auth\routes\index.js
FN:45,(anonymous_0)
FNF:1
FNH:1
FNDA:5,(anonymous_0)
DA:10,1
DA:12,1
DA:45,1
DA:46,5
LF:4
LH:4
BRF:0
BRH:0
end_of_record
TN:
SF:src\modules\chat\controllers\createMessage.js
FN:6,(anonymous_0)
FNF:1
FNH:0
FNDA:0,(anonymous_0)
DA:6,1
DA:7,0
DA:9,0
DA:10,0
DA:12,0
DA:13,0
DA:16,0
DA:18,0
LF:8
LH:1
BRDA:12,0,0,0
BRDA:12,0,1,0
BRDA:12,1,0,0
BRDA:12,1,1,0
BRDA:12,1,2,0
BRDA:12,1,3,0
BRF:6
BRH:0
end_of_record
TN:
SF:src\modules\chat\controllers\deleteMessage.js
FN:6,(anonymous_0)
FNF:1
FNH:0
FNDA:0,(anonymous_0)
DA:6,1
DA:7,0
DA:9,0
DA:11,0
DA:13,0
DA:14,0
DA:17,0
LF:7
LH:1
BRDA:13,0,0,0
BRDA:13,0,1,0
BRF:2
BRH:0
end_of_record
TN:
SF:src\modules\chat\controllers\getMessage.js
FN:6,(anonymous_0)
FNF:1
FNH:0
FNDA:0,(anonymous_0)
DA:6,1
DA:7,0
DA:9,0
DA:11,0
DA:13,0
DA:14,0
DA:17,0
LF:7
LH:1
BRDA:13,0,0,0
BRDA:13,0,1,0
BRF:2
BRH:0
end_of_record
TN:
SF:src\modules\chat\controllers\getMessages.js
FN:6,(anonymous_0)
FNF:1
FNH:0
FNDA:0,(anonymous_0)
DA:6,1
DA:7,0
DA:9,0
DA:10,0
DA:12,0
DA:13,0
DA:16,0
DA:23,0
LF:8
LH:1
BRDA:12,0,0,0
BRDA:12,0,1,0
BRDA:12,1,0,0
BRDA:12,1,1,0
BRF:4
BRH:0
end_of_record
TN:
SF:src\modules\chat\controllers\markMessagesAsRead.js
FN:7,(anonymous_0)
FNF:1
FNH:0
FNDA:0,(anonymous_0)
DA:7,1
DA:8,0
DA:10,0
DA:11,0
DA:14,0
DA:20,0
DA:21,0
DA:31,0
DA:32,0
DA:33,0
DA:36,0
DA:37,0
DA:38,0
DA:41,0
DA:43,0
LF:15
LH:1
BRDA:20,0,0,0
BRDA:20,0,1,0
BRDA:32,1,0,0
BRDA:32,1,1,0
BRDA:37,2,0,0
BRDA:37,2,1,0
BRF:6
BRH:0
end_of_record
TN:
SF:src\modules\chat\controllers\updateMessage.js
FN:6,(anonymous_0)
FNF:1
FNH:0
FNDA:0,(anonymous_0)
DA:6,1
DA:7,0
DA:9,0
DA:10,0
DA:12,0
DA:18,0
DA:19,0
DA:22,0
LF:8
LH:1
BRDA:18,0,0,0
BRDA:18,0,1,0
BRF:2
BRH:0
end_of_record
TN:
SF:src\modules\chat\models\message.js
FNF:0
FNH:0
DA:3,1
DA:34,1
LF:2
LH:2
BRF:0
BRH:0
end_of_record
TN:
SF:src\modules\chat\routes\index.js
FN:25,(anonymous_0)
FNF:1
FNH:1
FNDA:6,(anonymous_0)
DA:12,1
DA:15,1
DA:25,1
DA:26,6
LF:4
LH:4
BRF:0
BRH:0
end_of_record
TN:
SF:src\modules\user\constants.js
FNF:0
FNH:0
DA:1,1
DA:18,1
LF:2
LH:2
BRF:0
BRH:0
end_of_record
TN:
SF:src\modules\user\controllers\deleteMe.js
FN:7,(anonymous_0)
FNF:1
FNH:0
FNDA:0,(anonymous_0)
DA:7,1
DA:8,0
DA:10,0
DA:12,0
DA:14,0
DA:15,0
DA:16,0
DA:17,0
DA:20,0
LF:9
LH:1
BRDA:14,0,0,0
BRDA:14,0,1,0
BRF:2
BRH:0
end_of_record
TN:
SF:src\modules\user\controllers\getAllUsers.js
FN:8,(anonymous_0)
FNF:1
FNH:0
FNDA:0,(anonymous_0)
DA:8,1
DA:9,0
DA:11,0
DA:15,0
LF:4
LH:1
BRF:0
BRH:0
end_of_record
TN:
SF:src\modules\user\controllers\getMe.js
FN:7,(anonymous_0)
FNF:1
FNH:1
FNDA:1,(anonymous_0)
DA:7,1
DA:8,1
DA:10,1
LF:3
LH:3
BRF:0
BRH:0
end_of_record
TN:
SF:src\modules\user\controllers\getProfile.js
FN:10,(anonymous_0)
FNF:1
FNH:0
FNDA:0,(anonymous_0)
DA:10,1
DA:11,0
DA:12,0
DA:14,0
DA:15,0
DA:18,0
DA:19,0
DA:22,0
DA:24,0
DA:25,0
DA:28,0
LF:11
LH:1
BRDA:14,0,0,0
BRDA:14,0,1,0
BRDA:18,1,0,0
BRDA:18,1,1,0
BRDA:24,2,0,0
BRDA:24,2,1,0
BRF:6
BRH:0
end_of_record
TN:
SF:src\modules\user\controllers\search.js
FN:6,(anonymous_0)
FNF:1
FNH:0
FNDA:0,(anonymous_0)
DA:6,1
DA:13,0
DA:15,0
DA:17,0
DA:22,0
LF:5
LH:1
BRDA:9,0,0,0
BRDA:19,1,0,0
BRDA:19,1,1,0
BRDA:20,2,0,0
BRDA:20,2,1,0
BRF:5
BRH:0
end_of_record
TN:
SF:src\modules\user\controllers\updateMe.js
FN:9,updateMe
FNF:1
FNH:0
FNDA:0,updateMe
DA:10,0
DA:12,0
DA:13,0
DA:14,0
DA:16,0
DA:18,0
DA:19,0
DA:21,0
DA:22,0
DA:25,0
DA:26,0
DA:29,0
DA:35,0
LF:13
LH:0
BRDA:18,0,0,0
BRDA:18,0,1,0
BRDA:19,1,0,0
BRDA:19,1,1,0
BRDA:21,2,0,0
BRDA:21,2,1,0
BRF:6
BRH:0
end_of_record
TN:
SF:src\modules\user\models\user.js
FN:79,(anonymous_0)
FN:100,(anonymous_1)
FN:115,(anonymous_2)
FNF:3
FNH:3
FNDA:4,(anonymous_0)
FNDA:4,(anonymous_1)
FNDA:3,(anonymous_2)
DA:7,1
DA:9,1
DA:79,1
DA:80,4
DA:81,4
DA:82,4
DA:83,4
DA:86,4
DA:88,4
DA:89,4
DA:92,4
DA:94,0
DA:95,0
DA:100,1
DA:101,4
DA:102,4
DA:104,4
DA:105,4
DA:107,4
DA:109,0
DA:110,0
DA:115,1
DA:116,3
DA:119,1
LF:24
LH:20
BRDA:80,0,0,0
BRDA:80,0,1,4
BRDA:86,1,0,4
BRDA:86,1,1,0
BRDA:104,2,0,4
BRDA:104,2,1,0
BRDA:119,3,0,1
BRDA:119,3,1,1
BRF:8
BRH:5
end_of_record
TN:
SF:src\modules\user\models\userSetting.js
FNF:0
FNH:0
DA:3,1
DA:25,1
LF:2
LH:2
BRF:0
BRH:0
end_of_record
TN:
SF:src\modules\user\routes\index.js
FN:101,(anonymous_0)
FNF:1
FNH:1
FNDA:12,(anonymous_0)
DA:20,1
DA:22,1
DA:101,1
DA:102,12
LF:4
LH:4
BRF:0
BRH:0
end_of_record
TN:
SF:src\modules\user\user_relation\acceptFriendRequest.js
FN:7,acceptFriendRequest
FN:34,(anonymous_1)
FN:37,(anonymous_2)
FNF:3
FNH:0
FNDA:0,acceptFriendRequest
FNDA:0,(anonymous_1)
FNDA:0,(anonymous_2)
DA:8,0
DA:10,0
DA:11,0
DA:13,0
DA:14,0
DA:16,0
DA:18,0
DA:25,0
DA:33,0
DA:34,0
DA:36,0
DA:37,0
DA:41,0
DA:42,0
DA:44,0
DA:45,0
DA:47,0
DA:48,0
DA:49,0
DA:50,0
DA:53,0
DA:57,0
LF:22
LH:0
BRDA:16,0,0,0
BRDA:16,0,1,0
BRDA:16,0,2,0
BRF:3
BRH:0
end_of_record
TN:
SF:src\modules\user\user_relation\rejectFriendRequest.js
FN:7,rejectFriendRequest
FN:34,(anonymous_1)
FN:37,(anonymous_2)
FNF:3
FNH:0
FNDA:0,rejectFriendRequest
FNDA:0,(anonymous_1)
FNDA:0,(anonymous_2)
DA:8,0
DA:10,0
DA:11,0
DA:13,0
DA:14,0
DA:16,0
DA:18,0
DA:25,0
DA:33,0
DA:34,0
DA:36,0
DA:37,0
DA:40,0
DA:41,0
DA:43,0
DA:44,0
DA:45,0
DA:46,0
DA:49,0
DA:53,0
LF:20
LH:0
BRDA:16,0,0,0
BRDA:16,0,1,0
BRDA:16,0,2,0
BRF:3
BRH:0
end_of_record
TN:
SF:src\modules\user\user_relation\removeFriend.js
FN:7,removeFriend
FN:33,(anonymous_1)
FN:35,(anonymous_2)
FNF:3
FNH:0
FNDA:0,removeFriend
FNDA:0,(anonymous_1)
FNDA:0,(anonymous_2)
DA:8,0
DA:10,0
DA:11,0
DA:13,0
DA:14,0
DA:16,0
DA:18,0
DA:25,0
DA:33,0
DA:34,0
DA:35,0
DA:38,0
DA:39,0
DA:41,0
DA:42,0
DA:43,0
DA:44,0
DA:45,0
DA:47,0
LF:19
LH:0
BRDA:16,0,0,0
BRDA:16,0,1,0
BRDA:16,0,2,0
BRF:3
BRH:0
end_of_record
TN:
SF:src\modules\user\user_relation\sendFriendRequest.js
FN:7,sendFriendRequest
FNF:1
FNH:0
FNDA:0,sendFriendRequest
DA:8,0
DA:9,0
DA:10,0
DA:12,0
DA:13,0
DA:20,0
DA:21,0
DA:23,0
DA:25,0
DA:32,0
DA:39,0
DA:46,0
DA:53,0
DA:54,0
DA:55,0
DA:56,0
DA:58,0
DA:60,0
DA:61,0
DA:62,0
DA:65,0
DA:68,0
DA:72,0
LF:23
LH:0
BRDA:12,0,0,0
BRDA:12,0,1,0
BRDA:23,1,0,0
BRDA:23,1,1,0
BRDA:23,1,2,0
BRDA:23,1,3,0
BRDA:23,1,4,0
BRF:7
BRH:0
end_of_record
TN:
SF:src\modules\user\user_setting\getSetting.js
FN:6,getSettings
FNF:1
FNH:0
FNDA:0,getSettings
DA:7,0
DA:9,0
DA:10,0
DA:11,0
DA:13,0
DA:15,0
DA:16,0
DA:17,0
DA:20,0
DA:25,0
DA:31,0
DA:32,0
DA:34,0
DA:36,0
DA:37,0
DA:38,0
DA:41,0
DA:42,0
DA:45,0
DA:50,0
LF:20
LH:0
BRDA:15,0,0,0
BRDA:15,0,1,0
BRDA:34,1,0,0
BRDA:34,1,1,0
BRDA:41,2,0,0
BRDA:41,2,1,0
BRDA:47,3,0,0
BRDA:47,3,1,0
BRF:8
BRH:0
end_of_record
TN:
SF:src\modules\user\user_setting\updateSetting.js
FN:6,updateSettings
FNF:1
FNH:0
FNDA:0,updateSettings
DA:7,0
DA:9,0
DA:10,0
DA:11,0
DA:13,0
DA:14,0
DA:17,0
DA:26,0
DA:27,0
DA:28,0
DA:31,0
DA:36,0
DA:42,0
DA:43,0
DA:45,0
DA:47,0
DA:48,0
DA:49,0
DA:52,0
DA:53,0
DA:54,0
DA:57,0
DA:58,0
DA:61,0
DA:66,0
LF:25
LH:0
BRDA:13,0,0,0
BRDA:13,0,1,0
BRDA:13,1,0,0
BRDA:13,1,1,0
BRDA:20,2,0,0
BRDA:20,2,1,0
BRDA:21,3,0,0
BRDA:21,3,1,0
BRDA:26,4,0,0
BRDA:26,4,1,0
BRDA:45,5,0,0
BRDA:45,5,1,0
BRDA:45,5,2,0
BRDA:57,6,0,0
BRDA:57,6,1,0
BRDA:63,7,0,0
BRDA:63,7,1,0
BRF:17
BRH:0
end_of_record
TN:
SF:src\modules\user\utils\searchUsersFilter.js
FN:3,(anonymous_0)
FNF:1
FNH:0
FNDA:0,(anonymous_0)
DA:3,1
DA:9,0
DA:10,0
DA:16,0
DA:18,0
DA:20,0
DA:23,0
DA:25,0
DA:32,0
DA:35,0
DA:36,0
DA:37,0
DA:38,0
DA:40,0
DA:44,0
DA:45,0
DA:49,0
DA:50,0
DA:57,0
DA:58,0
DA:65,0
DA:69,0
DA:71,0
DA:72,0
LF:24
LH:1
BRDA:6,0,0,0
BRDA:7,1,0,0
BRDA:10,2,0,0
BRDA:10,2,1,0
BRDA:13,3,0,0
BRDA:14,4,0,0
BRDA:15,5,0,0
BRDA:23,6,0,0
BRDA:23,6,1,0
BRDA:35,7,0,0
BRDA:35,7,1,0
BRDA:37,8,0,0
BRDA:37,8,1,0
BRDA:44,9,0,0
BRDA:44,9,1,0
BRDA:44,10,0,0
BRDA:44,10,1,0
BRDA:49,11,0,0
BRDA:49,11,1,0
BRDA:49,12,0,0
BRDA:49,12,1,0
BRDA:51,13,0,0
BRDA:51,13,1,0
BRDA:57,14,0,0
BRDA:57,14,1,0
BRDA:59,15,0,0
BRDA:59,15,1,0
BRF:27
BRH:0
end_of_record
TN:
SF:src\services\mail.js
FN:15,sendEmail
FN:17,(anonymous_1)
FN:28,(anonymous_2)
FNF:3
FNH:0
FNDA:0,sendEmail
FNDA:0,(anonymous_1)
FNDA:0,(anonymous_2)
DA:5,1
DA:7,1
DA:16,0
DA:18,0
DA:25,0
DA:29,0
DA:36,0
LF:7
LH:2
BRF:0
BRH:0
end_of_record
TN:
SF:src\services\uploadToCloudinary.js
FN:4,uploadToCloudinary
FN:9,(anonymous_1)
FN:17,(anonymous_2)
FN:28,streamNextChunk
FNF:4
FNH:0
FNDA:0,uploadToCloudinary
FNDA:0,(anonymous_1)
FNDA:0,(anonymous_2)
FNDA:0,streamNextChunk
DA:9,0
DA:10,0
DA:12,0
DA:18,0
DA:19,0
DA:20,0
DA:25,0
DA:26,0
DA:29,0
DA:30,0
DA:31,0
DA:32,0
DA:33,0
DA:34,0
DA:35,0
DA:37,0
DA:41,0
LF:17
LH:0
BRDA:7,0,0,0
BRDA:19,1,0,0
BRDA:19,1,1,0
BRDA:29,2,0,0
BRDA:29,2,1,0
BRF:5
BRH:0
end_of_record
TN:
SF:src\utils\asyncHandler.js
FN:2,(anonymous_0)
FN:2,(anonymous_1)
FNF:2
FNH:2
FNDA:28,(anonymous_0)
FNDA:13,(anonymous_1)
DA:2,28
DA:3,13
LF:2
LH:2
BRF:0
BRH:0
end_of_record
TN:
SF:src\utils\cookieSetter.js
FN:4,setCookie
FN:6,(anonymous_1)
FNF:2
FNH:2
FNDA:7,setCookie
FNDA:7,(anonymous_1)
DA:1,1
DA:5,7
DA:7,7
LF:3
LH:3
BRF:0
BRH:0
end_of_record
TN:
SF:src\utils\emailTemplates.js
FN:1,(anonymous_0)
FN:37,getFriendRequestEmail
FNF:2
FNH:0
FNDA:0,(anonymous_0)
FNDA:0,getFriendRequestEmail
DA:1,1
DA:2,0
DA:38,0
LF:3
LH:1
BRF:0
BRH:0
end_of_record
TN:
SF:src\utils\logger.js
FN:5,getFilename
FN:9,getFunctionNameAndSignature
FN:17,getFormattedTimestamp
FN:29,logError
FN:39,logWarning
FN:51,logSuccess
FN:63,logInfo
FNF:7
FNH:6
FNDA:25,getFilename
FNDA:25,getFunctionNameAndSignature
FNDA:25,getFormattedTimestamp
FNDA:2,logError
FNDA:0,logWarning
FNDA:9,logSuccess
FNDA:14,logInfo
DA:6,25
DA:10,25
DA:11,25
DA:12,25
DA:13,25
DA:14,25
DA:18,25
DA:30,2
DA:40,0
DA:52,9
DA:64,14
LF:11
LH:10
BRDA:13,0,0,25
BRDA:13,0,1,0
BRF:2
BRH:1
end_of_record
TN:
SF:src\utils\progressLogger.js
FN:5,createUploadProgressLogger
FN:18,(anonymous_1)
FN:19,(anonymous_2)
FNF:3
FNH:0
FNDA:0,createUploadProgressLogger
FNDA:0,(anonymous_1)
FNDA:0,(anonymous_2)
DA:6,0
DA:15,0
DA:17,0
DA:18,0
DA:19,0
LF:5
LH:0
BRF:0
BRH:0
end_of_record
TN:
SF:src\utils\response.js
FN:3,sendResponse
FNF:1
FNH:1
FNDA:10,sendResponse
DA:4,10
DA:6,9
DA:7,9
DA:10,1
DA:11,1
DA:12,0
DA:15,0
DA:16,0
DA:19,9
LF:9
LH:6
BRDA:3,0,0,1
BRDA:4,1,0,9
BRDA:4,1,1,1
BRDA:4,1,2,0
BRDA:9,2,0,1
BRDA:9,2,1,0
BRDA:15,3,0,0
BRDA:15,3,1,0
BRDA:20,4,0,9
BRDA:20,4,1,0
BRDA:20,5,0,0
BRDA:20,5,1,0
BRDA:22,6,0,9
BRDA:22,6,1,0
BRDA:23,7,0,0
BRDA:23,7,1,0
BRDA:24,8,0,9
BRDA:24,8,1,1
BRF:18
BRH:8
end_of_record
TN:
SF:src\utils\tokenGenerator.js
FN:7,generateAccessToken
FN:12,generateTokens
FNF:2
FNH:2
FNDA:7,generateAccessToken
FNDA:7,generateTokens
DA:3,1
DA:5,1
DA:8,7
DA:13,7
LF:4
LH:4
BRF:0
BRH:0
end_of_record
